Loading required package: xts
Loading required package: zoo

Attaching package: ‘zoo’

The following objects are masked from ‘package:base’:

    as.Date, as.Date.numeric


Attaching package: ‘xts’

The following objects are masked from ‘package:data.table’:

    first, last

Loading required package: TTR
Registered S3 method overwritten by 'quantmod':
  method            from
  as.zoo.data.frame zoo 
Loading required package: openssl

Attaching package: ‘PerformanceAnalytics’

The following object is masked from ‘package:graphics’:

    legend


Attaching package: ‘curl’

The following object is masked from ‘package:httr’:

    handle_reset

[1] "CURRENT BALANCE"
   currency      balance locked avg_buy_price avg_buy_price_modified
1:      KRW 7.472931e+06      0           0.0                   TRUE
2:      BTC 2.593216e-02      0    97704051.6                  FALSE
3:      TRX 3.400000e-07      0         175.2                  FALSE
   unit_currency
1:           KRW
2:           KRW
3:           KRW
[1] "CURRENT COIN PRICE"
    market ratio currency      balance  curvolume signal totalBalance symbol
1: KRW-BTC     0      BTC 2.365324e+06 0.02593216     -1      9838255    BTC
2: KRW-TRX     0      TRX 5.596400e-05 0.00000034     NA      9838255    TRX
   targetBalance
1:             0
2:             0
