[1] "2021-02-01 00:05:02 : Starting Script"
Loading required package: xts
Loading required package: zoo

Attaching package: ‘zoo’

The following objects are masked from ‘package:base’:

    as.Date, as.Date.numeric

Loading required package: TTR
Registered S3 method overwritten by 'quantmod':
  method            from
  as.zoo.data.frame zoo 
Version 0.4-0 included new data defaults. See ?getSymbols.
Loading required package: xml2

Attaching package: ‘readr’

The following object is masked from ‘package:rvest’:

    guess_encoding


Attaching package: ‘lubridate’

The following objects are masked from ‘package:base’:

    date, intersect, setdiff, union


Attaching package: ‘dplyr’

The following objects are masked from ‘package:xts’:

    first, last

The following objects are masked from ‘package:stats’:

    filter, lag

The following objects are masked from ‘package:base’:

    intersect, setdiff, setequal, union


Attaching package: ‘tidyr’

The following object is masked from ‘package:magrittr’:

    extract

corrplot 0.84 loaded
Highcharts (www.highcharts.com) is a Highsoft software product which is
not free for commercial and Governmental use

Attaching package: ‘plotly’

The following object is masked from ‘package:ggplot2’:

    last_plot

The following object is masked from ‘package:httr’:

    config

The following object is masked from ‘package:stats’:

    filter

The following object is masked from ‘package:graphics’:

    layout


Attaching package: ‘PerformanceAnalytics’

The following object is masked from ‘package:graphics’:

    legend


Please cite as: 

 Hlavac, Marek (2018). stargazer: Well-Formatted Regression and Summary Statistics Tables.
 R package version 5.2.2. https://CRAN.R-project.org/package=stargazer 


Attaching package: ‘data.table’

The following object is masked from ‘package:timetk’:

    :=

The following objects are masked from ‘package:dplyr’:

    between, first, last

The following objects are masked from ‘package:lubridate’:

    hour, isoweek, mday, minute, month, quarter, second, wday, week,
    yday, year

The following objects are masked from ‘package:xts’:

    first, last

[1] "2021-02-01 00:05:22 : Starting to get date"
[1] "2021-02-01 00:05:23 : Starting to get current coporation list"
Warning: 3 parsing failures.
row col  expected    actual         file
 20  -- 1 columns 2 columns literal data
 25  -- 1 columns 2 columns literal data
127  -- 1 columns 2 columns literal data

Warning: 3 parsing failures.
row col  expected    actual         file
 20  -- 1 columns 2 columns literal data
 25  -- 1 columns 2 columns literal data
127  -- 1 columns 2 columns literal data

Error: Can't subset columns that don't exist.
✖ Column `종목명` doesn't exist.
Backtrace:
     █
  1. └─global::KRXDataMerge(day)
  2.   ├─generics::setdiff(down_sector[, "종목명"], down_ind[, "종목명"])
  3.   ├─down_sector[, "종목명"]
  4.   ├─readr:::`[.spec_tbl_df`(down_sector, , "종목명")
  5.   ├─base::NextMethod(`[`)
  6.   └─tibble:::`[.tbl_df`(down_sector, , "종목명")
  7.     └─tibble:::vectbl_as_col_location(...)
  8.       ├─tibble:::subclass_col_index_errors(...)
  9.       │ └─base::withCallingHandlers(...)
 10.       └─vctrs::vec_as_location(j, n, names)
 11.         └─(function () ...
 12.           └─vctrs:::stop_subscript_oob(...)
 13.             └─vctrs:::stop_subscript(...)
Execution halted
