========================================================================= 
Log Path: /home/pi/stockInfoCrawler/StockTradebot/log/logcoinLog.2021-12-17.log 
Working Directory: /home/pi/stockInfoCrawler/StockTradebot/Rscript 
User Name: pi 
R Version: 3.6.2 (2019-12-12) 
Machine: raspberrypi armv7l 
Operating System: Linux 5.10.60-v7+ #1449 SMP Wed Aug 25 15:00:01 BST 2021 
Log Start Time: 2021-12-17 21:00:34 
========================================================================= 

market=KRW-ADA&side=bid&volume=3.97820959556117&price=1545&ord_type=limit 

NOTE: Log Print Time:  2021-12-17 21:00:35 
NOTE: Elapsed Time in seconds: 0.196975469589233 

[1] 201

NOTE: Log Print Time:  2021-12-17 21:00:35 
NOTE: Elapsed Time in seconds: 0.00480031967163086 

[1] "{\"uuid\":\"824ba1d6-6423-4574-bc02-d774f285f8a7\",\"side\":\"bid\",\"ord_type\":\"limit\",\"price\":\"1545.0\",\"state\":\"wait\",\"market\":\"KRW-ADA\",\"created_at\":\"2021-12-17T21:00:35+09:00\",\"volume\":\"3.97820959\",\"remaining_volume\":\"3.97820959\",\"reserved_fee\":\"3.073166908275\",\"remaining_fee\":\"3.073166908275\",\"paid_fee\":\"0.0\",\"locked\":\"6149.406983458275\",\"executed_volume\":\"0.0\",\"trades_count\":0}"

NOTE: Log Print Time:  2021-12-17 21:00:35 
NOTE: Elapsed Time in seconds: 0.00750374794006348 

market=KRW-BTC&side=bid&volume=0.000532657535533703&price=59006000&ord_type=limit 

NOTE: Log Print Time:  2021-12-17 21:00:35 
NOTE: Elapsed Time in seconds: 0.454737424850464 

[1] 201

NOTE: Log Print Time:  2021-12-17 21:00:35 
NOTE: Elapsed Time in seconds: 0.00467681884765625 

[1] "{\"uuid\":\"4d01cfca-d32f-44cc-8f84-4d4f3abeb1b8\",\"side\":\"bid\",\"ord_type\":\"limit\",\"price\":\"59006000.0\",\"state\":\"wait\",\"market\":\"KRW-BTC\",\"created_at\":\"2021-12-17T21:00:35+09:00\",\"volume\":\"0.00053265\",\"remaining_volume\":\"0.00053265\",\"reserved_fee\":\"15.71477295\",\"remaining_fee\":\"15.71477295\",\"paid_fee\":\"0.0\",\"locked\":\"31445.26067295\",\"executed_volume\":\"0.0\",\"trades_count\":0}"

NOTE: Log Print Time:  2021-12-17 21:00:35 
NOTE: Elapsed Time in seconds: 0.00757908821105957 

market=KRW-ETH&side=bid&volume=0.00849578309732371&price=4796000&ord_type=limit 

NOTE: Log Print Time:  2021-12-17 21:00:36 
NOTE: Elapsed Time in seconds: 0.482933759689331 

[1] 201

NOTE: Log Print Time:  2021-12-17 21:00:36 
NOTE: Elapsed Time in seconds: 0.0056464672088623 

[1] "{\"uuid\":\"8174c904-7163-4098-a026-ab86a3630371\",\"side\":\"bid\",\"ord_type\":\"limit\",\"price\":\"4796000.0\",\"state\":\"wait\",\"market\":\"KRW-ETH\",\"created_at\":\"2021-12-17T21:00:36+09:00\",\"volume\":\"0.00849578\",\"remaining_volume\":\"0.00849578\",\"reserved_fee\":\"20.37288044\",\"remaining_fee\":\"20.37288044\",\"paid_fee\":\"0.0\",\"locked\":\"40766.13376044\",\"executed_volume\":\"0.0\",\"trades_count\":0}"

NOTE: Log Print Time:  2021-12-17 21:00:36 
NOTE: Elapsed Time in seconds: 0.0083010196685791 

market=KRW-WAVES&side=ask&volume=0.91406098&price=21960&ord_type=limit 

NOTE: Log Print Time:  2021-12-17 21:00:36 
NOTE: Elapsed Time in seconds: 0.445067405700684 

[1] 201

NOTE: Log Print Time:  2021-12-17 21:00:36 
NOTE: Elapsed Time in seconds: 0.00573015213012695 

[1] "{\"uuid\":\"9d919bd7-1a9e-474a-b064-9e9f7c10cc55\",\"side\":\"ask\",\"ord_type\":\"limit\",\"price\":\"21960.0\",\"state\":\"wait\",\"market\":\"KRW-WAVES\",\"created_at\":\"2021-12-17T21:00:36+09:00\",\"volume\":\"0.91406098\",\"remaining_volume\":\"0.91406098\",\"reserved_fee\":\"0.0\",\"remaining_fee\":\"0.0\",\"paid_fee\":\"0.0\",\"locked\":\"0.91406098\",\"executed_volume\":\"0.0\",\"trades_count\":0}"

NOTE: Log Print Time:  2021-12-17 21:00:36 
NOTE: Elapsed Time in seconds: 0.00821447372436523 

