========================================================================= 
Log Path: /home/pi/stockInfoCrawler/StockTradebot/log/logcoinLog.2021-12-18.log 
Working Directory: /home/pi/stockInfoCrawler/StockTradebot/Rscript 
User Name: pi 
R Version: 3.6.2 (2019-12-12) 
Machine: raspberrypi armv7l 
Operating System: Linux 5.10.60-v7+ #1449 SMP Wed Aug 25 15:00:01 BST 2021 
Log Start Time: 2021-12-18 21:00:35 
========================================================================= 

market=KRW-ADA&side=ask&volume=8.17451544650463&price=1560&ord_type=limit 

NOTE: Log Print Time:  2021-12-18 21:00:35 
NOTE: Elapsed Time in seconds: 0.216490983963013 

[1] 201

NOTE: Log Print Time:  2021-12-18 21:00:35 
NOTE: Elapsed Time in seconds: 0.00514388084411621 

[1] "{\"uuid\":\"51413a87-a4b1-4668-9339-1a183896782b\",\"side\":\"ask\",\"ord_type\":\"limit\",\"price\":\"1560.0\",\"state\":\"wait\",\"market\":\"KRW-ADA\",\"created_at\":\"2021-12-18T21:00:35+09:00\",\"volume\":\"8.17451544\",\"remaining_volume\":\"8.17451544\",\"reserved_fee\":\"0.0\",\"remaining_fee\":\"0.0\",\"paid_fee\":\"0.0\",\"locked\":\"8.17451544\",\"executed_volume\":\"0.0\",\"trades_count\":0}"

NOTE: Log Print Time:  2021-12-18 21:00:35 
NOTE: Elapsed Time in seconds: 0.00744724273681641 

market=KRW-BTC&side=ask&volume=0.00456813766842277&price=58516000&ord_type=limit 

NOTE: Log Print Time:  2021-12-18 21:00:36 
NOTE: Elapsed Time in seconds: 0.431576013565063 

[1] 201

NOTE: Log Print Time:  2021-12-18 21:00:36 
NOTE: Elapsed Time in seconds: 0.00522708892822266 

[1] "{\"uuid\":\"d615e8a2-55cb-481d-a9b1-eefbe10387ed\",\"side\":\"ask\",\"ord_type\":\"limit\",\"price\":\"58516000.0\",\"state\":\"wait\",\"market\":\"KRW-BTC\",\"created_at\":\"2021-12-18T21:00:35+09:00\",\"volume\":\"0.00456813\",\"remaining_volume\":\"0.00456813\",\"reserved_fee\":\"0.0\",\"remaining_fee\":\"0.0\",\"paid_fee\":\"0.0\",\"locked\":\"0.00456813\",\"executed_volume\":\"0.0\",\"trades_count\":0}"

NOTE: Log Print Time:  2021-12-18 21:00:36 
NOTE: Elapsed Time in seconds: 0.0333480834960938 

market=KRW-ETH&side=ask&volume=0.0287544997103761&price=4923000&ord_type=limit 

NOTE: Log Print Time:  2021-12-18 21:00:36 
NOTE: Elapsed Time in seconds: 0.520292282104492 

[1] 201

NOTE: Log Print Time:  2021-12-18 21:00:36 
NOTE: Elapsed Time in seconds: 0.0048830509185791 

[1] "{\"uuid\":\"a52d3dd1-9c3a-4b21-a491-252991b8ad21\",\"side\":\"ask\",\"ord_type\":\"limit\",\"price\":\"4923000.0\",\"state\":\"wait\",\"market\":\"KRW-ETH\",\"created_at\":\"2021-12-18T21:00:36+09:00\",\"volume\":\"0.02875449\",\"remaining_volume\":\"0.02875449\",\"reserved_fee\":\"0.0\",\"remaining_fee\":\"0.0\",\"paid_fee\":\"0.0\",\"locked\":\"0.02875449\",\"executed_volume\":\"0.0\",\"trades_count\":0}"

NOTE: Log Print Time:  2021-12-18 21:00:36 
NOTE: Elapsed Time in seconds: 0.00824522972106934 

market=KRW-SOL&side=ask&volume=0.0727290440585339&price=223600&ord_type=limit 

NOTE: Log Print Time:  2021-12-18 21:00:37 
NOTE: Elapsed Time in seconds: 0.447948694229126 

[1] 201

NOTE: Log Print Time:  2021-12-18 21:00:37 
NOTE: Elapsed Time in seconds: 0.00462841987609863 

[1] "{\"uuid\":\"d4c0327c-9f1d-4dbf-a9cb-69a25a64c008\",\"side\":\"ask\",\"ord_type\":\"limit\",\"price\":\"223600.0\",\"state\":\"wait\",\"market\":\"KRW-SOL\",\"created_at\":\"2021-12-18T21:00:36+09:00\",\"volume\":\"0.07272904\",\"remaining_volume\":\"0.07272904\",\"reserved_fee\":\"0.0\",\"remaining_fee\":\"0.0\",\"paid_fee\":\"0.0\",\"locked\":\"0.07272904\",\"executed_volume\":\"0.0\",\"trades_count\":0}"

NOTE: Log Print Time:  2021-12-18 21:00:37 
NOTE: Elapsed Time in seconds: 0.00723743438720703 

market=KRW-XRP&side=ask&volume=11.4034214661309&price=1030&ord_type=limit 

NOTE: Log Print Time:  2021-12-18 21:00:37 
NOTE: Elapsed Time in seconds: 0.428322076797485 

[1] 201

NOTE: Log Print Time:  2021-12-18 21:00:37 
NOTE: Elapsed Time in seconds: 0.00461959838867188 

[1] "{\"uuid\":\"725ff9b0-7abc-4c2a-96a1-1ae5c4a75788\",\"side\":\"ask\",\"ord_type\":\"limit\",\"price\":\"1030.0\",\"state\":\"wait\",\"market\":\"KRW-XRP\",\"created_at\":\"2021-12-18T21:00:37+09:00\",\"volume\":\"11.40342146\",\"remaining_volume\":\"11.40342146\",\"reserved_fee\":\"0.0\",\"remaining_fee\":\"0.0\",\"paid_fee\":\"0.0\",\"locked\":\"11.40342146\",\"executed_volume\":\"0.0\",\"trades_count\":0}"

NOTE: Log Print Time:  2021-12-18 21:00:37 
NOTE: Elapsed Time in seconds: 0.00739073753356934 

