========================================================================= 
Log Path: /home/pi/stockInfoCrawler/StockTradebot/log/logcoinLog.2021-12-30.log 
Working Directory: /home/pi/stockInfoCrawler/StockTradebot/Rscript 
User Name: pi 
R Version: 3.6.2 (2019-12-12) 
Machine: raspberrypi armv7l 
Operating System: Linux 5.10.60-v7+ #1449 SMP Wed Aug 25 15:00:01 BST 2021 
Log Start Time: 2021-12-30 21:00:31 
========================================================================= 

market=KRW-AAVE&side=bid&volume=0.306468334131589&price=297450&ord_type=limit 

NOTE: Log Print Time:  2021-12-30 21:00:31 
NOTE: Elapsed Time in seconds: 0.16634726524353 

[1] 201

NOTE: Log Print Time:  2021-12-30 21:00:31 
NOTE: Elapsed Time in seconds: 0.00254225730895996 

[1] "{\"uuid\":\"efd9ebaf-6029-48d4-8ea8-be91865ddc8a\",\"side\":\"bid\",\"ord_type\":\"limit\",\"price\":\"297450.0\",\"state\":\"wait\",\"market\":\"KRW-AAVE\",\"created_at\":\"2021-12-30T21:00:31+09:00\",\"volume\":\"0.30646833\",\"remaining_volume\":\"0.30646833\",\"reserved_fee\":\"45.57950237925\",\"remaining_fee\":\"45.57950237925\",\"paid_fee\":\"0.0\",\"locked\":\"91204.58426087925\",\"executed_volume\":\"0.0\",\"trades_count\":0}"

NOTE: Log Print Time:  2021-12-30 21:00:31 
NOTE: Elapsed Time in seconds: 0.00341892242431641 

market=KRW-ADA&side=bid&volume=7.76083387942237&price=1665&ord_type=limit 

NOTE: Log Print Time:  2021-12-30 21:00:32 
NOTE: Elapsed Time in seconds: 0.412851333618164 

[1] 201

NOTE: Log Print Time:  2021-12-30 21:00:32 
NOTE: Elapsed Time in seconds: 0.0170383453369141 

[1] "{\"uuid\":\"2a0bdeca-a479-42b4-b28f-df330c01f62e\",\"side\":\"bid\",\"ord_type\":\"limit\",\"price\":\"1665.0\",\"state\":\"wait\",\"market\":\"KRW-ADA\",\"created_at\":\"2021-12-30T21:00:32+09:00\",\"volume\":\"7.76083387\",\"remaining_volume\":\"7.76083387\",\"reserved_fee\":\"6.460894196775\",\"remaining_fee\":\"6.460894196775\",\"paid_fee\":\"0.0\",\"locked\":\"12928.249287746775\",\"executed_volume\":\"0.0\",\"trades_count\":0}"

NOTE: Log Print Time:  2021-12-30 21:00:32 
NOTE: Elapsed Time in seconds: 0.00397062301635742 

market=KRW-ATOM&side=bid&volume=2.5894133156793&price=35170&ord_type=limit 

NOTE: Log Print Time:  2021-12-30 21:00:32 
NOTE: Elapsed Time in seconds: 0.426766395568848 

[1] 201

NOTE: Log Print Time:  2021-12-30 21:00:32 
NOTE: Elapsed Time in seconds: 0.00423622131347656 

[1] "{\"uuid\":\"8da2f8fe-53e4-4475-85d5-1e0cc1c51424\",\"side\":\"bid\",\"ord_type\":\"limit\",\"price\":\"35170.0\",\"state\":\"wait\",\"market\":\"KRW-ATOM\",\"created_at\":\"2021-12-30T21:00:32+09:00\",\"volume\":\"2.58941331\",\"remaining_volume\":\"2.58941331\",\"reserved_fee\":\"45.53483305635\",\"remaining_fee\":\"45.53483305635\",\"paid_fee\":\"0.0\",\"locked\":\"91115.20094575635\",\"executed_volume\":\"0.0\",\"trades_count\":0}"

NOTE: Log Print Time:  2021-12-30 21:00:32 
NOTE: Elapsed Time in seconds: 0.00638747215270996 

market=KRW-BTC&side=bid&volume=0.00521423055555012&price=57977000&ord_type=limit 

NOTE: Log Print Time:  2021-12-30 21:00:33 
NOTE: Elapsed Time in seconds: 0.433985948562622 

[1] 201

NOTE: Log Print Time:  2021-12-30 21:00:33 
NOTE: Elapsed Time in seconds: 0.00369620323181152 

[1] "{\"uuid\":\"aff8d1a0-f561-4816-a393-64d7e01c61c3\",\"side\":\"bid\",\"ord_type\":\"limit\",\"price\":\"57977000.0\",\"state\":\"wait\",\"market\":\"KRW-BTC\",\"created_at\":\"2021-12-30T21:00:32+09:00\",\"volume\":\"0.00521423\",\"remaining_volume\":\"0.00521423\",\"reserved_fee\":\"151.152706355\",\"remaining_fee\":\"151.152706355\",\"paid_fee\":\"0.0\",\"locked\":\"302456.565416355\",\"executed_volume\":\"0.0\",\"trades_count\":0}"

NOTE: Log Print Time:  2021-12-30 21:00:33 
NOTE: Elapsed Time in seconds: 0.00546479225158691 

market=KRW-ETH&side=bid&volume=0.0324790514643634&price=4566000&ord_type=limit 

NOTE: Log Print Time:  2021-12-30 21:00:33 
NOTE: Elapsed Time in seconds: 0.42903470993042 

[1] 201

NOTE: Log Print Time:  2021-12-30 21:00:33 
NOTE: Elapsed Time in seconds: 0.00468921661376953 

[1] "{\"uuid\":\"c7aa710f-5fb2-49a1-9fa5-02a978e95918\",\"side\":\"bid\",\"ord_type\":\"limit\",\"price\":\"4566000.0\",\"state\":\"wait\",\"market\":\"KRW-ETH\",\"created_at\":\"2021-12-30T21:00:33+09:00\",\"volume\":\"0.03247905\",\"remaining_volume\":\"0.03247905\",\"reserved_fee\":\"74.14967115\",\"remaining_fee\":\"74.14967115\",\"paid_fee\":\"0.0\",\"locked\":\"148373.49197115\",\"executed_volume\":\"0.0\",\"trades_count\":0}"

NOTE: Log Print Time:  2021-12-30 21:00:33 
NOTE: Elapsed Time in seconds: 0.0063784122467041 

market=KRW-IOTA&side=bid&volume=50.9165754440446&price=1815&ord_type=limit 

NOTE: Log Print Time:  2021-12-30 21:00:33 
NOTE: Elapsed Time in seconds: 0.406167030334473 

[1] 201

NOTE: Log Print Time:  2021-12-30 21:00:33 
NOTE: Elapsed Time in seconds: 0.00252413749694824 

[1] "{\"uuid\":\"b3c92a25-9cf7-461e-9249-2173102b7d8e\",\"side\":\"bid\",\"ord_type\":\"limit\",\"price\":\"1815.0\",\"state\":\"wait\",\"market\":\"KRW-IOTA\",\"created_at\":\"2021-12-30T21:00:33+09:00\",\"volume\":\"50.91657544\",\"remaining_volume\":\"50.91657544\",\"reserved_fee\":\"46.2067922118\",\"remaining_fee\":\"46.2067922118\",\"paid_fee\":\"0.0\",\"locked\":\"92459.7912158118\",\"executed_volume\":\"0.0\",\"trades_count\":0}"

NOTE: Log Print Time:  2021-12-30 21:00:33 
NOTE: Elapsed Time in seconds: 0.00352001190185547 

market=KRW-MATIC&side=bid&volume=29.4711760191275&price=3105&ord_type=limit 

NOTE: Log Print Time:  2021-12-30 21:00:34 
NOTE: Elapsed Time in seconds: 0.413175582885742 

[1] 201

NOTE: Log Print Time:  2021-12-30 21:00:34 
NOTE: Elapsed Time in seconds: 0.00427770614624023 

[1] "{\"uuid\":\"f6933a91-032e-4387-a703-8fb3e126c924\",\"side\":\"bid\",\"ord_type\":\"limit\",\"price\":\"3105.0\",\"state\":\"wait\",\"market\":\"KRW-MATIC\",\"created_at\":\"2021-12-30T21:00:34+09:00\",\"volume\":\"29.47117601\",\"remaining_volume\":\"29.47117601\",\"reserved_fee\":\"45.754000755525\",\"remaining_fee\":\"45.754000755525\",\"paid_fee\":\"0.0\",\"locked\":\"91553.755511805525\",\"executed_volume\":\"0.0\",\"trades_count\":0}"

NOTE: Log Print Time:  2021-12-30 21:00:34 
NOTE: Elapsed Time in seconds: 0.00642871856689453 

market=KRW-SOL&side=bid&volume=0.0851051673062874&price=213150&ord_type=limit 

NOTE: Log Print Time:  2021-12-30 21:00:34 
NOTE: Elapsed Time in seconds: 0.447274446487427 

[1] 201

NOTE: Log Print Time:  2021-12-30 21:00:34 
NOTE: Elapsed Time in seconds: 0.0032813549041748 

[1] "{\"uuid\":\"b9158ade-8e87-450f-ad7e-bac9946aa2e4\",\"side\":\"bid\",\"ord_type\":\"limit\",\"price\":\"213150.0\",\"state\":\"wait\",\"market\":\"KRW-SOL\",\"created_at\":\"2021-12-30T21:00:34+09:00\",\"volume\":\"0.08510516\",\"remaining_volume\":\"0.08510516\",\"reserved_fee\":\"9.070082427\",\"remaining_fee\":\"9.070082427\",\"paid_fee\":\"0.0\",\"locked\":\"18149.234936427\",\"executed_volume\":\"0.0\",\"trades_count\":0}"

NOTE: Log Print Time:  2021-12-30 21:00:34 
NOTE: Elapsed Time in seconds: 0.00519537925720215 

market=KRW-XRP&side=bid&volume=13.1457710320064&price=1030&ord_type=limit 

NOTE: Log Print Time:  2021-12-30 21:00:35 
NOTE: Elapsed Time in seconds: 0.425503253936768 

[1] 201

NOTE: Log Print Time:  2021-12-30 21:00:35 
NOTE: Elapsed Time in seconds: 0.00362610816955566 

[1] "{\"uuid\":\"e1fb2c31-7bc4-4b39-a924-91d72335a256\",\"side\":\"bid\",\"ord_type\":\"limit\",\"price\":\"1030.0\",\"state\":\"wait\",\"market\":\"KRW-XRP\",\"created_at\":\"2021-12-30T21:00:35+09:00\",\"volume\":\"13.14577103\",\"remaining_volume\":\"13.14577103\",\"reserved_fee\":\"6.77007208045\",\"remaining_fee\":\"6.77007208045\",\"paid_fee\":\"0.0\",\"locked\":\"13546.91423298045\",\"executed_volume\":\"0.0\",\"trades_count\":0}"

NOTE: Log Print Time:  2021-12-30 21:00:35 
NOTE: Elapsed Time in seconds: 0.00565552711486816 

market=KRW-ZIL&side=bid&volume=917.76665514941&price=100&ord_type=limit 

NOTE: Log Print Time:  2021-12-30 21:00:35 
NOTE: Elapsed Time in seconds: 0.433847427368164 

[1] 201

NOTE: Log Print Time:  2021-12-30 21:00:35 
NOTE: Elapsed Time in seconds: 0.00371861457824707 

[1] "{\"uuid\":\"7fca2082-7fc1-4a2a-9666-e5fc56e4fdc2\",\"side\":\"bid\",\"ord_type\":\"limit\",\"price\":\"100.0\",\"state\":\"wait\",\"market\":\"KRW-ZIL\",\"created_at\":\"2021-12-30T21:00:35+09:00\",\"volume\":\"917.76665514\",\"remaining_volume\":\"917.76665514\",\"reserved_fee\":\"45.888332757\",\"remaining_fee\":\"45.888332757\",\"paid_fee\":\"0.0\",\"locked\":\"91822.553846757\",\"executed_volume\":\"0.0\",\"trades_count\":0}"

NOTE: Log Print Time:  2021-12-30 21:00:35 
NOTE: Elapsed Time in seconds: 0.00580692291259766 

