========================================================================= 
Log Path: /home/pi/stockInfoCrawler/StockTradebot/log/logcoinLog.2022-01-01.log 
Working Directory: /home/pi/stockInfoCrawler/StockTradebot/Rscript 
User Name: pi 
R Version: 3.6.2 (2019-12-12) 
Machine: raspberrypi armv7l 
Operating System: Linux 5.10.60-v7+ #1449 SMP Wed Aug 25 15:00:01 BST 2021 
Log Start Time: 2022-01-01 21:00:32 
========================================================================= 

market=KRW-AAVE&side=ask&volume=0.102773494928789&price=308050&ord_type=limit 

NOTE: Log Print Time:  2022-01-01 21:00:32 
NOTE: Elapsed Time in seconds: 0.253361225128174 

[1] 201

NOTE: Log Print Time:  2022-01-01 21:00:32 
NOTE: Elapsed Time in seconds: 0.00235581398010254 

[1] "{\"uuid\":\"b7eb8a9c-2d60-49ab-9ed1-293282e296eb\",\"side\":\"ask\",\"ord_type\":\"limit\",\"price\":\"308050.0\",\"state\":\"wait\",\"market\":\"KRW-AAVE\",\"created_at\":\"2022-01-01T21:00:32+09:00\",\"volume\":\"0.10277349\",\"remaining_volume\":\"0.10277349\",\"reserved_fee\":\"0.0\",\"remaining_fee\":\"0.0\",\"paid_fee\":\"0.0\",\"locked\":\"0.10277349\",\"executed_volume\":\"0.0\",\"trades_count\":0}"

NOTE: Log Print Time:  2022-01-01 21:00:32 
NOTE: Elapsed Time in seconds: 0.00348639488220215 

market=KRW-ADA&side=ask&volume=18.8621496245998&price=1615&ord_type=limit 

NOTE: Log Print Time:  2022-01-01 21:00:33 
NOTE: Elapsed Time in seconds: 0.41235613822937 

[1] 201

NOTE: Log Print Time:  2022-01-01 21:00:33 
NOTE: Elapsed Time in seconds: 0.00362348556518555 

[1] "{\"uuid\":\"71e4c4fd-0806-461c-89bf-c87c5d0d5797\",\"side\":\"ask\",\"ord_type\":\"limit\",\"price\":\"1615.0\",\"state\":\"wait\",\"market\":\"KRW-ADA\",\"created_at\":\"2022-01-01T21:00:33+09:00\",\"volume\":\"18.86214962\",\"remaining_volume\":\"18.86214962\",\"reserved_fee\":\"0.0\",\"remaining_fee\":\"0.0\",\"paid_fee\":\"0.0\",\"locked\":\"18.86214962\",\"executed_volume\":\"0.0\",\"trades_count\":0}"

NOTE: Log Print Time:  2022-01-01 21:00:33 
NOTE: Elapsed Time in seconds: 0.00557398796081543 

market=KRW-ALGO&side=ask&volume=49.3704695&price=2005&ord_type=limit 

NOTE: Log Print Time:  2022-01-01 21:00:33 
NOTE: Elapsed Time in seconds: 0.429558038711548 

[1] 201

NOTE: Log Print Time:  2022-01-01 21:00:33 
NOTE: Elapsed Time in seconds: 0.0036466121673584 

[1] "{\"uuid\":\"8b3b9eb9-fadb-47bd-b2b3-3471181f3c60\",\"side\":\"ask\",\"ord_type\":\"limit\",\"price\":\"2005.0\",\"state\":\"wait\",\"market\":\"KRW-ALGO\",\"created_at\":\"2022-01-01T21:00:33+09:00\",\"volume\":\"49.3704695\",\"remaining_volume\":\"49.3704695\",\"reserved_fee\":\"0.0\",\"remaining_fee\":\"0.0\",\"paid_fee\":\"0.0\",\"locked\":\"49.3704695\",\"executed_volume\":\"0.0\",\"trades_count\":0}"

NOTE: Log Print Time:  2022-01-01 21:00:33 
NOTE: Elapsed Time in seconds: 0.0055384635925293 

market=KRW-ATOM&side=ask&volume=0.849511259809669&price=40910&ord_type=limit 

NOTE: Log Print Time:  2022-01-01 21:00:34 
NOTE: Elapsed Time in seconds: 0.436113357543945 

[1] 201

NOTE: Log Print Time:  2022-01-01 21:00:34 
NOTE: Elapsed Time in seconds: 0.00428009033203125 

[1] "{\"uuid\":\"b8df81a0-bd5a-4a15-b92e-ef67cb75c9b3\",\"side\":\"ask\",\"ord_type\":\"limit\",\"price\":\"40910.0\",\"state\":\"wait\",\"market\":\"KRW-ATOM\",\"created_at\":\"2022-01-01T21:00:33+09:00\",\"volume\":\"0.84951125\",\"remaining_volume\":\"0.84951125\",\"reserved_fee\":\"0.0\",\"remaining_fee\":\"0.0\",\"paid_fee\":\"0.0\",\"locked\":\"0.84951125\",\"executed_volume\":\"0.0\",\"trades_count\":0}"

NOTE: Log Print Time:  2022-01-01 21:00:34 
NOTE: Elapsed Time in seconds: 0.00609922409057617 

market=KRW-BTC&side=ask&volume=0.00866988848527736&price=57303000&ord_type=limit 

NOTE: Log Print Time:  2022-01-01 21:00:34 
NOTE: Elapsed Time in seconds: 0.463710784912109 

[1] 201

NOTE: Log Print Time:  2022-01-01 21:00:34 
NOTE: Elapsed Time in seconds: 0.00380730628967285 

[1] "{\"uuid\":\"da6d7381-7aea-4c2a-8e71-7bd3bb9eb35f\",\"side\":\"ask\",\"ord_type\":\"limit\",\"price\":\"57303000.0\",\"state\":\"wait\",\"market\":\"KRW-BTC\",\"created_at\":\"2022-01-01T21:00:34+09:00\",\"volume\":\"0.00866988\",\"remaining_volume\":\"0.00866988\",\"reserved_fee\":\"0.0\",\"remaining_fee\":\"0.0\",\"paid_fee\":\"0.0\",\"locked\":\"0.00866988\",\"executed_volume\":\"0.0\",\"trades_count\":0}"

NOTE: Log Print Time:  2022-01-01 21:00:34 
NOTE: Elapsed Time in seconds: 0.00565767288208008 

market=KRW-ETH&side=ask&volume=0.0678614886438317&price=4526000&ord_type=limit 

NOTE: Log Print Time:  2022-01-01 21:00:34 
NOTE: Elapsed Time in seconds: 0.410167217254639 

[1] 201

NOTE: Log Print Time:  2022-01-01 21:00:34 
NOTE: Elapsed Time in seconds: 0.0038292407989502 

[1] "{\"uuid\":\"182b27a2-f81f-42e3-84e6-4bf8f9d978ac\",\"side\":\"ask\",\"ord_type\":\"limit\",\"price\":\"4526000.0\",\"state\":\"wait\",\"market\":\"KRW-ETH\",\"created_at\":\"2022-01-01T21:00:34+09:00\",\"volume\":\"0.06786148\",\"remaining_volume\":\"0.06786148\",\"reserved_fee\":\"0.0\",\"remaining_fee\":\"0.0\",\"paid_fee\":\"0.0\",\"locked\":\"0.06786148\",\"executed_volume\":\"0.0\",\"trades_count\":0}"

NOTE: Log Print Time:  2022-01-01 21:00:34 
NOTE: Elapsed Time in seconds: 0.00560736656188965 

market=KRW-KAVA&side=bid&volume=12.6536877437039&price=5450&ord_type=limit 

NOTE: Log Print Time:  2022-01-01 21:00:35 
NOTE: Elapsed Time in seconds: 0.449690580368042 

[1] 201

NOTE: Log Print Time:  2022-01-01 21:00:35 
NOTE: Elapsed Time in seconds: 0.0030817985534668 

[1] "{\"uuid\":\"f64c4b99-7dfe-43a5-b83d-380e082b3c74\",\"side\":\"bid\",\"ord_type\":\"limit\",\"price\":\"5450.0\",\"state\":\"wait\",\"market\":\"KRW-KAVA\",\"created_at\":\"2022-01-01T21:00:35+09:00\",\"volume\":\"12.65368774\",\"remaining_volume\":\"12.65368774\",\"reserved_fee\":\"34.4812990915\",\"remaining_fee\":\"34.4812990915\",\"paid_fee\":\"0.0\",\"locked\":\"68997.0794820915\",\"executed_volume\":\"0.0\",\"trades_count\":0}"

NOTE: Log Print Time:  2022-01-01 21:00:35 
NOTE: Elapsed Time in seconds: 0.00413942337036133 

market=KRW-MATIC&side=ask&volume=11.6696996103772&price=3085&ord_type=limit 

NOTE: Log Print Time:  2022-01-01 21:00:35 
NOTE: Elapsed Time in seconds: 0.405635833740234 

[1] 201

NOTE: Log Print Time:  2022-01-01 21:00:35 
NOTE: Elapsed Time in seconds: 0.00309967994689941 

[1] "{\"uuid\":\"458a067a-83b9-4d92-ab30-62e369dca5c5\",\"side\":\"ask\",\"ord_type\":\"limit\",\"price\":\"3085.0\",\"state\":\"wait\",\"market\":\"KRW-MATIC\",\"created_at\":\"2022-01-01T21:00:35+09:00\",\"volume\":\"11.66969961\",\"remaining_volume\":\"11.66969961\",\"reserved_fee\":\"0.0\",\"remaining_fee\":\"0.0\",\"paid_fee\":\"0.0\",\"locked\":\"11.66969961\",\"executed_volume\":\"0.0\",\"trades_count\":0}"

NOTE: Log Print Time:  2022-01-01 21:00:35 
NOTE: Elapsed Time in seconds: 0.00448179244995117 

market=KRW-SOL&side=ask&volume=0.176872131215737&price=210000&ord_type=limit 

NOTE: Log Print Time:  2022-01-01 21:00:36 
NOTE: Elapsed Time in seconds: 0.401418685913086 

[1] 201

NOTE: Log Print Time:  2022-01-01 21:00:36 
NOTE: Elapsed Time in seconds: 0.00319051742553711 

[1] "{\"uuid\":\"5609e839-f6ef-4c27-9f33-205facc0d8ab\",\"side\":\"ask\",\"ord_type\":\"limit\",\"price\":\"210000.0\",\"state\":\"wait\",\"market\":\"KRW-SOL\",\"created_at\":\"2022-01-01T21:00:36+09:00\",\"volume\":\"0.17687213\",\"remaining_volume\":\"0.17687213\",\"reserved_fee\":\"0.0\",\"remaining_fee\":\"0.0\",\"paid_fee\":\"0.0\",\"locked\":\"0.17687213\",\"executed_volume\":\"0.0\",\"trades_count\":0}"

NOTE: Log Print Time:  2022-01-01 21:00:36 
NOTE: Elapsed Time in seconds: 0.0041496753692627 

market=KRW-SXP&side=ask&volume=13.5715528718877&price=2550&ord_type=limit 

NOTE: Log Print Time:  2022-01-01 21:00:36 
NOTE: Elapsed Time in seconds: 0.440680027008057 

[1] 201

NOTE: Log Print Time:  2022-01-01 21:00:36 
NOTE: Elapsed Time in seconds: 0.00347614288330078 

[1] "{\"uuid\":\"a2431b11-d5e0-4c39-bbc5-a930db0e4814\",\"side\":\"ask\",\"ord_type\":\"limit\",\"price\":\"2550.0\",\"state\":\"wait\",\"market\":\"KRW-SXP\",\"created_at\":\"2022-01-01T21:00:36+09:00\",\"volume\":\"13.57155287\",\"remaining_volume\":\"13.57155287\",\"reserved_fee\":\"0.0\",\"remaining_fee\":\"0.0\",\"paid_fee\":\"0.0\",\"locked\":\"13.57155287\",\"executed_volume\":\"0.0\",\"trades_count\":0}"

NOTE: Log Print Time:  2022-01-01 21:00:36 
NOTE: Elapsed Time in seconds: 0.00544261932373047 

market=KRW-XRP&side=ask&volume=21.716505284099&price=1025&ord_type=limit 

NOTE: Log Print Time:  2022-01-01 21:00:37 
NOTE: Elapsed Time in seconds: 0.444765090942383 

[1] 201

NOTE: Log Print Time:  2022-01-01 21:00:37 
NOTE: Elapsed Time in seconds: 0.00409102439880371 

[1] "{\"uuid\":\"99d6d790-7f2f-44c6-bc0d-6d4aa696bdbf\",\"side\":\"ask\",\"ord_type\":\"limit\",\"price\":\"1025.0\",\"state\":\"wait\",\"market\":\"KRW-XRP\",\"created_at\":\"2022-01-01T21:00:37+09:00\",\"volume\":\"21.71650528\",\"remaining_volume\":\"21.71650528\",\"reserved_fee\":\"0.0\",\"remaining_fee\":\"0.0\",\"paid_fee\":\"0.0\",\"locked\":\"21.71650528\",\"executed_volume\":\"0.0\",\"trades_count\":0}"

NOTE: Log Print Time:  2022-01-01 21:00:37 
NOTE: Elapsed Time in seconds: 0.00641584396362305 

