========================================================================= 
Log Path: /home/pi/stockInfoCrawler/StockTradebot/log/logcoinLog.2021-12-24.log 
Working Directory: /home/pi/stockInfoCrawler/StockTradebot/Rscript 
User Name: pi 
R Version: 3.6.2 (2019-12-12) 
Machine: raspberrypi armv7l 
Operating System: Linux 5.10.60-v7+ #1449 SMP Wed Aug 25 15:00:01 BST 2021 
Log Start Time: 2021-12-24 21:00:37 
========================================================================= 

market=KRW-AAVE&side=bid&volume=0.0661600275378166&price=305350&ord_type=limit 

NOTE: Log Print Time:  2021-12-24 21:00:38 
NOTE: Elapsed Time in seconds: 0.340858221054077 

[1] 201

NOTE: Log Print Time:  2021-12-24 21:00:38 
NOTE: Elapsed Time in seconds: 0.0053563117980957 

[1] "{\"uuid\":\"f70565c8-65ab-4477-a3c0-ac1cbbd3f682\",\"side\":\"bid\",\"ord_type\":\"limit\",\"price\":\"305350.0\",\"state\":\"wait\",\"market\":\"KRW-AAVE\",\"created_at\":\"2021-12-24T21:00:38+09:00\",\"volume\":\"0.06616002\",\"remaining_volume\":\"0.06616002\",\"reserved_fee\":\"10.1009810535\",\"remaining_fee\":\"10.1009810535\",\"paid_fee\":\"0.0\",\"locked\":\"20212.0630880535\",\"executed_volume\":\"0.0\",\"trades_count\":0}"

NOTE: Log Print Time:  2021-12-24 21:00:38 
NOTE: Elapsed Time in seconds: 0.0074617862701416 

market=KRW-ADA&side=ask&volume=10.0482953500607&price=1770&ord_type=limit 

NOTE: Log Print Time:  2021-12-24 21:00:38 
NOTE: Elapsed Time in seconds: 0.427204847335815 

[1] 201

NOTE: Log Print Time:  2021-12-24 21:00:38 
NOTE: Elapsed Time in seconds: 0.00459480285644531 

[1] "{\"uuid\":\"0ddd9f3c-b111-4ff2-a017-3bcd26c7b4d7\",\"side\":\"ask\",\"ord_type\":\"limit\",\"price\":\"1770.0\",\"state\":\"wait\",\"market\":\"KRW-ADA\",\"created_at\":\"2021-12-24T21:00:38+09:00\",\"volume\":\"10.04829535\",\"remaining_volume\":\"10.04829535\",\"reserved_fee\":\"0.0\",\"remaining_fee\":\"0.0\",\"paid_fee\":\"0.0\",\"locked\":\"10.04829535\",\"executed_volume\":\"0.0\",\"trades_count\":0}"

NOTE: Log Print Time:  2021-12-24 21:00:38 
NOTE: Elapsed Time in seconds: 0.00710439682006836 

market=KRW-BAT&side=bid&volume=16.7044611386026&price=1630&ord_type=limit 

NOTE: Log Print Time:  2021-12-24 21:00:39 
NOTE: Elapsed Time in seconds: 0.470837116241455 

[1] 201

NOTE: Log Print Time:  2021-12-24 21:00:39 
NOTE: Elapsed Time in seconds: 0.00478076934814453 

[1] "{\"uuid\":\"5834d194-884a-44a4-964a-c97d5d8ffa9b\",\"side\":\"bid\",\"ord_type\":\"limit\",\"price\":\"1630.0\",\"state\":\"wait\",\"market\":\"KRW-BAT\",\"created_at\":\"2021-12-24T21:00:39+09:00\",\"volume\":\"16.70446113\",\"remaining_volume\":\"16.70446113\",\"reserved_fee\":\"13.61413582095\",\"remaining_fee\":\"13.61413582095\",\"paid_fee\":\"0.0\",\"locked\":\"27241.88577772095\",\"executed_volume\":\"0.0\",\"trades_count\":0}"

NOTE: Log Print Time:  2021-12-24 21:00:39 
NOTE: Elapsed Time in seconds: 0.0071713924407959 

market=KRW-BORA&side=bid&volume=18.8870420520535&price=1350&ord_type=limit 

NOTE: Log Print Time:  2021-12-24 21:00:39 
NOTE: Elapsed Time in seconds: 0.459279537200928 

[1] 201

NOTE: Log Print Time:  2021-12-24 21:00:39 
NOTE: Elapsed Time in seconds: 0.00472521781921387 

[1] "{\"uuid\":\"84b9b2d9-2769-4caa-ba81-c8880ccb0667\",\"side\":\"bid\",\"ord_type\":\"limit\",\"price\":\"1350.0\",\"state\":\"wait\",\"market\":\"KRW-BORA\",\"created_at\":\"2021-12-24T21:00:39+09:00\",\"volume\":\"18.88704205\",\"remaining_volume\":\"18.88704205\",\"reserved_fee\":\"12.74875338375\",\"remaining_fee\":\"12.74875338375\",\"paid_fee\":\"0.0\",\"locked\":\"25510.25552088375\",\"executed_volume\":\"0.0\",\"trades_count\":0}"

NOTE: Log Print Time:  2021-12-24 21:00:39 
NOTE: Elapsed Time in seconds: 0.00727581977844238 

market=KRW-BTC&side=ask&volume=0.00580715895883019&price=62265000&ord_type=limit 

NOTE: Log Print Time:  2021-12-24 21:00:40 
NOTE: Elapsed Time in seconds: 0.440603256225586 

[1] 201

NOTE: Log Print Time:  2021-12-24 21:00:40 
NOTE: Elapsed Time in seconds: 0.00463628768920898 

[1] "{\"uuid\":\"d40ef993-9f45-4009-9247-6017e395e497\",\"side\":\"ask\",\"ord_type\":\"limit\",\"price\":\"62265000.0\",\"state\":\"wait\",\"market\":\"KRW-BTC\",\"created_at\":\"2021-12-24T21:00:40+09:00\",\"volume\":\"0.00580715\",\"remaining_volume\":\"0.00580715\",\"reserved_fee\":\"0.0\",\"remaining_fee\":\"0.0\",\"paid_fee\":\"0.0\",\"locked\":\"0.00580715\",\"executed_volume\":\"0.0\",\"trades_count\":0}"

NOTE: Log Print Time:  2021-12-24 21:00:40 
NOTE: Elapsed Time in seconds: 0.00720095634460449 

market=KRW-ETH&side=ask&volume=0.0365394611451078&price=4985000&ord_type=limit 

NOTE: Log Print Time:  2021-12-24 21:00:40 
NOTE: Elapsed Time in seconds: 0.473030567169189 

[1] 201

NOTE: Log Print Time:  2021-12-24 21:00:40 
NOTE: Elapsed Time in seconds: 0.00361061096191406 

[1] "{\"uuid\":\"42ee7af5-1202-41f3-8a84-ef108b20312e\",\"side\":\"ask\",\"ord_type\":\"limit\",\"price\":\"4985000.0\",\"state\":\"wait\",\"market\":\"KRW-ETH\",\"created_at\":\"2021-12-24T21:00:40+09:00\",\"volume\":\"0.03653946\",\"remaining_volume\":\"0.03653946\",\"reserved_fee\":\"0.0\",\"remaining_fee\":\"0.0\",\"paid_fee\":\"0.0\",\"locked\":\"0.03653946\",\"executed_volume\":\"0.0\",\"trades_count\":0}"

NOTE: Log Print Time:  2021-12-24 21:00:40 
NOTE: Elapsed Time in seconds: 0.00609803199768066 

market=KRW-HBAR&side=ask&volume=882.67622257&price=392&ord_type=limit 

NOTE: Log Print Time:  2021-12-24 21:00:41 
NOTE: Elapsed Time in seconds: 0.490705728530884 

[1] 201

NOTE: Log Print Time:  2021-12-24 21:00:41 
NOTE: Elapsed Time in seconds: 0.00361299514770508 

[1] "{\"uuid\":\"9fadc362-a589-4747-8685-32b1a71c361e\",\"side\":\"ask\",\"ord_type\":\"limit\",\"price\":\"392.0\",\"state\":\"wait\",\"market\":\"KRW-HBAR\",\"created_at\":\"2021-12-24T21:00:41+09:00\",\"volume\":\"882.67622257\",\"remaining_volume\":\"882.67622257\",\"reserved_fee\":\"0.0\",\"remaining_fee\":\"0.0\",\"paid_fee\":\"0.0\",\"locked\":\"882.67622257\",\"executed_volume\":\"0.0\",\"trades_count\":0}"

NOTE: Log Print Time:  2021-12-24 21:00:41 
NOTE: Elapsed Time in seconds: 0.00561165809631348 

market=KRW-MATIC&side=bid&volume=7.66645159288647&price=3195&ord_type=limit 

NOTE: Log Print Time:  2021-12-24 21:00:41 
NOTE: Elapsed Time in seconds: 0.431951761245728 

[1] 201

NOTE: Log Print Time:  2021-12-24 21:00:41 
NOTE: Elapsed Time in seconds: 0.00574350357055664 

[1] "{\"uuid\":\"5484c6b4-fdca-4ff6-8fef-27c8994ad83a\",\"side\":\"bid\",\"ord_type\":\"limit\",\"price\":\"3195.0\",\"state\":\"wait\",\"market\":\"KRW-MATIC\",\"created_at\":\"2021-12-24T21:00:41+09:00\",\"volume\":\"7.66645159\",\"remaining_volume\":\"7.66645159\",\"reserved_fee\":\"12.247156415025\",\"remaining_fee\":\"12.247156415025\",\"paid_fee\":\"0.0\",\"locked\":\"24506.559986465025\",\"executed_volume\":\"0.0\",\"trades_count\":0}"

NOTE: Log Print Time:  2021-12-24 21:00:41 
NOTE: Elapsed Time in seconds: 0.00905370712280273 

market=KRW-SOL&side=ask&volume=0.0946314736710294&price=230450&ord_type=limit 

NOTE: Log Print Time:  2021-12-24 21:00:42 
NOTE: Elapsed Time in seconds: 0.448138236999512 

[1] 201

NOTE: Log Print Time:  2021-12-24 21:00:42 
NOTE: Elapsed Time in seconds: 0.00474929809570312 

[1] "{\"uuid\":\"5a188da1-19e6-491e-8055-495a0030c50f\",\"side\":\"ask\",\"ord_type\":\"limit\",\"price\":\"230450.0\",\"state\":\"wait\",\"market\":\"KRW-SOL\",\"created_at\":\"2021-12-24T21:00:42+09:00\",\"volume\":\"0.09463147\",\"remaining_volume\":\"0.09463147\",\"reserved_fee\":\"0.0\",\"remaining_fee\":\"0.0\",\"paid_fee\":\"0.0\",\"locked\":\"0.09463147\",\"executed_volume\":\"0.0\",\"trades_count\":0}"

NOTE: Log Print Time:  2021-12-24 21:00:42 
NOTE: Elapsed Time in seconds: 0.00718903541564941 

market=KRW-STORJ&side=bid&volume=151.362831442408&price=2480&ord_type=limit 

NOTE: Log Print Time:  2021-12-24 21:00:42 
NOTE: Elapsed Time in seconds: 0.517288684844971 

[1] 201

NOTE: Log Print Time:  2021-12-24 21:00:42 
NOTE: Elapsed Time in seconds: 0.00480270385742188 

[1] "{\"uuid\":\"a3a447bc-5069-4837-81b5-ff80f29c3d34\",\"side\":\"bid\",\"ord_type\":\"limit\",\"price\":\"2480.0\",\"state\":\"wait\",\"market\":\"KRW-STORJ\",\"created_at\":\"2021-12-24T21:00:42+09:00\",\"volume\":\"151.36283144\",\"remaining_volume\":\"151.36283144\",\"reserved_fee\":\"187.6899109856\",\"remaining_fee\":\"187.6899109856\",\"paid_fee\":\"0.0\",\"locked\":\"375567.5118821856\",\"executed_volume\":\"0.0\",\"trades_count\":0}"

NOTE: Log Print Time:  2021-12-24 21:00:42 
NOTE: Elapsed Time in seconds: 0.00747895240783691 

market=KRW-XRP&side=ask&volume=14.2361990268829&price=1190&ord_type=limit 

NOTE: Log Print Time:  2021-12-24 21:00:43 
NOTE: Elapsed Time in seconds: 0.433719873428345 

[1] 201

NOTE: Log Print Time:  2021-12-24 21:00:43 
NOTE: Elapsed Time in seconds: 0.00523114204406738 

[1] "{\"uuid\":\"2f48678d-9a91-4790-beef-ee4eb0d65581\",\"side\":\"ask\",\"ord_type\":\"limit\",\"price\":\"1190.0\",\"state\":\"wait\",\"market\":\"KRW-XRP\",\"created_at\":\"2021-12-24T21:00:42+09:00\",\"volume\":\"14.23619902\",\"remaining_volume\":\"14.23619902\",\"reserved_fee\":\"0.0\",\"remaining_fee\":\"0.0\",\"paid_fee\":\"0.0\",\"locked\":\"14.23619902\",\"executed_volume\":\"0.0\",\"trades_count\":0}"

NOTE: Log Print Time:  2021-12-24 21:00:43 
NOTE: Elapsed Time in seconds: 0.00791430473327637 

