========================================================================= 
Log Path: /home/pi/stockInfoCrawler/StockTradebot/log/logcoinLog.2021-11-08.log 
Working Directory: /home/pi/stockInfoCrawler/StockTradebot/Rscript 
User Name: pi 
R Version: 3.6.2 (2019-12-12) 
Machine: raspberrypi armv7l 
Operating System: Linux 5.10.60-v7+ #1449 SMP Wed Aug 25 15:00:01 BST 2021 
Log Start Time: 2021-11-08 06:00:08 
========================================================================= 

CURRENT BALANCE 

NOTE: Log Print Time:  2021-11-08 06:00:08 
NOTE: Elapsed Time in seconds: 0.00390076637268066 

    currency      balance locked avg_buy_price avg_buy_price_modified
 1:      KRW 1.139737e+06    0.0  0.000000e+00                   TRUE
 2:      ADA 1.686605e+02    0.0  2.505064e+03                  FALSE
 3:     BORA 4.634565e+03    0.0  4.299977e+02                  FALSE
 4:      BTC 9.542972e-02    0.0  7.270837e+07                  FALSE
 5:      ENJ 4.910715e+02    0.0  4.110025e+03                  FALSE
 6:      ETH 5.980542e-01    0.0  4.952473e+06                  FALSE
 7:     MANA 5.901021e+02    0.0  2.934988e+03                  FALSE
 8:      PLA 1.052482e+03    0.0  1.764162e+03                  FALSE
 9:     SAND 6.170276e+02    0.0  2.393828e+03                  FALSE
10:      SOL 1.521837e+00    0.0  2.329595e+05                  FALSE
11:      XRP 2.372336e+02    0.0  1.329996e+03                  FALSE
    unit_currency
 1:           KRW
 2:           KRW
 3:           KRW
 4:           KRW
 5:           KRW
 6:           KRW
 7:           KRW
 8:           KRW
 9:           KRW
10:           KRW
11:           KRW

NOTE: Data frame has 11 rows and 6 columns. 

NOTE: Log Print Time:  2021-11-08 06:00:10 
NOTE: Elapsed Time in seconds: 1.63675951957703 

CURRENT COIN PRICE 

NOTE: Log Print Time:  2021-11-08 06:00:10 
NOTE: Elapsed Time in seconds: 0.00654149055480957 

Error in length(failOrder) : object 'failOrder' not found
 

NOTE: Log Print Time:  2021-11-08 06:00:35 
NOTE: Elapsed Time in seconds: 25.3811428546906 

