========================================================================= 
Log Path: /home/pi/stockInfoCrawler/StockTradebot/log/logcoinLog.2021-10-24.log 
Working Directory: /home/pi/stockInfoCrawler/StockTradebot/Rscript 
User Name: pi 
R Version: 3.6.2 (2019-12-12) 
Machine: raspberrypi armv7l 
Operating System: Linux 5.10.60-v7+ #1449 SMP Wed Aug 25 15:00:01 BST 2021 
Log Start Time: 2021-10-24 08:14:02 
========================================================================= 

market=KRW-ADA&side=bid&volume=1.94630129642986&price=2645&ord_type=limit 

NOTE: Log Print Time:  2021-10-24 08:14:03 
NOTE: Elapsed Time in seconds: 0.19343090057373 

[1] 201

NOTE: Log Print Time:  2021-10-24 08:14:03 
NOTE: Elapsed Time in seconds: 0.00334072113037109 

[1] "{\"uuid\":\"fbc0d39b-151a-41a0-977e-910c55bc0522\",\"side\":\"bid\",\"ord_type\":\"limit\",\"price\":\"2645.0\",\"state\":\"wait\",\"market\":\"KRW-ADA\",\"created_at\":\"2021-10-24T08:14:03+09:00\",\"volume\":\"1.94630129\",\"remaining_volume\":\"1.94630129\",\"reserved_fee\":\"2.573983456025\",\"remaining_fee\":\"2.573983456025\",\"paid_fee\":\"0.0\",\"locked\":\"5150.540895506025\",\"executed_volume\":\"0.0\",\"trades_count\":0}"

NOTE: Log Print Time:  2021-10-24 08:14:03 
NOTE: Elapsed Time in seconds: 0.00469112396240234 

market=KRW-BTC&side=bid&volume=0.000938825318090291&price=74800000&ord_type=limit 

NOTE: Log Print Time:  2021-10-24 08:14:03 
NOTE: Elapsed Time in seconds: 0.520370483398438 

[1] 201

NOTE: Log Print Time:  2021-10-24 08:14:03 
NOTE: Elapsed Time in seconds: 0.00355195999145508 

[1] "{\"uuid\":\"8b05a9e5-d714-46de-85b9-96fad69e3ff4\",\"side\":\"bid\",\"ord_type\":\"limit\",\"price\":\"74800000.0\",\"state\":\"wait\",\"market\":\"KRW-BTC\",\"created_at\":\"2021-10-24T08:14:03+09:00\",\"volume\":\"0.00093882\",\"remaining_volume\":\"0.00093882\",\"reserved_fee\":\"35.111868\",\"remaining_fee\":\"35.111868\",\"paid_fee\":\"0.0\",\"locked\":\"70258.847868\",\"executed_volume\":\"0.0\",\"trades_count\":0}"

NOTE: Log Print Time:  2021-10-24 08:14:03 
NOTE: Elapsed Time in seconds: 0.00524187088012695 

market=KRW-ETH&side=bid&volume=0.00544148068032882&price=5062000&ord_type=limit 

NOTE: Log Print Time:  2021-10-24 08:14:04 
NOTE: Elapsed Time in seconds: 0.45021390914917 

[1] 201

NOTE: Log Print Time:  2021-10-24 08:14:04 
NOTE: Elapsed Time in seconds: 0.0036008358001709 

[1] "{\"uuid\":\"4039a10f-3dac-494d-b953-acab648539df\",\"side\":\"bid\",\"ord_type\":\"limit\",\"price\":\"5062000.0\",\"state\":\"wait\",\"market\":\"KRW-ETH\",\"created_at\":\"2021-10-24T08:14:04+09:00\",\"volume\":\"0.00544148\",\"remaining_volume\":\"0.00544148\",\"reserved_fee\":\"13.77238588\",\"remaining_fee\":\"13.77238588\",\"paid_fee\":\"0.0\",\"locked\":\"27558.54414588\",\"executed_volume\":\"0.0\",\"trades_count\":0}"

NOTE: Log Print Time:  2021-10-24 08:14:04 
NOTE: Elapsed Time in seconds: 0.00499224662780762 

market=KRW-QKC&side=bid&volume=45022.3322829026&price=36.9&ord_type=limit 

NOTE: Log Print Time:  2021-10-24 08:14:04 
NOTE: Elapsed Time in seconds: 0.436892986297607 

[1] 201

NOTE: Log Print Time:  2021-10-24 08:14:04 
NOTE: Elapsed Time in seconds: 0.00327205657958984 

[1] "{\"uuid\":\"71e02e47-e4fe-4196-b9fe-158d48c62560\",\"side\":\"bid\",\"ord_type\":\"limit\",\"price\":\"36.9\",\"state\":\"wait\",\"market\":\"KRW-QKC\",\"created_at\":\"2021-10-24T08:14:04+09:00\",\"volume\":\"45022.3322829\",\"remaining_volume\":\"45022.3322829\",\"reserved_fee\":\"830.662030619505\",\"remaining_fee\":\"830.662030619505\",\"paid_fee\":\"0.0\",\"locked\":\"1662154.723269629505\",\"executed_volume\":\"0.0\",\"trades_count\":0}"

NOTE: Log Print Time:  2021-10-24 08:14:04 
NOTE: Elapsed Time in seconds: 0.00472474098205566 

