========================================================================= 
Log Path: /home/pi/stockInfoCrawler/StockTradebot/log/logcoinLog.2021-12-31.log 
Working Directory: /home/pi/stockInfoCrawler/StockTradebot/Rscript 
User Name: pi 
R Version: 3.6.2 (2019-12-12) 
Machine: raspberrypi armv7l 
Operating System: Linux 5.10.60-v7+ #1449 SMP Wed Aug 25 15:00:01 BST 2021 
Log Start Time: 2021-12-31 21:00:30 
========================================================================= 

market=KRW-AAVE&side=bid&volume=0.123690691782788&price=327700&ord_type=limit 

NOTE: Log Print Time:  2021-12-31 21:00:30 
NOTE: Elapsed Time in seconds: 0.241602182388306 

[1] 201

NOTE: Log Print Time:  2021-12-31 21:00:30 
NOTE: Elapsed Time in seconds: 0.00260686874389648 

[1] "{\"uuid\":\"3ad1bb84-c501-428e-9890-a9c0e1a31ec7\",\"side\":\"bid\",\"ord_type\":\"limit\",\"price\":\"327700.0\",\"state\":\"wait\",\"market\":\"KRW-AAVE\",\"created_at\":\"2021-12-31T21:00:30+09:00\",\"volume\":\"0.12369069\",\"remaining_volume\":\"0.12369069\",\"reserved_fee\":\"20.2667195565\",\"remaining_fee\":\"20.2667195565\",\"paid_fee\":\"0.0\",\"locked\":\"40553.7058325565\",\"executed_volume\":\"0.0\",\"trades_count\":0}"

NOTE: Log Print Time:  2021-12-31 21:00:30 
NOTE: Elapsed Time in seconds: 0.00391292572021484 

market=KRW-ADA&side=bid&volume=5.43124343627422&price=1650&ord_type=limit 

NOTE: Log Print Time:  2021-12-31 21:00:31 
NOTE: Elapsed Time in seconds: 0.417807102203369 

[1] 201

NOTE: Log Print Time:  2021-12-31 21:00:31 
NOTE: Elapsed Time in seconds: 0.0026400089263916 

[1] "{\"uuid\":\"cef7f1e9-42f2-47ca-923b-f7d7040d5773\",\"side\":\"bid\",\"ord_type\":\"limit\",\"price\":\"1650.0\",\"state\":\"wait\",\"market\":\"KRW-ADA\",\"created_at\":\"2021-12-31T21:00:31+09:00\",\"volume\":\"5.43124343\",\"remaining_volume\":\"5.43124343\",\"reserved_fee\":\"4.48077582975\",\"remaining_fee\":\"4.48077582975\",\"paid_fee\":\"0.0\",\"locked\":\"8966.03243532975\",\"executed_volume\":\"0.0\",\"trades_count\":0}"

NOTE: Log Print Time:  2021-12-31 21:00:31 
NOTE: Elapsed Time in seconds: 0.00376367568969727 

market=KRW-ATOM&side=bid&volume=1.06080358238046&price=37900&ord_type=limit 

NOTE: Log Print Time:  2021-12-31 21:00:31 
NOTE: Elapsed Time in seconds: 0.419915914535522 

[1] 201

NOTE: Log Print Time:  2021-12-31 21:00:31 
NOTE: Elapsed Time in seconds: 0.00263285636901855 

[1] "{\"uuid\":\"c524b4db-ccb8-47a8-b2d3-11e73210a9f3\",\"side\":\"bid\",\"ord_type\":\"limit\",\"price\":\"37900.0\",\"state\":\"wait\",\"market\":\"KRW-ATOM\",\"created_at\":\"2021-12-31T21:00:31+09:00\",\"volume\":\"1.06080358\",\"remaining_volume\":\"1.06080358\",\"reserved_fee\":\"20.102227841\",\"remaining_fee\":\"20.102227841\",\"paid_fee\":\"0.0\",\"locked\":\"40224.557909841\",\"executed_volume\":\"0.0\",\"trades_count\":0}"

NOTE: Log Print Time:  2021-12-31 21:00:31 
NOTE: Elapsed Time in seconds: 0.00405693054199219 

market=KRW-BTC&side=bid&volume=0.00332769784117361&price=58090000&ord_type=limit 

NOTE: Log Print Time:  2021-12-31 21:00:31 
NOTE: Elapsed Time in seconds: 0.424642324447632 

[1] 201

NOTE: Log Print Time:  2021-12-31 21:00:31 
NOTE: Elapsed Time in seconds: 0.00273394584655762 

[1] "{\"uuid\":\"e53a1e4c-5d88-4196-bf67-62e7809dc840\",\"side\":\"bid\",\"ord_type\":\"limit\",\"price\":\"58090000.0\",\"state\":\"wait\",\"market\":\"KRW-BTC\",\"created_at\":\"2021-12-31T21:00:31+09:00\",\"volume\":\"0.00332769\",\"remaining_volume\":\"0.00332769\",\"reserved_fee\":\"96.65275605\",\"remaining_fee\":\"96.65275605\",\"paid_fee\":\"0.0\",\"locked\":\"193402.16485605\",\"executed_volume\":\"0.0\",\"trades_count\":0}"

NOTE: Log Print Time:  2021-12-31 21:00:31 
NOTE: Elapsed Time in seconds: 0.00391650199890137 

market=KRW-ETH&side=bid&volume=0.0195710247245505&price=4582000&ord_type=limit 

NOTE: Log Print Time:  2021-12-31 21:00:32 
NOTE: Elapsed Time in seconds: 0.411771774291992 

[1] 201

NOTE: Log Print Time:  2021-12-31 21:00:32 
NOTE: Elapsed Time in seconds: 0.00232195854187012 

[1] "{\"uuid\":\"94d7e350-c157-41c8-932d-cdb9b9db26f8\",\"side\":\"bid\",\"ord_type\":\"limit\",\"price\":\"4582000.0\",\"state\":\"wait\",\"market\":\"KRW-ETH\",\"created_at\":\"2021-12-31T21:00:32+09:00\",\"volume\":\"0.01957102\",\"remaining_volume\":\"0.01957102\",\"reserved_fee\":\"44.83720682\",\"remaining_fee\":\"44.83720682\",\"paid_fee\":\"0.0\",\"locked\":\"89719.25084682\",\"executed_volume\":\"0.0\",\"trades_count\":0}"

NOTE: Log Print Time:  2021-12-31 21:00:32 
NOTE: Elapsed Time in seconds: 0.00359916687011719 

market=KRW-MATIC&side=bid&volume=12.9634227106601&price=3135&ord_type=limit 

NOTE: Log Print Time:  2021-12-31 21:00:32 
NOTE: Elapsed Time in seconds: 0.429529428482056 

[1] 201

NOTE: Log Print Time:  2021-12-31 21:00:32 
NOTE: Elapsed Time in seconds: 0.00342679023742676 

[1] "{\"uuid\":\"1e2725ca-31b6-4486-85f3-760259162789\",\"side\":\"bid\",\"ord_type\":\"limit\",\"price\":\"3135.0\",\"state\":\"wait\",\"market\":\"KRW-MATIC\",\"created_at\":\"2021-12-31T21:00:32+09:00\",\"volume\":\"12.96342271\",\"remaining_volume\":\"12.96342271\",\"reserved_fee\":\"20.320165097925\",\"remaining_fee\":\"20.320165097925\",\"paid_fee\":\"0.0\",\"locked\":\"40660.650360947925\",\"executed_volume\":\"0.0\",\"trades_count\":0}"

NOTE: Log Print Time:  2021-12-31 21:00:32 
NOTE: Elapsed Time in seconds: 0.00507378578186035 

market=KRW-SOL&side=bid&volume=0.0512837065726384&price=212300&ord_type=limit 

NOTE: Log Print Time:  2021-12-31 21:00:33 
NOTE: Elapsed Time in seconds: 0.432573556900024 

[1] 201

NOTE: Log Print Time:  2021-12-31 21:00:33 
NOTE: Elapsed Time in seconds: 0.00346755981445312 

[1] "{\"uuid\":\"e2facba2-d6e5-41bd-b529-100f3fbfc9a1\",\"side\":\"bid\",\"ord_type\":\"limit\",\"price\":\"212300.0\",\"state\":\"wait\",\"market\":\"KRW-SOL\",\"created_at\":\"2021-12-31T21:00:33+09:00\",\"volume\":\"0.0512837\",\"remaining_volume\":\"0.0512837\",\"reserved_fee\":\"5.443764755\",\"remaining_fee\":\"5.443764755\",\"paid_fee\":\"0.0\",\"locked\":\"10892.973274755\",\"executed_volume\":\"0.0\",\"trades_count\":0}"

NOTE: Log Print Time:  2021-12-31 21:00:33 
NOTE: Elapsed Time in seconds: 0.00506496429443359 

market=KRW-SXP&side=bid&volume=17.4632669025781&price=2490&ord_type=limit 

NOTE: Log Print Time:  2021-12-31 21:00:33 
NOTE: Elapsed Time in seconds: 0.427561044692993 

[1] 201

NOTE: Log Print Time:  2021-12-31 21:00:33 
NOTE: Elapsed Time in seconds: 0.00374817848205566 

[1] "{\"uuid\":\"5eff3af4-a50d-4c79-9918-3bc50a6433ca\",\"side\":\"bid\",\"ord_type\":\"limit\",\"price\":\"2490.0\",\"state\":\"wait\",\"market\":\"KRW-SXP\",\"created_at\":\"2021-12-31T21:00:33+09:00\",\"volume\":\"17.4632669\",\"remaining_volume\":\"17.4632669\",\"reserved_fee\":\"21.7417672905\",\"remaining_fee\":\"21.7417672905\",\"paid_fee\":\"0.0\",\"locked\":\"43505.2763482905\",\"executed_volume\":\"0.0\",\"trades_count\":0}"

NOTE: Log Print Time:  2021-12-31 21:00:33 
NOTE: Elapsed Time in seconds: 0.00550127029418945 

market=KRW-XRP&side=bid&volume=7.73984821904459&price=1030&ord_type=limit 

NOTE: Log Print Time:  2021-12-31 21:00:34 
NOTE: Elapsed Time in seconds: 0.440643787384033 

[1] 201

NOTE: Log Print Time:  2021-12-31 21:00:34 
NOTE: Elapsed Time in seconds: 0.00506019592285156 

[1] "{\"uuid\":\"fed9a85b-0216-45fb-b6b3-eaf2f2f73677\",\"side\":\"bid\",\"ord_type\":\"limit\",\"price\":\"1030.0\",\"state\":\"wait\",\"market\":\"KRW-XRP\",\"created_at\":\"2021-12-31T21:00:34+09:00\",\"volume\":\"7.73984821\",\"remaining_volume\":\"7.73984821\",\"reserved_fee\":\"3.98602182815\",\"remaining_fee\":\"3.98602182815\",\"paid_fee\":\"0.0\",\"locked\":\"7976.02967812815\",\"executed_volume\":\"0.0\",\"trades_count\":0}"

NOTE: Log Print Time:  2021-12-31 21:00:34 
NOTE: Elapsed Time in seconds: 0.0064697265625 

market=KRW-ZIL&side=bid&volume=436.889186355763&price=95.7&ord_type=limit 

NOTE: Log Print Time:  2021-12-31 21:00:34 
NOTE: Elapsed Time in seconds: 0.440932750701904 

[1] 201

NOTE: Log Print Time:  2021-12-31 21:00:34 
NOTE: Elapsed Time in seconds: 0.0037379264831543 

[1] "{\"uuid\":\"7570de9c-42c6-4df4-8a6f-2af1889f0266\",\"side\":\"bid\",\"ord_type\":\"limit\",\"price\":\"95.7\",\"state\":\"wait\",\"market\":\"KRW-ZIL\",\"created_at\":\"2021-12-31T21:00:34+09:00\",\"volume\":\"436.88918635\",\"remaining_volume\":\"436.88918635\",\"reserved_fee\":\"20.9051475668475\",\"remaining_fee\":\"20.9051475668475\",\"paid_fee\":\"0.0\",\"locked\":\"41831.2002812618475\",\"executed_volume\":\"0.0\",\"trades_count\":0}"

NOTE: Log Print Time:  2021-12-31 21:00:34 
NOTE: Elapsed Time in seconds: 0.00397062301635742 

