========================================================================= 
Log Path: /home/pi/stockInfoCrawler/StockTradebot/log/logcoinLog.2022-01-06.log 
Working Directory: /home/pi/stockInfoCrawler/StockTradebot/Rscript 
User Name: pi 
R Version: 3.6.2 (2019-12-12) 
Machine: raspberrypi armv7l 
Operating System: Linux 5.10.60-v7+ #1449 SMP Wed Aug 25 15:00:01 BST 2021 
Log Start Time: 2022-01-06 21:00:34 
========================================================================= 

market=KRW-ADA&side=ask&volume=8.26882745182927&price=1495&ord_type=limit 

NOTE: Log Print Time:  2022-01-06 21:00:34 
NOTE: Elapsed Time in seconds: 0.27513575553894 

[1] 201

NOTE: Log Print Time:  2022-01-06 21:00:34 
NOTE: Elapsed Time in seconds: 0.00248003005981445 

[1] "{\"uuid\":\"f9795889-d108-4439-85f7-751de74c3746\",\"side\":\"ask\",\"ord_type\":\"limit\",\"price\":\"1495.0\",\"state\":\"wait\",\"market\":\"KRW-ADA\",\"created_at\":\"2022-01-06T21:00:34+09:00\",\"volume\":\"8.26882745\",\"remaining_volume\":\"8.26882745\",\"reserved_fee\":\"0.0\",\"remaining_fee\":\"0.0\",\"paid_fee\":\"0.0\",\"locked\":\"8.26882745\",\"executed_volume\":\"0.0\",\"trades_count\":0}"

NOTE: Log Print Time:  2022-01-06 21:00:34 
NOTE: Elapsed Time in seconds: 0.00352168083190918 

market=KRW-ATOM&side=ask&volume=0.257105625404276&price=44910&ord_type=limit 

NOTE: Log Print Time:  2022-01-06 21:00:34 
NOTE: Elapsed Time in seconds: 0.451520442962646 

[1] 201

NOTE: Log Print Time:  2022-01-06 21:00:34 
NOTE: Elapsed Time in seconds: 0.00232696533203125 

[1] "{\"uuid\":\"36d2d442-0919-4cfb-9581-1aed1837ae09\",\"side\":\"ask\",\"ord_type\":\"limit\",\"price\":\"44910.0\",\"state\":\"wait\",\"market\":\"KRW-ATOM\",\"created_at\":\"2022-01-06T21:00:34+09:00\",\"volume\":\"0.25710562\",\"remaining_volume\":\"0.25710562\",\"reserved_fee\":\"0.0\",\"remaining_fee\":\"0.0\",\"paid_fee\":\"0.0\",\"locked\":\"0.25710562\",\"executed_volume\":\"0.0\",\"trades_count\":0}"

NOTE: Log Print Time:  2022-01-06 21:00:34 
NOTE: Elapsed Time in seconds: 0.00348472595214844 

market=KRW-BTC&side=ask&volume=0.00450617034291437&price=53050000&ord_type=limit 

NOTE: Log Print Time:  2022-01-06 21:00:35 
NOTE: Elapsed Time in seconds: 0.444425821304321 

[1] 201

NOTE: Log Print Time:  2022-01-06 21:00:35 
NOTE: Elapsed Time in seconds: 0.00233936309814453 

[1] "{\"uuid\":\"dc2219ef-0b1c-4d83-bc72-caa1067e9ee9\",\"side\":\"ask\",\"ord_type\":\"limit\",\"price\":\"53050000.0\",\"state\":\"wait\",\"market\":\"KRW-BTC\",\"created_at\":\"2022-01-06T21:00:35+09:00\",\"volume\":\"0.00450617\",\"remaining_volume\":\"0.00450617\",\"reserved_fee\":\"0.0\",\"remaining_fee\":\"0.0\",\"paid_fee\":\"0.0\",\"locked\":\"0.00450617\",\"executed_volume\":\"0.0\",\"trades_count\":0}"

NOTE: Log Print Time:  2022-01-06 21:00:35 
NOTE: Elapsed Time in seconds: 0.00351500511169434 

market=KRW-ETH&side=ask&volume=0.0286994837688593&price=4147000&ord_type=limit 

NOTE: Log Print Time:  2022-01-06 21:00:35 
NOTE: Elapsed Time in seconds: 0.41385817527771 

[1] 201

NOTE: Log Print Time:  2022-01-06 21:00:35 
NOTE: Elapsed Time in seconds: 0.00234675407409668 

[1] "{\"uuid\":\"061af89e-be1a-4d17-97a3-32af9bde8aeb\",\"side\":\"ask\",\"ord_type\":\"limit\",\"price\":\"4147000.0\",\"state\":\"wait\",\"market\":\"KRW-ETH\",\"created_at\":\"2022-01-06T21:00:35+09:00\",\"volume\":\"0.02869948\",\"remaining_volume\":\"0.02869948\",\"reserved_fee\":\"0.0\",\"remaining_fee\":\"0.0\",\"paid_fee\":\"0.0\",\"locked\":\"0.02869948\",\"executed_volume\":\"0.0\",\"trades_count\":0}"

NOTE: Log Print Time:  2022-01-06 21:00:35 
NOTE: Elapsed Time in seconds: 0.00349116325378418 

market=KRW-KAVA&side=ask&volume=2.29922657638375&price=5045&ord_type=limit 

NOTE: Log Print Time:  2022-01-06 21:00:36 
NOTE: Elapsed Time in seconds: 0.437239408493042 

[1] 201

NOTE: Log Print Time:  2022-01-06 21:00:36 
NOTE: Elapsed Time in seconds: 0.00331640243530273 

[1] "{\"uuid\":\"b5dd1a2f-7c74-4b32-98ed-d31b2c7d7b9c\",\"side\":\"ask\",\"ord_type\":\"limit\",\"price\":\"5045.0\",\"state\":\"wait\",\"market\":\"KRW-KAVA\",\"created_at\":\"2022-01-06T21:00:36+09:00\",\"volume\":\"2.29922657\",\"remaining_volume\":\"2.29922657\",\"reserved_fee\":\"0.0\",\"remaining_fee\":\"0.0\",\"paid_fee\":\"0.0\",\"locked\":\"2.29922657\",\"executed_volume\":\"0.0\",\"trades_count\":0}"

NOTE: Log Print Time:  2022-01-06 21:00:36 
NOTE: Elapsed Time in seconds: 0.00516676902770996 

market=KRW-LINK&side=ask&volume=0.401401155274449&price=29900&ord_type=limit 

NOTE: Log Print Time:  2022-01-06 21:00:36 
NOTE: Elapsed Time in seconds: 0.418369293212891 

[1] 201

NOTE: Log Print Time:  2022-01-06 21:00:36 
NOTE: Elapsed Time in seconds: 0.00330853462219238 

[1] "{\"uuid\":\"1248df8e-f58a-4a3a-b3b6-8b588e99b706\",\"side\":\"ask\",\"ord_type\":\"limit\",\"price\":\"29900.0\",\"state\":\"wait\",\"market\":\"KRW-LINK\",\"created_at\":\"2022-01-06T21:00:36+09:00\",\"volume\":\"0.40140115\",\"remaining_volume\":\"0.40140115\",\"reserved_fee\":\"0.0\",\"remaining_fee\":\"0.0\",\"paid_fee\":\"0.0\",\"locked\":\"0.40140115\",\"executed_volume\":\"0.0\",\"trades_count\":0}"

NOTE: Log Print Time:  2022-01-06 21:00:36 
NOTE: Elapsed Time in seconds: 0.00519680976867676 

market=KRW-POWR&side=ask&volume=19.05257800244&price=650&ord_type=limit 

NOTE: Log Print Time:  2022-01-06 21:00:37 
NOTE: Elapsed Time in seconds: 0.426416635513306 

[1] 201

NOTE: Log Print Time:  2022-01-06 21:00:37 
NOTE: Elapsed Time in seconds: 0.00357294082641602 

[1] "{\"uuid\":\"f6bfeae0-c6f0-405e-b2cc-2726fb0f1397\",\"side\":\"ask\",\"ord_type\":\"limit\",\"price\":\"650.0\",\"state\":\"wait\",\"market\":\"KRW-POWR\",\"created_at\":\"2022-01-06T21:00:37+09:00\",\"volume\":\"19.052578\",\"remaining_volume\":\"19.052578\",\"reserved_fee\":\"0.0\",\"remaining_fee\":\"0.0\",\"paid_fee\":\"0.0\",\"locked\":\"19.052578\",\"executed_volume\":\"0.0\",\"trades_count\":0}"

NOTE: Log Print Time:  2022-01-06 21:00:37 
NOTE: Elapsed Time in seconds: 0.00493955612182617 

market=KRW-SOL&side=ask&volume=0.0724556777451046&price=187100&ord_type=limit 

NOTE: Log Print Time:  2022-01-06 21:00:37 
NOTE: Elapsed Time in seconds: 0.427413702011108 

[1] 201

NOTE: Log Print Time:  2022-01-06 21:00:37 
NOTE: Elapsed Time in seconds: 0.00374031066894531 

[1] "{\"uuid\":\"0fb40627-44d3-47bf-9768-3a8b29b9ade3\",\"side\":\"ask\",\"ord_type\":\"limit\",\"price\":\"187100.0\",\"state\":\"wait\",\"market\":\"KRW-SOL\",\"created_at\":\"2022-01-06T21:00:37+09:00\",\"volume\":\"0.07245567\",\"remaining_volume\":\"0.07245567\",\"reserved_fee\":\"0.0\",\"remaining_fee\":\"0.0\",\"paid_fee\":\"0.0\",\"locked\":\"0.07245567\",\"executed_volume\":\"0.0\",\"trades_count\":0}"

NOTE: Log Print Time:  2022-01-06 21:00:37 
NOTE: Elapsed Time in seconds: 0.00571346282958984 

market=KRW-SXP&side=ask&volume=6.20647459055164&price=2005&ord_type=limit 

NOTE: Log Print Time:  2022-01-06 21:00:37 
NOTE: Elapsed Time in seconds: 0.428018093109131 

[1] 201

NOTE: Log Print Time:  2022-01-06 21:00:37 
NOTE: Elapsed Time in seconds: 0.00365591049194336 

[1] "{\"uuid\":\"ae8c631f-5498-40bd-b1d1-6bd7184f68c2\",\"side\":\"ask\",\"ord_type\":\"limit\",\"price\":\"2005.0\",\"state\":\"wait\",\"market\":\"KRW-SXP\",\"created_at\":\"2022-01-06T21:00:37+09:00\",\"volume\":\"6.20647459\",\"remaining_volume\":\"6.20647459\",\"reserved_fee\":\"0.0\",\"remaining_fee\":\"0.0\",\"paid_fee\":\"0.0\",\"locked\":\"6.20647459\",\"executed_volume\":\"0.0\",\"trades_count\":0}"

NOTE: Log Print Time:  2022-01-06 21:00:37 
NOTE: Elapsed Time in seconds: 0.00545310974121094 

market=KRW-XRP&side=ask&volume=11.3410702714694&price=927&ord_type=limit 

NOTE: Log Print Time:  2022-01-06 21:00:38 
NOTE: Elapsed Time in seconds: 0.514344453811646 

[1] 201

NOTE: Log Print Time:  2022-01-06 21:00:38 
NOTE: Elapsed Time in seconds: 0.00466299057006836 

[1] "{\"uuid\":\"edba84ca-9233-4dd0-977f-822c23b22fb7\",\"side\":\"ask\",\"ord_type\":\"limit\",\"price\":\"927.0\",\"state\":\"wait\",\"market\":\"KRW-XRP\",\"created_at\":\"2022-01-06T21:00:38+09:00\",\"volume\":\"11.34107027\",\"remaining_volume\":\"11.34107027\",\"reserved_fee\":\"0.0\",\"remaining_fee\":\"0.0\",\"paid_fee\":\"0.0\",\"locked\":\"11.34107027\",\"executed_volume\":\"0.0\",\"trades_count\":0}"

NOTE: Log Print Time:  2022-01-06 21:00:38 
NOTE: Elapsed Time in seconds: 0.00741767883300781 

