========================================================================= 
Log Path: /home/pi/stockInfoCrawler/StockTradebot/log/logcoinLog.2022-01-03.log 
Working Directory: /home/pi/stockInfoCrawler/StockTradebot/Rscript 
User Name: pi 
R Version: 3.6.2 (2019-12-12) 
Machine: raspberrypi armv7l 
Operating System: Linux 5.10.60-v7+ #1449 SMP Wed Aug 25 15:00:01 BST 2021 
Log Start Time: 2022-01-03 21:00:34 
========================================================================= 

market=KRW-AAVE&side=bid&volume=1.54238592598335&price=343750&ord_type=limit 

NOTE: Log Print Time:  2022-01-03 21:00:34 
NOTE: Elapsed Time in seconds: 0.267342567443848 

[1] 201

NOTE: Log Print Time:  2022-01-03 21:00:34 
NOTE: Elapsed Time in seconds: 0.0029900074005127 

[1] "{\"uuid\":\"5a7c641c-1b37-46b3-819e-c2cdebd66a99\",\"side\":\"bid\",\"ord_type\":\"limit\",\"price\":\"343750.0\",\"state\":\"wait\",\"market\":\"KRW-AAVE\",\"created_at\":\"2022-01-03T21:00:34+09:00\",\"volume\":\"1.54238592\",\"remaining_volume\":\"1.54238592\",\"reserved_fee\":\"265.09758\",\"remaining_fee\":\"265.09758\",\"paid_fee\":\"0.0\",\"locked\":\"530460.25758\",\"executed_volume\":\"0.0\",\"trades_count\":0}"

NOTE: Log Print Time:  2022-01-03 21:00:34 
NOTE: Elapsed Time in seconds: 0.00447416305541992 

market=KRW-ADA&side=ask&volume=16.1886276015742&price=1660&ord_type=limit 

NOTE: Log Print Time:  2022-01-03 21:00:35 
NOTE: Elapsed Time in seconds: 0.467433929443359 

[1] 201

NOTE: Log Print Time:  2022-01-03 21:00:35 
NOTE: Elapsed Time in seconds: 0.00327324867248535 

[1] "{\"uuid\":\"53853550-3980-4c1a-80d7-b09ec340d026\",\"side\":\"ask\",\"ord_type\":\"limit\",\"price\":\"1660.0\",\"state\":\"wait\",\"market\":\"KRW-ADA\",\"created_at\":\"2022-01-03T21:00:35+09:00\",\"volume\":\"16.1886276\",\"remaining_volume\":\"16.1886276\",\"reserved_fee\":\"0.0\",\"remaining_fee\":\"0.0\",\"paid_fee\":\"0.0\",\"locked\":\"16.1886276\",\"executed_volume\":\"0.0\",\"trades_count\":0}"

NOTE: Log Print Time:  2022-01-03 21:00:35 
NOTE: Elapsed Time in seconds: 0.00443267822265625 

market=KRW-ATOM&side=ask&volume=0.551112939429589&price=45540&ord_type=limit 

NOTE: Log Print Time:  2022-01-03 21:00:35 
NOTE: Elapsed Time in seconds: 0.436492681503296 

[1] 201

NOTE: Log Print Time:  2022-01-03 21:00:35 
NOTE: Elapsed Time in seconds: 0.00328731536865234 

[1] "{\"uuid\":\"36c08c50-3c5f-4e42-bbc7-292cc1abbf5c\",\"side\":\"ask\",\"ord_type\":\"limit\",\"price\":\"45540.0\",\"state\":\"wait\",\"market\":\"KRW-ATOM\",\"created_at\":\"2022-01-03T21:00:35+09:00\",\"volume\":\"0.55111293\",\"remaining_volume\":\"0.55111293\",\"reserved_fee\":\"0.0\",\"remaining_fee\":\"0.0\",\"paid_fee\":\"0.0\",\"locked\":\"0.55111293\",\"executed_volume\":\"0.0\",\"trades_count\":0}"

NOTE: Log Print Time:  2022-01-03 21:00:35 
NOTE: Elapsed Time in seconds: 0.00467610359191895 

market=KRW-BTC&side=bid&volume=0.0057041008040499&price=57565000&ord_type=limit 

NOTE: Log Print Time:  2022-01-03 21:00:36 
NOTE: Elapsed Time in seconds: 0.489249706268311 

[1] 201

NOTE: Log Print Time:  2022-01-03 21:00:36 
NOTE: Elapsed Time in seconds: 0.00239324569702148 

[1] "{\"uuid\":\"e8669f46-767a-467b-9622-221c5babec86\",\"side\":\"bid\",\"ord_type\":\"limit\",\"price\":\"57565000.0\",\"state\":\"wait\",\"market\":\"KRW-BTC\",\"created_at\":\"2022-01-03T21:00:36+09:00\",\"volume\":\"0.0057041\",\"remaining_volume\":\"0.0057041\",\"reserved_fee\":\"164.17825825\",\"remaining_fee\":\"164.17825825\",\"paid_fee\":\"0.0\",\"locked\":\"328520.69475825\",\"executed_volume\":\"0.0\",\"trades_count\":0}"

NOTE: Log Print Time:  2022-01-03 21:00:36 
NOTE: Elapsed Time in seconds: 0.0035398006439209 

market=KRW-CBK&side=ask&volume=101.2577741&price=4270&ord_type=limit 

NOTE: Log Print Time:  2022-01-03 21:00:36 
NOTE: Elapsed Time in seconds: 0.544816255569458 

[1] 201

NOTE: Log Print Time:  2022-01-03 21:00:36 
NOTE: Elapsed Time in seconds: 0.00429606437683105 

[1] "{\"uuid\":\"dfe315b6-1e56-4807-ae44-0c94c27383d9\",\"side\":\"ask\",\"ord_type\":\"limit\",\"price\":\"4270.0\",\"state\":\"wait\",\"market\":\"KRW-CBK\",\"created_at\":\"2022-01-03T21:00:36+09:00\",\"volume\":\"101.2577741\",\"remaining_volume\":\"101.2577741\",\"reserved_fee\":\"0.0\",\"remaining_fee\":\"0.0\",\"paid_fee\":\"0.0\",\"locked\":\"101.2577741\",\"executed_volume\":\"0.0\",\"trades_count\":0}"

NOTE: Log Print Time:  2022-01-03 21:00:36 
NOTE: Elapsed Time in seconds: 0.00653409957885742 

market=KRW-ELF&side=bid&volume=79.6273973282143&price=590&ord_type=limit 

NOTE: Log Print Time:  2022-01-03 21:00:37 
NOTE: Elapsed Time in seconds: 0.435217142105103 

[1] 201

NOTE: Log Print Time:  2022-01-03 21:00:37 
NOTE: Elapsed Time in seconds: 0.00383543968200684 

[1] "{\"uuid\":\"bb1e0832-1602-4d7f-a10f-a7fb7d06ea6e\",\"side\":\"bid\",\"ord_type\":\"limit\",\"price\":\"590.0\",\"state\":\"wait\",\"market\":\"KRW-ELF\",\"created_at\":\"2022-01-03T21:00:37+09:00\",\"volume\":\"79.62739732\",\"remaining_volume\":\"79.62739732\",\"reserved_fee\":\"23.4900822094\",\"remaining_fee\":\"23.4900822094\",\"paid_fee\":\"0.0\",\"locked\":\"47003.6545010094\",\"executed_volume\":\"0.0\",\"trades_count\":0}"

NOTE: Log Print Time:  2022-01-03 21:00:37 
NOTE: Elapsed Time in seconds: 0.00580191612243652 

market=KRW-ETH&side=bid&volume=0.0357053116912021&price=4663000&ord_type=limit 

NOTE: Log Print Time:  2022-01-03 21:00:37 
NOTE: Elapsed Time in seconds: 0.490979194641113 

[1] 201

NOTE: Log Print Time:  2022-01-03 21:00:37 
NOTE: Elapsed Time in seconds: 0.00479722023010254 

[1] "{\"uuid\":\"02b94ed2-b38e-4278-b89b-f0d6c4940ff6\",\"side\":\"bid\",\"ord_type\":\"limit\",\"price\":\"4663000.0\",\"state\":\"wait\",\"market\":\"KRW-ETH\",\"created_at\":\"2022-01-03T21:00:37+09:00\",\"volume\":\"0.03570531\",\"remaining_volume\":\"0.03570531\",\"reserved_fee\":\"83.246930265\",\"remaining_fee\":\"83.246930265\",\"paid_fee\":\"0.0\",\"locked\":\"166577.107460265\",\"executed_volume\":\"0.0\",\"trades_count\":0}"

NOTE: Log Print Time:  2022-01-03 21:00:37 
NOTE: Elapsed Time in seconds: 0.00762486457824707 

market=KRW-POWR&side=bid&volume=117.022535017679&price=790&ord_type=limit 

NOTE: Log Print Time:  2022-01-03 21:00:38 
NOTE: Elapsed Time in seconds: 0.544032096862793 

[1] 201

NOTE: Log Print Time:  2022-01-03 21:00:38 
NOTE: Elapsed Time in seconds: 0.00487947463989258 

[1] "{\"uuid\":\"1930dee1-230d-4500-8b94-3172f127056f\",\"side\":\"bid\",\"ord_type\":\"limit\",\"price\":\"790.0\",\"state\":\"wait\",\"market\":\"KRW-POWR\",\"created_at\":\"2022-01-03T21:00:38+09:00\",\"volume\":\"117.02253501\",\"remaining_volume\":\"117.02253501\",\"reserved_fee\":\"46.22390132895\",\"remaining_fee\":\"46.22390132895\",\"paid_fee\":\"0.0\",\"locked\":\"92494.02655922895\",\"executed_volume\":\"0.0\",\"trades_count\":0}"

NOTE: Log Print Time:  2022-01-03 21:00:38 
NOTE: Elapsed Time in seconds: 0.00755429267883301 

market=KRW-SOL&side=ask&volume=0.148606993640483&price=212550&ord_type=limit 

NOTE: Log Print Time:  2022-01-03 21:00:38 
NOTE: Elapsed Time in seconds: 0.429393529891968 

[1] 201

NOTE: Log Print Time:  2022-01-03 21:00:38 
NOTE: Elapsed Time in seconds: 0.00373363494873047 

[1] "{\"uuid\":\"f17957a5-6281-4ed2-99a2-73e51ae1c31b\",\"side\":\"ask\",\"ord_type\":\"limit\",\"price\":\"212550.0\",\"state\":\"wait\",\"market\":\"KRW-SOL\",\"created_at\":\"2022-01-03T21:00:38+09:00\",\"volume\":\"0.14860699\",\"remaining_volume\":\"0.14860699\",\"reserved_fee\":\"0.0\",\"remaining_fee\":\"0.0\",\"paid_fee\":\"0.0\",\"locked\":\"0.14860699\",\"executed_volume\":\"0.0\",\"trades_count\":0}"

NOTE: Log Print Time:  2022-01-03 21:00:38 
NOTE: Elapsed Time in seconds: 0.00584697723388672 

market=KRW-SXP&side=bid&volume=6.20379394768747&price=2475&ord_type=limit 

NOTE: Log Print Time:  2022-01-03 21:00:39 
NOTE: Elapsed Time in seconds: 0.552297353744507 

[1] 201

NOTE: Log Print Time:  2022-01-03 21:00:39 
NOTE: Elapsed Time in seconds: 0.00429558753967285 

[1] "{\"uuid\":\"7abc8874-f8b5-4f59-907b-55c7a73c9c24\",\"side\":\"bid\",\"ord_type\":\"limit\",\"price\":\"2475.0\",\"state\":\"wait\",\"market\":\"KRW-SXP\",\"created_at\":\"2022-01-03T21:00:39+09:00\",\"volume\":\"6.20379394\",\"remaining_volume\":\"6.20379394\",\"reserved_fee\":\"7.67719500075\",\"remaining_fee\":\"7.67719500075\",\"paid_fee\":\"0.0\",\"locked\":\"15362.06719650075\",\"executed_volume\":\"0.0\",\"trades_count\":0}"

NOTE: Log Print Time:  2022-01-03 21:00:39 
NOTE: Elapsed Time in seconds: 0.0064547061920166 

market=KRW-XRP&side=ask&volume=19.2642782572808&price=1030&ord_type=limit 

NOTE: Log Print Time:  2022-01-03 21:00:39 
NOTE: Elapsed Time in seconds: 0.476452112197876 

[1] 201

NOTE: Log Print Time:  2022-01-03 21:00:39 
NOTE: Elapsed Time in seconds: 0.00330162048339844 

[1] "{\"uuid\":\"7d5e2800-1d8e-4ff7-8e2c-ee1c4c808c77\",\"side\":\"ask\",\"ord_type\":\"limit\",\"price\":\"1030.0\",\"state\":\"wait\",\"market\":\"KRW-XRP\",\"created_at\":\"2022-01-03T21:00:39+09:00\",\"volume\":\"19.26427825\",\"remaining_volume\":\"19.26427825\",\"reserved_fee\":\"0.0\",\"remaining_fee\":\"0.0\",\"paid_fee\":\"0.0\",\"locked\":\"19.26427825\",\"executed_volume\":\"0.0\",\"trades_count\":0}"

NOTE: Log Print Time:  2022-01-03 21:00:39 
NOTE: Elapsed Time in seconds: 0.00510954856872559 

