========================================================================= 
Log Path: /home/pi/stockInfoCrawler/StockTradebot/log/logcoinLog.2021-11-30.log 
Working Directory: /home/pi/stockInfoCrawler/StockTradebot/Rscript 
User Name: pi 
R Version: 3.6.2 (2019-12-12) 
Machine: raspberrypi armv7l 
Operating System: Linux 5.10.60-v7+ #1449 SMP Wed Aug 25 15:00:01 BST 2021 
Log Start Time: 2021-11-30 18:00:43 
========================================================================= 

market=KRW-ADA&side=bid&volume=6.32563648693924&price=1955&ord_type=limit 

NOTE: Log Print Time:  2021-11-30 18:00:43 
NOTE: Elapsed Time in seconds: 0.341759204864502 

[1] 201

NOTE: Log Print Time:  2021-11-30 18:00:43 
NOTE: Elapsed Time in seconds: 0.00247478485107422 

[1] "{\"uuid\":\"1eb6223d-237b-4c6f-8c13-8210b9b4b3a6\",\"side\":\"bid\",\"ord_type\":\"limit\",\"price\":\"1955.0\",\"state\":\"wait\",\"market\":\"KRW-ADA\",\"created_at\":\"2021-11-30T18:00:43+09:00\",\"volume\":\"6.32563648\",\"remaining_volume\":\"6.32563648\",\"reserved_fee\":\"6.1833096592\",\"remaining_fee\":\"6.1833096592\",\"paid_fee\":\"0.0\",\"locked\":\"12372.8026280592\",\"executed_volume\":\"0.0\",\"trades_count\":0}"

NOTE: Log Print Time:  2021-11-30 18:00:43 
NOTE: Elapsed Time in seconds: 0.00350785255432129 

market=KRW-BORA&side=bid&volume=19.8835687083029&price=1470&ord_type=limit 

NOTE: Log Print Time:  2021-11-30 18:00:44 
NOTE: Elapsed Time in seconds: 0.427768707275391 

[1] 201

NOTE: Log Print Time:  2021-11-30 18:00:44 
NOTE: Elapsed Time in seconds: 0.00233364105224609 

[1] "{\"uuid\":\"202a1844-1f44-4322-bc12-eb56f2dcb668\",\"side\":\"bid\",\"ord_type\":\"limit\",\"price\":\"1470.0\",\"state\":\"wait\",\"market\":\"KRW-BORA\",\"created_at\":\"2021-11-30T18:00:44+09:00\",\"volume\":\"19.8835687\",\"remaining_volume\":\"19.8835687\",\"reserved_fee\":\"14.6144229945\",\"remaining_fee\":\"14.6144229945\",\"paid_fee\":\"0.0\",\"locked\":\"29243.4604119945\",\"executed_volume\":\"0.0\",\"trades_count\":0}"

NOTE: Log Print Time:  2021-11-30 18:00:44 
NOTE: Elapsed Time in seconds: 0.00352025032043457 

market=KRW-BTC&side=bid&volume=0.00373872820611462&price=71084000&ord_type=limit 

NOTE: Log Print Time:  2021-11-30 18:00:44 
NOTE: Elapsed Time in seconds: 0.457976579666138 

[1] 201

NOTE: Log Print Time:  2021-11-30 18:00:44 
NOTE: Elapsed Time in seconds: 0.00480127334594727 

[1] "{\"uuid\":\"c0f6a383-a262-4e63-95d5-630efdf8cfce\",\"side\":\"bid\",\"ord_type\":\"limit\",\"price\":\"71084000.0\",\"state\":\"wait\",\"market\":\"KRW-BTC\",\"created_at\":\"2021-11-30T18:00:44+09:00\",\"volume\":\"0.00373872\",\"remaining_volume\":\"0.00373872\",\"reserved_fee\":\"132.88158624\",\"remaining_fee\":\"132.88158624\",\"paid_fee\":\"0.0\",\"locked\":\"265896.05406624\",\"executed_volume\":\"0.0\",\"trades_count\":0}"

NOTE: Log Print Time:  2021-11-30 18:00:44 
NOTE: Elapsed Time in seconds: 0.00786781311035156 

market=KRW-CRO&side=bid&volume=89.3073989674115&price=871&ord_type=limit 

NOTE: Log Print Time:  2021-11-30 18:00:45 
NOTE: Elapsed Time in seconds: 0.555217742919922 

[1] 201

NOTE: Log Print Time:  2021-11-30 18:00:45 
NOTE: Elapsed Time in seconds: 0.0048067569732666 

[1] "{\"uuid\":\"4a82276f-6dd7-46a0-a934-4ada287dbac3\",\"side\":\"bid\",\"ord_type\":\"limit\",\"price\":\"871.0\",\"state\":\"wait\",\"market\":\"KRW-CRO\",\"created_at\":\"2021-11-30T18:00:45+09:00\",\"volume\":\"89.30739896\",\"remaining_volume\":\"89.30739896\",\"reserved_fee\":\"38.89337224708\",\"remaining_fee\":\"38.89337224708\",\"paid_fee\":\"0.0\",\"locked\":\"77825.63786640708\",\"executed_volume\":\"0.0\",\"trades_count\":0}"

NOTE: Log Print Time:  2021-11-30 18:00:45 
NOTE: Elapsed Time in seconds: 0.00739383697509766 

market=KRW-ETH&side=bid&volume=0.0231940313802976&price=5534000&ord_type=limit 

NOTE: Log Print Time:  2021-11-30 18:00:45 
NOTE: Elapsed Time in seconds: 0.516312599182129 

[1] 201

NOTE: Log Print Time:  2021-11-30 18:00:45 
NOTE: Elapsed Time in seconds: 0.0056004524230957 

[1] "{\"uuid\":\"94b8463a-94cf-4a5b-9235-65e82f45c932\",\"side\":\"bid\",\"ord_type\":\"limit\",\"price\":\"5534000.0\",\"state\":\"wait\",\"market\":\"KRW-ETH\",\"created_at\":\"2021-11-30T18:00:45+09:00\",\"volume\":\"0.02319403\",\"remaining_volume\":\"0.02319403\",\"reserved_fee\":\"64.17788101\",\"remaining_fee\":\"64.17788101\",\"paid_fee\":\"0.0\",\"locked\":\"128419.93990101\",\"executed_volume\":\"0.0\",\"trades_count\":0}"

NOTE: Log Print Time:  2021-11-30 18:00:45 
NOTE: Elapsed Time in seconds: 0.00812554359436035 

market=KRW-HIVE&side=ask&volume=73.0185924046376&price=3395&ord_type=limit 

NOTE: Log Print Time:  2021-11-30 18:00:46 
NOTE: Elapsed Time in seconds: 0.536647081375122 

[1] 201

NOTE: Log Print Time:  2021-11-30 18:00:46 
NOTE: Elapsed Time in seconds: 0.00545668601989746 

[1] "{\"uuid\":\"c6806c45-3aa5-4ff3-b58d-606c344f2ef5\",\"side\":\"ask\",\"ord_type\":\"limit\",\"price\":\"3395.0\",\"state\":\"wait\",\"market\":\"KRW-HIVE\",\"created_at\":\"2021-11-30T18:00:46+09:00\",\"volume\":\"73.0185924\",\"remaining_volume\":\"73.0185924\",\"reserved_fee\":\"0.0\",\"remaining_fee\":\"0.0\",\"paid_fee\":\"0.0\",\"locked\":\"73.0185924\",\"executed_volume\":\"0.0\",\"trades_count\":0}"

NOTE: Log Print Time:  2021-11-30 18:00:46 
NOTE: Elapsed Time in seconds: 0.00764918327331543 

market=KRW-MANA&side=bid&volume=251.184544385342&price=5870&ord_type=limit 

NOTE: Log Print Time:  2021-11-30 18:00:46 
NOTE: Elapsed Time in seconds: 0.461544275283813 

[1] 201

NOTE: Log Print Time:  2021-11-30 18:00:46 
NOTE: Elapsed Time in seconds: 0.00570416450500488 

[1] "{\"uuid\":\"b5ac7205-abdd-47b1-aaf8-235cffbcfdfa\",\"side\":\"bid\",\"ord_type\":\"limit\",\"price\":\"5870.0\",\"state\":\"wait\",\"market\":\"KRW-MANA\",\"created_at\":\"2021-11-30T18:00:46+09:00\",\"volume\":\"251.18454438\",\"remaining_volume\":\"251.18454438\",\"reserved_fee\":\"737.2266377553\",\"remaining_fee\":\"737.2266377553\",\"paid_fee\":\"0.0\",\"locked\":\"1475190.5021483553\",\"executed_volume\":\"0.0\",\"trades_count\":0}"

NOTE: Log Print Time:  2021-11-30 18:00:46 
NOTE: Elapsed Time in seconds: 0.00856947898864746 

market=KRW-SAND&side=bid&volume=13.2149422333004&price=8440&ord_type=limit 

NOTE: Log Print Time:  2021-11-30 18:00:47 
NOTE: Elapsed Time in seconds: 0.433414220809937 

[1] 201

NOTE: Log Print Time:  2021-11-30 18:00:47 
NOTE: Elapsed Time in seconds: 0.00305747985839844 

[1] "{\"uuid\":\"33703a81-f481-44e2-932c-7eb71b2eb5ea\",\"side\":\"bid\",\"ord_type\":\"limit\",\"price\":\"8440.0\",\"state\":\"wait\",\"market\":\"KRW-SAND\",\"created_at\":\"2021-11-30T18:00:47+09:00\",\"volume\":\"13.21494223\",\"remaining_volume\":\"13.21494223\",\"reserved_fee\":\"55.7670562106\",\"remaining_fee\":\"55.7670562106\",\"paid_fee\":\"0.0\",\"locked\":\"111589.8794774106\",\"executed_volume\":\"0.0\",\"trades_count\":0}"

NOTE: Log Print Time:  2021-11-30 18:00:47 
NOTE: Elapsed Time in seconds: 0.0044395923614502 

market=KRW-SOL&side=bid&volume=0.0580006327477447&price=252550&ord_type=limit 

NOTE: Log Print Time:  2021-11-30 18:00:47 
NOTE: Elapsed Time in seconds: 0.418439865112305 

[1] 201

NOTE: Log Print Time:  2021-11-30 18:00:47 
NOTE: Elapsed Time in seconds: 0.00234270095825195 

[1] "{\"uuid\":\"33deabac-a42e-4635-bc64-d58991d4621a\",\"side\":\"bid\",\"ord_type\":\"limit\",\"price\":\"252550.0\",\"state\":\"wait\",\"market\":\"KRW-SOL\",\"created_at\":\"2021-11-30T18:00:47+09:00\",\"volume\":\"0.05800063\",\"remaining_volume\":\"0.05800063\",\"reserved_fee\":\"7.32402955325\",\"remaining_fee\":\"7.32402955325\",\"paid_fee\":\"0.0\",\"locked\":\"14655.38313605325\",\"executed_volume\":\"0.0\",\"trades_count\":0}"

NOTE: Log Print Time:  2021-11-30 18:00:47 
NOTE: Elapsed Time in seconds: 0.00344610214233398 

market=KRW-STORJ&side=ask&volume=416.09268977&price=3440&ord_type=limit 

NOTE: Log Print Time:  2021-11-30 18:00:48 
NOTE: Elapsed Time in seconds: 0.431058645248413 

[1] 201

NOTE: Log Print Time:  2021-11-30 18:00:48 
NOTE: Elapsed Time in seconds: 0.00235199928283691 

[1] "{\"uuid\":\"7eaa241f-2129-40d2-a960-7871af8f2d2f\",\"side\":\"ask\",\"ord_type\":\"limit\",\"price\":\"3440.0\",\"state\":\"wait\",\"market\":\"KRW-STORJ\",\"created_at\":\"2021-11-30T18:00:48+09:00\",\"volume\":\"416.09268977\",\"remaining_volume\":\"416.09268977\",\"reserved_fee\":\"0.0\",\"remaining_fee\":\"0.0\",\"paid_fee\":\"0.0\",\"locked\":\"416.09268977\",\"executed_volume\":\"0.0\",\"trades_count\":0}"

NOTE: Log Print Time:  2021-11-30 18:00:48 
NOTE: Elapsed Time in seconds: 0.00341081619262695 

market=KRW-XRP&side=bid&volume=9.58376784511138&price=1230&ord_type=limit 

NOTE: Log Print Time:  2021-11-30 18:00:48 
NOTE: Elapsed Time in seconds: 0.541394710540771 

[1] 201

NOTE: Log Print Time:  2021-11-30 18:00:48 
NOTE: Elapsed Time in seconds: 0.00468969345092773 

[1] "{\"uuid\":\"d84bac66-21d5-45c0-bfab-f9e3352a3360\",\"side\":\"bid\",\"ord_type\":\"limit\",\"price\":\"1230.0\",\"state\":\"wait\",\"market\":\"KRW-XRP\",\"created_at\":\"2021-11-30T18:00:48+09:00\",\"volume\":\"9.58376784\",\"remaining_volume\":\"9.58376784\",\"reserved_fee\":\"5.8940172216\",\"remaining_fee\":\"5.8940172216\",\"paid_fee\":\"0.0\",\"locked\":\"11793.9284604216\",\"executed_volume\":\"0.0\",\"trades_count\":0}"

NOTE: Log Print Time:  2021-11-30 18:00:48 
NOTE: Elapsed Time in seconds: 0.00715851783752441 

