========================================================================= 
Log Path: /home/pi/stockInfoCrawler/StockTradebot/log/logcoinLog.2021-11-29.log 
Working Directory: /home/pi/stockInfoCrawler/StockTradebot/Rscript 
User Name: pi 
R Version: 3.6.2 (2019-12-12) 
Machine: raspberrypi armv7l 
Operating System: Linux 5.10.60-v7+ #1449 SMP Wed Aug 25 15:00:01 BST 2021 
Log Start Time: 2021-11-29 18:00:43 
========================================================================= 

market=KRW-ADA&side=ask&volume=15.8368777696813&price=1980&ord_type=limit 

NOTE: Log Print Time:  2021-11-29 18:00:43 
NOTE: Elapsed Time in seconds: 0.342881679534912 

[1] 201

NOTE: Log Print Time:  2021-11-29 18:00:44 
NOTE: Elapsed Time in seconds: 0.00582194328308105 

[1] "{\"uuid\":\"c960b0ec-3d40-49c2-a402-c203e65fa6f3\",\"side\":\"ask\",\"ord_type\":\"limit\",\"price\":\"1980.0\",\"state\":\"wait\",\"market\":\"KRW-ADA\",\"created_at\":\"2021-11-29T18:00:43+09:00\",\"volume\":\"15.83687776\",\"remaining_volume\":\"15.83687776\",\"reserved_fee\":\"0.0\",\"remaining_fee\":\"0.0\",\"paid_fee\":\"0.0\",\"locked\":\"15.83687776\",\"executed_volume\":\"0.0\",\"trades_count\":0}"

NOTE: Log Print Time:  2021-11-29 18:00:44 
NOTE: Elapsed Time in seconds: 0.00848174095153809 

market=KRW-BORA&side=ask&volume=32.3707311573056&price=1530&ord_type=limit 

NOTE: Log Print Time:  2021-11-29 18:00:44 
NOTE: Elapsed Time in seconds: 0.4312584400177 

[1] 201

NOTE: Log Print Time:  2021-11-29 18:00:44 
NOTE: Elapsed Time in seconds: 0.00518679618835449 

[1] "{\"uuid\":\"df30b536-7375-461d-a38c-4e3129f758c8\",\"side\":\"ask\",\"ord_type\":\"limit\",\"price\":\"1530.0\",\"state\":\"wait\",\"market\":\"KRW-BORA\",\"created_at\":\"2021-11-29T18:00:44+09:00\",\"volume\":\"32.37073115\",\"remaining_volume\":\"32.37073115\",\"reserved_fee\":\"0.0\",\"remaining_fee\":\"0.0\",\"paid_fee\":\"0.0\",\"locked\":\"32.37073115\",\"executed_volume\":\"0.0\",\"trades_count\":0}"

NOTE: Log Print Time:  2021-11-29 18:00:44 
NOTE: Elapsed Time in seconds: 0.00765132904052734 

market=KRW-BTC&side=ask&volume=0.00880373856433418&price=71920000&ord_type=limit 

NOTE: Log Print Time:  2021-11-29 18:00:44 
NOTE: Elapsed Time in seconds: 0.447961330413818 

[1] 201

NOTE: Log Print Time:  2021-11-29 18:00:44 
NOTE: Elapsed Time in seconds: 0.00610232353210449 

[1] "{\"uuid\":\"dce4f2cc-7ee2-440b-a6ce-a225a555d811\",\"side\":\"ask\",\"ord_type\":\"limit\",\"price\":\"71920000.0\",\"state\":\"wait\",\"market\":\"KRW-BTC\",\"created_at\":\"2021-11-29T18:00:44+09:00\",\"volume\":\"0.00880373\",\"remaining_volume\":\"0.00880373\",\"reserved_fee\":\"0.0\",\"remaining_fee\":\"0.0\",\"paid_fee\":\"0.0\",\"locked\":\"0.00880373\",\"executed_volume\":\"0.0\",\"trades_count\":0}"

NOTE: Log Print Time:  2021-11-29 18:00:44 
NOTE: Elapsed Time in seconds: 0.00850963592529297 

market=KRW-CRO&side=bid&volume=72.6554939311419&price=939&ord_type=limit 

NOTE: Log Print Time:  2021-11-29 18:00:45 
NOTE: Elapsed Time in seconds: 0.459546089172363 

[1] 201

NOTE: Log Print Time:  2021-11-29 18:00:45 
NOTE: Elapsed Time in seconds: 0.00557088851928711 

[1] "{\"uuid\":\"11796a48-fca4-4713-9481-0a97b6579046\",\"side\":\"bid\",\"ord_type\":\"limit\",\"price\":\"939.0\",\"state\":\"wait\",\"market\":\"KRW-CRO\",\"created_at\":\"2021-11-29T18:00:45+09:00\",\"volume\":\"72.65549393\",\"remaining_volume\":\"72.65549393\",\"reserved_fee\":\"34.111754400135\",\"remaining_fee\":\"34.111754400135\",\"paid_fee\":\"0.0\",\"locked\":\"68257.620554670135\",\"executed_volume\":\"0.0\",\"trades_count\":0}"

NOTE: Log Print Time:  2021-11-29 18:00:45 
NOTE: Elapsed Time in seconds: 0.0086216926574707 

market=KRW-ETH&side=ask&volume=0.0547297035255984&price=5417000&ord_type=limit 

NOTE: Log Print Time:  2021-11-29 18:00:45 
NOTE: Elapsed Time in seconds: 0.489561557769775 

[1] 201

NOTE: Log Print Time:  2021-11-29 18:00:45 
NOTE: Elapsed Time in seconds: 0.0050041675567627 

[1] "{\"uuid\":\"55567c30-6abb-4328-ab62-1d5591079be9\",\"side\":\"ask\",\"ord_type\":\"limit\",\"price\":\"5417000.0\",\"state\":\"wait\",\"market\":\"KRW-ETH\",\"created_at\":\"2021-11-29T18:00:45+09:00\",\"volume\":\"0.0547297\",\"remaining_volume\":\"0.0547297\",\"reserved_fee\":\"0.0\",\"remaining_fee\":\"0.0\",\"paid_fee\":\"0.0\",\"locked\":\"0.0547297\",\"executed_volume\":\"0.0\",\"trades_count\":0}"

NOTE: Log Print Time:  2021-11-29 18:00:45 
NOTE: Elapsed Time in seconds: 0.00775337219238281 

market=KRW-HIVE&side=ask&volume=58.6056027464223&price=2955&ord_type=limit 

NOTE: Log Print Time:  2021-11-29 18:00:46 
NOTE: Elapsed Time in seconds: 0.440662384033203 

[1] 201

NOTE: Log Print Time:  2021-11-29 18:00:46 
NOTE: Elapsed Time in seconds: 0.00477290153503418 

[1] "{\"uuid\":\"dd6ced95-02a4-407b-9199-64f505adb328\",\"side\":\"ask\",\"ord_type\":\"limit\",\"price\":\"2955.0\",\"state\":\"wait\",\"market\":\"KRW-HIVE\",\"created_at\":\"2021-11-29T18:00:46+09:00\",\"volume\":\"58.60560274\",\"remaining_volume\":\"58.60560274\",\"reserved_fee\":\"0.0\",\"remaining_fee\":\"0.0\",\"paid_fee\":\"0.0\",\"locked\":\"58.60560274\",\"executed_volume\":\"0.0\",\"trades_count\":0}"

NOTE: Log Print Time:  2021-11-29 18:00:46 
NOTE: Elapsed Time in seconds: 0.00726175308227539 

market=KRW-MANA&side=ask&volume=259.44680163&price=6260&ord_type=limit 

NOTE: Log Print Time:  2021-11-29 18:00:46 
NOTE: Elapsed Time in seconds: 0.430933713912964 

[1] 201

NOTE: Log Print Time:  2021-11-29 18:00:46 
NOTE: Elapsed Time in seconds: 0.00465250015258789 

[1] "{\"uuid\":\"ac194767-da19-4cdf-a190-b27ef1704664\",\"side\":\"ask\",\"ord_type\":\"limit\",\"price\":\"6260.0\",\"state\":\"wait\",\"market\":\"KRW-MANA\",\"created_at\":\"2021-11-29T18:00:46+09:00\",\"volume\":\"259.44680163\",\"remaining_volume\":\"259.44680163\",\"reserved_fee\":\"0.0\",\"remaining_fee\":\"0.0\",\"paid_fee\":\"0.0\",\"locked\":\"259.44680163\",\"executed_volume\":\"0.0\",\"trades_count\":0}"

NOTE: Log Print Time:  2021-11-29 18:00:46 
NOTE: Elapsed Time in seconds: 0.00732278823852539 

market=KRW-SAND&side=ask&volume=25.1490820970239&price=9315&ord_type=limit 

NOTE: Log Print Time:  2021-11-29 18:00:47 
NOTE: Elapsed Time in seconds: 0.482354164123535 

[1] 201

NOTE: Log Print Time:  2021-11-29 18:00:47 
NOTE: Elapsed Time in seconds: 0.00376391410827637 

[1] "{\"uuid\":\"5b823049-740c-4e5e-b386-37aab74a75f1\",\"side\":\"ask\",\"ord_type\":\"limit\",\"price\":\"9315.0\",\"state\":\"wait\",\"market\":\"KRW-SAND\",\"created_at\":\"2021-11-29T18:00:47+09:00\",\"volume\":\"25.14908209\",\"remaining_volume\":\"25.14908209\",\"reserved_fee\":\"0.0\",\"remaining_fee\":\"0.0\",\"paid_fee\":\"0.0\",\"locked\":\"25.14908209\",\"executed_volume\":\"0.0\",\"trades_count\":0}"

NOTE: Log Print Time:  2021-11-29 18:00:47 
NOTE: Elapsed Time in seconds: 0.00555014610290527 

market=KRW-SOL&side=ask&volume=0.138767810038151&price=255600&ord_type=limit 

NOTE: Log Print Time:  2021-11-29 18:00:47 
NOTE: Elapsed Time in seconds: 0.512740612030029 

[1] 201

NOTE: Log Print Time:  2021-11-29 18:00:47 
NOTE: Elapsed Time in seconds: 0.00479698181152344 

[1] "{\"uuid\":\"22b6cba4-af1f-45ff-aad6-36cc52ab7f28\",\"side\":\"ask\",\"ord_type\":\"limit\",\"price\":\"255600.0\",\"state\":\"wait\",\"market\":\"KRW-SOL\",\"created_at\":\"2021-11-29T18:00:47+09:00\",\"volume\":\"0.13876781\",\"remaining_volume\":\"0.13876781\",\"reserved_fee\":\"0.0\",\"remaining_fee\":\"0.0\",\"paid_fee\":\"0.0\",\"locked\":\"0.13876781\",\"executed_volume\":\"0.0\",\"trades_count\":0}"

NOTE: Log Print Time:  2021-11-29 18:00:47 
NOTE: Elapsed Time in seconds: 0.00725984573364258 

market=KRW-STORJ&side=bid&volume=416.092689775801&price=3615&ord_type=limit 

NOTE: Log Print Time:  2021-11-29 18:00:48 
NOTE: Elapsed Time in seconds: 0.537838220596313 

[1] 201

NOTE: Log Print Time:  2021-11-29 18:00:48 
NOTE: Elapsed Time in seconds: 0.00373601913452148 

[1] "{\"uuid\":\"ba1c4301-b406-4709-a993-ee5a1c547ffd\",\"side\":\"bid\",\"ord_type\":\"limit\",\"price\":\"3615.0\",\"state\":\"wait\",\"market\":\"KRW-STORJ\",\"created_at\":\"2021-11-29T18:00:48+09:00\",\"volume\":\"416.09268977\",\"remaining_volume\":\"416.09268977\",\"reserved_fee\":\"752.087536759275\",\"remaining_fee\":\"752.087536759275\",\"paid_fee\":\"0.0\",\"locked\":\"1504927.161055309275\",\"executed_volume\":\"0.0\",\"trades_count\":0}"

NOTE: Log Print Time:  2021-11-29 18:00:48 
NOTE: Elapsed Time in seconds: 0.00574970245361328 

market=KRW-XRP&side=ask&volume=21.8764967568133&price=1235&ord_type=limit 

NOTE: Log Print Time:  2021-11-29 18:00:48 
NOTE: Elapsed Time in seconds: 0.402236700057983 

[1] 201

NOTE: Log Print Time:  2021-11-29 18:00:48 
NOTE: Elapsed Time in seconds: 0.00235843658447266 

[1] "{\"uuid\":\"366c9e6f-5c71-47eb-a0e7-a1eeca9290cd\",\"side\":\"ask\",\"ord_type\":\"limit\",\"price\":\"1235.0\",\"state\":\"wait\",\"market\":\"KRW-XRP\",\"created_at\":\"2021-11-29T18:00:48+09:00\",\"volume\":\"21.87649675\",\"remaining_volume\":\"21.87649675\",\"reserved_fee\":\"0.0\",\"remaining_fee\":\"0.0\",\"paid_fee\":\"0.0\",\"locked\":\"21.87649675\",\"executed_volume\":\"0.0\",\"trades_count\":0}"

NOTE: Log Print Time:  2021-11-29 18:00:48 
NOTE: Elapsed Time in seconds: 0.00346541404724121 

