========================================================================= 
Log Path: /home/pi/stockInfoCrawler/StockTradebot/log/logcoinLog.2021-11-16.log 
Working Directory: /home/pi/stockInfoCrawler/StockTradebot/Rscript 
User Name: pi 
R Version: 3.6.2 (2019-12-12) 
Machine: raspberrypi armv7l 
Operating System: Linux 5.10.60-v7+ #1449 SMP Wed Aug 25 15:00:01 BST 2021 
Log Start Time: 2021-11-16 06:00:41 
========================================================================= 

market=KRW-BORA&side=bid&volume=1821.80187809711&price=654&ord_type=limit 

NOTE: Log Print Time:  2021-11-16 06:00:41 
NOTE: Elapsed Time in seconds: 0.172133445739746 

[1] 201

NOTE: Log Print Time:  2021-11-16 06:00:41 
NOTE: Elapsed Time in seconds: 0.00300312042236328 

[1] "{\"uuid\":\"42779ab5-c570-4eda-999b-f24efc82af6b\",\"side\":\"bid\",\"ord_type\":\"limit\",\"price\":\"654.0\",\"state\":\"wait\",\"market\":\"KRW-BORA\",\"created_at\":\"2021-11-16T06:00:41+09:00\",\"volume\":\"1821.80187809\",\"remaining_volume\":\"1821.80187809\",\"reserved_fee\":\"595.72921413543\",\"remaining_fee\":\"595.72921413543\",\"paid_fee\":\"0.0\",\"locked\":\"1192054.15748499543\",\"executed_volume\":\"0.0\",\"trades_count\":0}"

NOTE: Log Print Time:  2021-11-16 06:00:41 
NOTE: Elapsed Time in seconds: 0.00432682037353516 

market=KRW-CRO&side=bid&volume=200.140727122999&price=537&ord_type=limit 

NOTE: Log Print Time:  2021-11-16 06:00:42 
NOTE: Elapsed Time in seconds: 0.445498466491699 

[1] 201

NOTE: Log Print Time:  2021-11-16 06:00:42 
NOTE: Elapsed Time in seconds: 0.00333642959594727 

[1] "{\"uuid\":\"2b95426b-e4d2-421d-8914-74395232f86a\",\"side\":\"bid\",\"ord_type\":\"limit\",\"price\":\"537.0\",\"state\":\"wait\",\"market\":\"KRW-CRO\",\"created_at\":\"2021-11-16T06:00:42+09:00\",\"volume\":\"200.14072712\",\"remaining_volume\":\"200.14072712\",\"reserved_fee\":\"53.73778523172\",\"remaining_fee\":\"53.73778523172\",\"paid_fee\":\"0.0\",\"locked\":\"107529.30824867172\",\"executed_volume\":\"0.0\",\"trades_count\":0}"

NOTE: Log Print Time:  2021-11-16 06:00:42 
NOTE: Elapsed Time in seconds: 0.00495386123657227 

market=KRW-MANA&side=bid&volume=51.4105556884879&price=3895&ord_type=limit 

NOTE: Log Print Time:  2021-11-16 06:00:43 
NOTE: Elapsed Time in seconds: 0.710242509841919 

[1] 201

NOTE: Log Print Time:  2021-11-16 06:00:43 
NOTE: Elapsed Time in seconds: 0.00311970710754395 

[1] "{\"uuid\":\"4f919ae0-22f8-48f9-8585-e536a19e8501\",\"side\":\"bid\",\"ord_type\":\"limit\",\"price\":\"3895.0\",\"state\":\"wait\",\"market\":\"KRW-MANA\",\"created_at\":\"2021-11-16T06:00:42+09:00\",\"volume\":\"51.41055568\",\"remaining_volume\":\"51.41055568\",\"reserved_fee\":\"100.1220571868\",\"remaining_fee\":\"100.1220571868\",\"paid_fee\":\"0.0\",\"locked\":\"200344.2364307868\",\"executed_volume\":\"0.0\",\"trades_count\":0}"

NOTE: Log Print Time:  2021-11-16 06:00:43 
NOTE: Elapsed Time in seconds: 0.00449013710021973 

market=KRW-SAND&side=bid&volume=64.059788804966&price=3365&ord_type=limit 

NOTE: Log Print Time:  2021-11-16 06:00:43 
NOTE: Elapsed Time in seconds: 0.39039421081543 

[1] 401

NOTE: Log Print Time:  2021-11-16 06:00:43 
NOTE: Elapsed Time in seconds: 0.00307750701904297 

{"error":{"message":"Jwt의 query를 검증하는데 실패하였습니다.","name":"invalid_query_payload"}} 

NOTE: Log Print Time:  2021-11-16 06:00:43 
NOTE: Elapsed Time in seconds: 0.00281190872192383 

[1] "Error in failOrder(failOrder, order[i, ]$market) : \n  could not find function \"failOrder\"\nCalls: rebalanceTable -> orderCoin\n"

NOTE: Log Print Time:  2021-11-16 06:00:43 
NOTE: Elapsed Time in seconds: 0.00399470329284668 

