========================================================================= 
Log Path: /home/pi/stockInfoCrawler/StockTradebot/log/logcoinLog.2021-12-25.log 
Working Directory: /home/pi/stockInfoCrawler/StockTradebot/Rscript 
User Name: pi 
R Version: 3.6.2 (2019-12-12) 
Machine: raspberrypi armv7l 
Operating System: Linux 5.10.60-v7+ #1449 SMP Wed Aug 25 15:00:01 BST 2021 
Log Start Time: 2021-12-25 21:00:35 
========================================================================= 

market=KRW-AAVE&side=ask&volume=0.212870594060958&price=327250&ord_type=limit 

NOTE: Log Print Time:  2021-12-25 21:00:35 
NOTE: Elapsed Time in seconds: 0.192275285720825 

[1] 201

NOTE: Log Print Time:  2021-12-25 21:00:35 
NOTE: Elapsed Time in seconds: 0.00239729881286621 

[1] "{\"uuid\":\"3191d76a-738e-4e3c-aeba-94c7037019c4\",\"side\":\"ask\",\"ord_type\":\"limit\",\"price\":\"327250.0\",\"state\":\"wait\",\"market\":\"KRW-AAVE\",\"created_at\":\"2021-12-25T21:00:35+09:00\",\"volume\":\"0.21287059\",\"remaining_volume\":\"0.21287059\",\"reserved_fee\":\"0.0\",\"remaining_fee\":\"0.0\",\"paid_fee\":\"0.0\",\"locked\":\"0.21287059\",\"executed_volume\":\"0.0\",\"trades_count\":0}"

NOTE: Log Print Time:  2021-12-25 21:00:35 
NOTE: Elapsed Time in seconds: 0.00339674949645996 

market=KRW-ADA&side=bid&volume=6.0580936504339&price=1740&ord_type=limit 

NOTE: Log Print Time:  2021-12-25 21:00:36 
NOTE: Elapsed Time in seconds: 0.414513349533081 

[1] 201

NOTE: Log Print Time:  2021-12-25 21:00:36 
NOTE: Elapsed Time in seconds: 0.00234389305114746 

[1] "{\"uuid\":\"821e3b6e-c4bf-4abe-9b29-dcfd537f9b47\",\"side\":\"bid\",\"ord_type\":\"limit\",\"price\":\"1740.0\",\"state\":\"wait\",\"market\":\"KRW-ADA\",\"created_at\":\"2021-12-25T21:00:35+09:00\",\"volume\":\"6.05809365\",\"remaining_volume\":\"6.05809365\",\"reserved_fee\":\"5.2705414755\",\"remaining_fee\":\"5.2705414755\",\"paid_fee\":\"0.0\",\"locked\":\"10546.3534924755\",\"executed_volume\":\"0.0\",\"trades_count\":0}"

NOTE: Log Print Time:  2021-12-25 21:00:36 
NOTE: Elapsed Time in seconds: 0.00344014167785645 

market=KRW-BAT&side=ask&volume=161.14925163&price=1625&ord_type=limit 

NOTE: Log Print Time:  2021-12-25 21:00:36 
NOTE: Elapsed Time in seconds: 0.407155275344849 

[1] 201

NOTE: Log Print Time:  2021-12-25 21:00:36 
NOTE: Elapsed Time in seconds: 0.00235342979431152 

[1] "{\"uuid\":\"958e5051-58af-497a-ac86-a67b37a15279\",\"side\":\"ask\",\"ord_type\":\"limit\",\"price\":\"1625.0\",\"state\":\"wait\",\"market\":\"KRW-BAT\",\"created_at\":\"2021-12-25T21:00:36+09:00\",\"volume\":\"161.14925163\",\"remaining_volume\":\"161.14925163\",\"reserved_fee\":\"0.0\",\"remaining_fee\":\"0.0\",\"paid_fee\":\"0.0\",\"locked\":\"161.14925163\",\"executed_volume\":\"0.0\",\"trades_count\":0}"

NOTE: Log Print Time:  2021-12-25 21:00:36 
NOTE: Elapsed Time in seconds: 0.0035099983215332 

market=KRW-BTC&side=bid&volume=0.00355925554322306&price=61620000&ord_type=limit 

NOTE: Log Print Time:  2021-12-25 21:00:36 
NOTE: Elapsed Time in seconds: 0.480674982070923 

[1] 201

NOTE: Log Print Time:  2021-12-25 21:00:36 
NOTE: Elapsed Time in seconds: 0.00466561317443848 

[1] "{\"uuid\":\"efc3efc5-b670-4310-8e4d-cfed0b189abb\",\"side\":\"bid\",\"ord_type\":\"limit\",\"price\":\"61620000.0\",\"state\":\"wait\",\"market\":\"KRW-BTC\",\"created_at\":\"2021-12-25T21:00:36+09:00\",\"volume\":\"0.00355925\",\"remaining_volume\":\"0.00355925\",\"reserved_fee\":\"109.6604925\",\"remaining_fee\":\"109.6604925\",\"paid_fee\":\"0.0\",\"locked\":\"219430.6454925\",\"executed_volume\":\"0.0\",\"trades_count\":0}"

NOTE: Log Print Time:  2021-12-25 21:00:36 
NOTE: Elapsed Time in seconds: 0.00734734535217285 

market=KRW-ETH&side=bid&volume=0.0225966910550624&price=4919000&ord_type=limit 

NOTE: Log Print Time:  2021-12-25 21:00:37 
NOTE: Elapsed Time in seconds: 0.434248685836792 

[1] 201

NOTE: Log Print Time:  2021-12-25 21:00:37 
NOTE: Elapsed Time in seconds: 0.00344395637512207 

[1] "{\"uuid\":\"6e232e24-02a9-4187-b5a6-aae317ca6880\",\"side\":\"bid\",\"ord_type\":\"limit\",\"price\":\"4919000.0\",\"state\":\"wait\",\"market\":\"KRW-ETH\",\"created_at\":\"2021-12-25T21:00:37+09:00\",\"volume\":\"0.02259669\",\"remaining_volume\":\"0.02259669\",\"reserved_fee\":\"55.576559055\",\"remaining_fee\":\"55.576559055\",\"paid_fee\":\"0.0\",\"locked\":\"111208.694669055\",\"executed_volume\":\"0.0\",\"trades_count\":0}"

NOTE: Log Print Time:  2021-12-25 21:00:37 
NOTE: Elapsed Time in seconds: 0.00516295433044434 

market=KRW-ICX&side=ask&volume=36.2119847299992&price=1925&ord_type=limit 

NOTE: Log Print Time:  2021-12-25 21:00:37 
NOTE: Elapsed Time in seconds: 0.427688598632812 

[1] 201

NOTE: Log Print Time:  2021-12-25 21:00:37 
NOTE: Elapsed Time in seconds: 0.00365018844604492 

[1] "{\"uuid\":\"27cd05d7-07e0-45f3-aa52-f946c4235478\",\"side\":\"ask\",\"ord_type\":\"limit\",\"price\":\"1925.0\",\"state\":\"wait\",\"market\":\"KRW-ICX\",\"created_at\":\"2021-12-25T21:00:37+09:00\",\"volume\":\"36.21198472\",\"remaining_volume\":\"36.21198472\",\"reserved_fee\":\"0.0\",\"remaining_fee\":\"0.0\",\"paid_fee\":\"0.0\",\"locked\":\"36.21198472\",\"executed_volume\":\"0.0\",\"trades_count\":0}"

NOTE: Log Print Time:  2021-12-25 21:00:37 
NOTE: Elapsed Time in seconds: 0.00558590888977051 

market=KRW-MATIC&side=ask&volume=22.3258490532511&price=3060&ord_type=limit 

NOTE: Log Print Time:  2021-12-25 21:00:38 
NOTE: Elapsed Time in seconds: 0.416194915771484 

[1] 201

NOTE: Log Print Time:  2021-12-25 21:00:38 
NOTE: Elapsed Time in seconds: 0.00334858894348145 

[1] "{\"uuid\":\"56b6c454-cd72-4e65-aaf8-d3939fff3532\",\"side\":\"ask\",\"ord_type\":\"limit\",\"price\":\"3060.0\",\"state\":\"wait\",\"market\":\"KRW-MATIC\",\"created_at\":\"2021-12-25T21:00:38+09:00\",\"volume\":\"22.32584905\",\"remaining_volume\":\"22.32584905\",\"reserved_fee\":\"0.0\",\"remaining_fee\":\"0.0\",\"paid_fee\":\"0.0\",\"locked\":\"22.32584905\",\"executed_volume\":\"0.0\",\"trades_count\":0}"

NOTE: Log Print Time:  2021-12-25 21:00:38 
NOTE: Elapsed Time in seconds: 0.00490665435791016 

market=KRW-SAND&side=bid&volume=24.5112788698626&price=7995&ord_type=limit 

NOTE: Log Print Time:  2021-12-25 21:00:38 
NOTE: Elapsed Time in seconds: 0.458083391189575 

[1] 201

NOTE: Log Print Time:  2021-12-25 21:00:38 
NOTE: Elapsed Time in seconds: 0.00379824638366699 

[1] "{\"uuid\":\"3e6a50cd-a6e8-4274-9f01-293c95bf1306\",\"side\":\"bid\",\"ord_type\":\"limit\",\"price\":\"7995.0\",\"state\":\"wait\",\"market\":\"KRW-SAND\",\"created_at\":\"2021-12-25T21:00:38+09:00\",\"volume\":\"24.51127886\",\"remaining_volume\":\"24.51127886\",\"reserved_fee\":\"97.98383724285\",\"remaining_fee\":\"97.98383724285\",\"paid_fee\":\"0.0\",\"locked\":\"196065.65832294285\",\"executed_volume\":\"0.0\",\"trades_count\":0}"

NOTE: Log Print Time:  2021-12-25 21:00:38 
NOTE: Elapsed Time in seconds: 0.00561189651489258 

market=KRW-SOL&side=bid&volume=0.0590472562641345&price=230900&ord_type=limit 

NOTE: Log Print Time:  2021-12-25 21:00:39 
NOTE: Elapsed Time in seconds: 0.443834543228149 

[1] 201

NOTE: Log Print Time:  2021-12-25 21:00:39 
NOTE: Elapsed Time in seconds: 0.00411868095397949 

[1] "{\"uuid\":\"3100b7a0-22b3-4026-aa14-786eacd9debb\",\"side\":\"bid\",\"ord_type\":\"limit\",\"price\":\"230900.0\",\"state\":\"wait\",\"market\":\"KRW-SOL\",\"created_at\":\"2021-12-25T21:00:39+09:00\",\"volume\":\"0.05904725\",\"remaining_volume\":\"0.05904725\",\"reserved_fee\":\"6.8170050125\",\"remaining_fee\":\"6.8170050125\",\"paid_fee\":\"0.0\",\"locked\":\"13640.8270300125\",\"executed_volume\":\"0.0\",\"trades_count\":0}"

NOTE: Log Print Time:  2021-12-25 21:00:39 
NOTE: Elapsed Time in seconds: 0.00634908676147461 

market=KRW-STORJ&side=ask&volume=27.1059679747702&price=2400&ord_type=limit 

NOTE: Log Print Time:  2021-12-25 21:00:39 
NOTE: Elapsed Time in seconds: 0.427031993865967 

[1] 201

NOTE: Log Print Time:  2021-12-25 21:00:39 
NOTE: Elapsed Time in seconds: 0.00289487838745117 

[1] "{\"uuid\":\"81a58154-1a3b-4124-8acd-ac569be4b4b1\",\"side\":\"ask\",\"ord_type\":\"limit\",\"price\":\"2400.0\",\"state\":\"wait\",\"market\":\"KRW-STORJ\",\"created_at\":\"2021-12-25T21:00:39+09:00\",\"volume\":\"27.10596797\",\"remaining_volume\":\"27.10596797\",\"reserved_fee\":\"0.0\",\"remaining_fee\":\"0.0\",\"paid_fee\":\"0.0\",\"locked\":\"27.10596797\",\"executed_volume\":\"0.0\",\"trades_count\":0}"

NOTE: Log Print Time:  2021-12-25 21:00:39 
NOTE: Elapsed Time in seconds: 0.00422549247741699 

market=KRW-XRP&side=ask&volume=5.10590719179284&price=1120&ord_type=limit 

NOTE: Log Print Time:  2021-12-25 21:00:40 
NOTE: Elapsed Time in seconds: 0.429341554641724 

[1] 201

NOTE: Log Print Time:  2021-12-25 21:00:40 
NOTE: Elapsed Time in seconds: 0.00322175025939941 

[1] "{\"uuid\":\"2c360128-e438-4537-bdf0-cce050152e1b\",\"side\":\"ask\",\"ord_type\":\"limit\",\"price\":\"1120.0\",\"state\":\"wait\",\"market\":\"KRW-XRP\",\"created_at\":\"2021-12-25T21:00:39+09:00\",\"volume\":\"5.10590719\",\"remaining_volume\":\"5.10590719\",\"reserved_fee\":\"0.0\",\"remaining_fee\":\"0.0\",\"paid_fee\":\"0.0\",\"locked\":\"5.10590719\",\"executed_volume\":\"0.0\",\"trades_count\":0}"

NOTE: Log Print Time:  2021-12-25 21:00:40 
NOTE: Elapsed Time in seconds: 0.00446486473083496 

