========================================================================= 
Log Path: /home/pi/stockInfoCrawler/StockTradebot/log/logcoinLog.2021-11-07.log 
Working Directory: /home/pi/stockInfoCrawler/StockTradebot/Rscript 
User Name: pi 
R Version: 3.6.2 (2019-12-12) 
Machine: raspberrypi armv7l 
Operating System: Linux 5.10.60-v7+ #1449 SMP Wed Aug 25 15:00:01 BST 2021 
Log Start Time: 2021-11-07 07:31:40 
========================================================================= 

market=KRW-ADA&side=bid&volume=25.9767142702536&price=2415&ord_type=limit 

NOTE: Log Print Time:  2021-11-07 07:31:40 
NOTE: Elapsed Time in seconds: 0.258617162704468 

[1] 201

NOTE: Log Print Time:  2021-11-07 07:31:40 
NOTE: Elapsed Time in seconds: 0.00661373138427734 

[1] "{\"uuid\":\"28afc762-8cd8-4a02-bdae-bfcb26528b87\",\"side\":\"bid\",\"ord_type\":\"limit\",\"price\":\"2415.0\",\"state\":\"wait\",\"market\":\"KRW-ADA\",\"created_at\":\"2021-11-07T07:31:40+09:00\",\"volume\":\"25.97671427\",\"remaining_volume\":\"25.97671427\",\"reserved_fee\":\"31.366882481025\",\"remaining_fee\":\"31.366882481025\",\"paid_fee\":\"0.0\",\"locked\":\"62765.131844531025\",\"executed_volume\":\"0.0\",\"trades_count\":0}"

NOTE: Log Print Time:  2021-11-07 07:31:40 
NOTE: Elapsed Time in seconds: 0.00919890403747559 

market=KRW-BTC&side=bid&volume=0.015534742817515&price=74500000&ord_type=limit 

NOTE: Log Print Time:  2021-11-07 07:31:41 
NOTE: Elapsed Time in seconds: 0.459441900253296 

[1] 201

NOTE: Log Print Time:  2021-11-07 07:31:41 
NOTE: Elapsed Time in seconds: 0.00567388534545898 

[1] "{\"uuid\":\"1be23683-5f63-4f2b-a6ca-10150a01adb2\",\"side\":\"bid\",\"ord_type\":\"limit\",\"price\":\"74500000.0\",\"state\":\"wait\",\"market\":\"KRW-BTC\",\"created_at\":\"2021-11-07T07:31:41+09:00\",\"volume\":\"0.01553474\",\"remaining_volume\":\"0.01553474\",\"reserved_fee\":\"578.669065\",\"remaining_fee\":\"578.669065\",\"paid_fee\":\"0.0\",\"locked\":\"1157916.799065\",\"executed_volume\":\"0.0\",\"trades_count\":0}"

NOTE: Log Print Time:  2021-11-07 07:31:41 
NOTE: Elapsed Time in seconds: 0.00922918319702148 

market=KRW-ENJ&side=bid&volume=1.2220323425517&price=4120&ord_type=limit 

NOTE: Log Print Time:  2021-11-07 07:31:41 
NOTE: Elapsed Time in seconds: 0.46489429473877 

[1] 201

NOTE: Log Print Time:  2021-11-07 07:31:41 
NOTE: Elapsed Time in seconds: 0.0083003044128418 

[1] "{\"uuid\":\"66df79a9-58a5-421b-8fb6-1c4cca8d4150\",\"side\":\"bid\",\"ord_type\":\"limit\",\"price\":\"4120.0\",\"state\":\"wait\",\"market\":\"KRW-ENJ\",\"created_at\":\"2021-11-07T07:31:41+09:00\",\"volume\":\"1.22203234\",\"remaining_volume\":\"1.22203234\",\"reserved_fee\":\"2.5173866204\",\"remaining_fee\":\"2.5173866204\",\"paid_fee\":\"0.0\",\"locked\":\"5037.2906274204\",\"executed_volume\":\"0.0\",\"trades_count\":0}"

NOTE: Log Print Time:  2021-11-07 07:31:41 
NOTE: Elapsed Time in seconds: 0.0124757289886475 

market=KRW-ETH&side=bid&volume=0.0978567848123557&price=5467000&ord_type=limit 

NOTE: Log Print Time:  2021-11-07 07:31:42 
NOTE: Elapsed Time in seconds: 0.457357168197632 

[1] 201

NOTE: Log Print Time:  2021-11-07 07:31:42 
NOTE: Elapsed Time in seconds: 0.00841164588928223 

[1] "{\"uuid\":\"9d748e3d-4b19-482e-b74b-caab91bffe34\",\"side\":\"bid\",\"ord_type\":\"limit\",\"price\":\"5467000.0\",\"state\":\"wait\",\"market\":\"KRW-ETH\",\"created_at\":\"2021-11-07T07:31:42+09:00\",\"volume\":\"0.09785678\",\"remaining_volume\":\"0.09785678\",\"reserved_fee\":\"267.49150813\",\"remaining_fee\":\"267.49150813\",\"paid_fee\":\"0.0\",\"locked\":\"535250.50776813\",\"executed_volume\":\"0.0\",\"trades_count\":0}"

NOTE: Log Print Time:  2021-11-07 07:31:42 
NOTE: Elapsed Time in seconds: 0.0110828876495361 

market=KRW-SOL&side=bid&volume=0.244021498811001&price=311700&ord_type=limit 

NOTE: Log Print Time:  2021-11-07 07:31:42 
NOTE: Elapsed Time in seconds: 0.423383474349976 

[1] 201

NOTE: Log Print Time:  2021-11-07 07:31:42 
NOTE: Elapsed Time in seconds: 0.00465893745422363 

[1] "{\"uuid\":\"c0094411-99bf-4c4c-92e1-acbdc5c63f06\",\"side\":\"bid\",\"ord_type\":\"limit\",\"price\":\"311700.0\",\"state\":\"wait\",\"market\":\"KRW-SOL\",\"created_at\":\"2021-11-07T07:31:42+09:00\",\"volume\":\"0.24402149\",\"remaining_volume\":\"0.24402149\",\"reserved_fee\":\"38.0307492165\",\"remaining_fee\":\"38.0307492165\",\"paid_fee\":\"0.0\",\"locked\":\"76099.5291822165\",\"executed_volume\":\"0.0\",\"trades_count\":0}"

NOTE: Log Print Time:  2021-11-07 07:31:42 
NOTE: Elapsed Time in seconds: 0.00606536865234375 

market=KRW-XRP&side=bid&volume=38.3440759808314&price=1400&ord_type=limit 

NOTE: Log Print Time:  2021-11-07 07:31:43 
NOTE: Elapsed Time in seconds: 0.401962041854858 

[1] 201

NOTE: Log Print Time:  2021-11-07 07:31:43 
NOTE: Elapsed Time in seconds: 0.00457310676574707 

[1] "{\"uuid\":\"27620d3a-046d-415a-92b5-f3fbbdcf902c\",\"side\":\"bid\",\"ord_type\":\"limit\",\"price\":\"1400.0\",\"state\":\"wait\",\"market\":\"KRW-XRP\",\"created_at\":\"2021-11-07T07:31:43+09:00\",\"volume\":\"38.34407598\",\"remaining_volume\":\"38.34407598\",\"reserved_fee\":\"26.840853186\",\"remaining_fee\":\"26.840853186\",\"paid_fee\":\"0.0\",\"locked\":\"53708.547225186\",\"executed_volume\":\"0.0\",\"trades_count\":0}"

NOTE: Log Print Time:  2021-11-07 07:31:43 
NOTE: Elapsed Time in seconds: 0.00667405128479004 

 

NOTE: Log Print Time:  2021-11-07 07:32:41 
NOTE: Elapsed Time in seconds: 58.6696398258209 

Error: unexpected '}' in "}"
 

NOTE: Log Print Time:  2021-11-07 07:32:41 
NOTE: Elapsed Time in seconds: 0.00898241996765137 

