========================================================================= 
Log Path: /home/pi/stockInfoCrawler/StockTradebot/log/logcoinLog.2021-11-18.log 
Working Directory: /home/pi/stockInfoCrawler/StockTradebot/Rscript 
User Name: pi 
R Version: 3.6.2 (2019-12-12) 
Machine: raspberrypi armv7l 
Operating System: Linux 5.10.60-v7+ #1449 SMP Wed Aug 25 15:00:01 BST 2021 
Log Start Time: 2021-11-18 06:58:07 
========================================================================= 

market=KRW-HUM&side=bid&volume=1930.58696871002&price=769&ord_type=limit 

NOTE: Log Print Time:  2021-11-18 06:58:07 
NOTE: Elapsed Time in seconds: 0.167275428771973 

[1] 201

NOTE: Log Print Time:  2021-11-18 06:58:07 
NOTE: Elapsed Time in seconds: 0.00327968597412109 

[1] "{\"uuid\":\"ebcf664b-eab2-46f8-bd7e-a252e34112d5\",\"side\":\"bid\",\"ord_type\":\"limit\",\"price\":\"769.0\",\"state\":\"wait\",\"market\":\"KRW-HUM\",\"created_at\":\"2021-11-18T06:58:07+09:00\",\"volume\":\"1930.58696871\",\"remaining_volume\":\"1930.58696871\",\"reserved_fee\":\"742.310689468995\",\"remaining_fee\":\"742.310689468995\",\"paid_fee\":\"0.0\",\"locked\":\"1485363.689627458995\",\"executed_volume\":\"0.0\",\"trades_count\":0}"

NOTE: Log Print Time:  2021-11-18 06:58:07 
NOTE: Elapsed Time in seconds: 0.00475573539733887 

market=KRW-MANA&side=bid&volume=64.7795993421505&price=3980&ord_type=limit 

NOTE: Log Print Time:  2021-11-18 06:58:07 
NOTE: Elapsed Time in seconds: 0.42200756072998 

[1] 201

NOTE: Log Print Time:  2021-11-18 06:58:07 
NOTE: Elapsed Time in seconds: 0.0034022331237793 

[1] "{\"uuid\":\"180e0d1d-e608-42d4-9977-24d5e94b3108\",\"side\":\"bid\",\"ord_type\":\"limit\",\"price\":\"3980.0\",\"state\":\"wait\",\"market\":\"KRW-MANA\",\"created_at\":\"2021-11-18T06:58:07+09:00\",\"volume\":\"64.77959934\",\"remaining_volume\":\"64.77959934\",\"reserved_fee\":\"128.9114026866\",\"remaining_fee\":\"128.9114026866\",\"paid_fee\":\"0.0\",\"locked\":\"257951.7167758866\",\"executed_volume\":\"0.0\",\"trades_count\":0}"

NOTE: Log Print Time:  2021-11-18 06:58:07 
NOTE: Elapsed Time in seconds: 0.00489592552185059 

market=KRW-SAND&side=bid&volume=39.8512605639905&price=4325&ord_type=limit 

NOTE: Log Print Time:  2021-11-18 06:58:08 
NOTE: Elapsed Time in seconds: 0.427347660064697 

[1] 201

NOTE: Log Print Time:  2021-11-18 06:58:08 
NOTE: Elapsed Time in seconds: 0.00392603874206543 

[1] "{\"uuid\":\"2b51f0f4-a238-4a73-bdc1-5669b7d6828c\",\"side\":\"bid\",\"ord_type\":\"limit\",\"price\":\"4325.0\",\"state\":\"wait\",\"market\":\"KRW-SAND\",\"created_at\":\"2021-11-18T06:58:08+09:00\",\"volume\":\"39.85126056\",\"remaining_volume\":\"39.85126056\",\"reserved_fee\":\"86.178350961\",\"remaining_fee\":\"86.178350961\",\"paid_fee\":\"0.0\",\"locked\":\"172442.880272961\",\"executed_volume\":\"0.0\",\"trades_count\":0}"

NOTE: Log Print Time:  2021-11-18 06:58:08 
NOTE: Elapsed Time in seconds: 0.00528788566589355 

market=KRW-WAXP&side=bid&volume=54.8427385032225&price=1120&ord_type=limit 

NOTE: Log Print Time:  2021-11-18 06:58:08 
NOTE: Elapsed Time in seconds: 0.430196762084961 

[1] 201

NOTE: Log Print Time:  2021-11-18 06:58:08 
NOTE: Elapsed Time in seconds: 0.00458478927612305 

[1] "{\"uuid\":\"44afcac4-cfb1-4243-8a3d-3253b26c2f58\",\"side\":\"bid\",\"ord_type\":\"limit\",\"price\":\"1120.0\",\"state\":\"wait\",\"market\":\"KRW-WAXP\",\"created_at\":\"2021-11-18T06:58:08+09:00\",\"volume\":\"54.8427385\",\"remaining_volume\":\"54.8427385\",\"reserved_fee\":\"30.71193356\",\"remaining_fee\":\"30.71193356\",\"paid_fee\":\"0.0\",\"locked\":\"61454.57905356\",\"executed_volume\":\"0.0\",\"trades_count\":0}"

NOTE: Log Print Time:  2021-11-18 06:58:08 
NOTE: Elapsed Time in seconds: 0.00596141815185547 

