========================================================================= 
Log Path: /home/pi/stockInfoCrawler/StockTradebot/log/logcoinLog.2022-01-19.log 
Working Directory: /home/pi/stockInfoCrawler/StockTradebot/Rscript 
User Name: pi 
R Version: 3.6.2 (2019-12-12) 
Machine: raspberrypi armv7l 
Operating System: Linux 5.10.60-v7+ #1449 SMP Wed Aug 25 15:00:01 BST 2021 
Log Start Time: 2022-01-19 21:00:33 
========================================================================= 

market=KRW-ATOM&side=ask&volume=0.169028015921533&price=44200&ord_type=limit 

NOTE: Log Print Time:  2022-01-19 21:00:33 
NOTE: Elapsed Time in seconds: 0.245004415512085 

[1] 201

NOTE: Log Print Time:  2022-01-19 21:00:33 
NOTE: Elapsed Time in seconds: 0.00295662879943848 

[1] "{\"uuid\":\"ff43e737-adfa-409e-a365-518985016c08\",\"side\":\"ask\",\"ord_type\":\"limit\",\"price\":\"44200.0\",\"state\":\"wait\",\"market\":\"KRW-ATOM\",\"created_at\":\"2022-01-19T21:00:33+09:00\",\"volume\":\"0.16902801\",\"remaining_volume\":\"0.16902801\",\"reserved_fee\":\"0.0\",\"remaining_fee\":\"0.0\",\"paid_fee\":\"0.0\",\"locked\":\"0.16902801\",\"executed_volume\":\"0.0\",\"trades_count\":0}"

NOTE: Log Print Time:  2022-01-19 21:00:33 
NOTE: Elapsed Time in seconds: 0.00427341461181641 

market=KRW-BTC&side=bid&volume=0.0020798762356238&price=50879000&ord_type=limit 

NOTE: Log Print Time:  2022-01-19 21:00:34 
NOTE: Elapsed Time in seconds: 0.623438835144043 

[1] 201

NOTE: Log Print Time:  2022-01-19 21:00:34 
NOTE: Elapsed Time in seconds: 0.00341939926147461 

[1] "{\"uuid\":\"aecd6396-73d6-4cb1-96a6-2115396d169f\",\"side\":\"bid\",\"ord_type\":\"limit\",\"price\":\"50879000.0\",\"state\":\"wait\",\"market\":\"KRW-BTC\",\"created_at\":\"2022-01-19T21:00:34+09:00\",\"volume\":\"0.00207987\",\"remaining_volume\":\"0.00207987\",\"reserved_fee\":\"52.910852865\",\"remaining_fee\":\"52.910852865\",\"paid_fee\":\"0.0\",\"locked\":\"105874.616582865\",\"executed_volume\":\"0.0\",\"trades_count\":0}"

NOTE: Log Print Time:  2022-01-19 21:00:34 
NOTE: Elapsed Time in seconds: 0.00381636619567871 

market=KRW-ETH&side=bid&volume=0.0127463141358108&price=3774000&ord_type=limit 

NOTE: Log Print Time:  2022-01-19 21:00:35 
NOTE: Elapsed Time in seconds: 0.477665185928345 

[1] 201

NOTE: Log Print Time:  2022-01-19 21:00:35 
NOTE: Elapsed Time in seconds: 0.00232839584350586 

[1] "{\"uuid\":\"e03f14f4-26f3-4827-9f2c-03043a898e34\",\"side\":\"bid\",\"ord_type\":\"limit\",\"price\":\"3774000.0\",\"state\":\"wait\",\"market\":\"KRW-ETH\",\"created_at\":\"2022-01-19T21:00:35+09:00\",\"volume\":\"0.01274631\",\"remaining_volume\":\"0.01274631\",\"reserved_fee\":\"24.05228697\",\"remaining_fee\":\"24.05228697\",\"paid_fee\":\"0.0\",\"locked\":\"48128.62622697\",\"executed_volume\":\"0.0\",\"trades_count\":0}"

NOTE: Log Print Time:  2022-01-19 21:00:35 
NOTE: Elapsed Time in seconds: 0.0035707950592041 

market=KRW-NEAR&side=ask&volume=0.365099392125143&price=21190&ord_type=limit 

NOTE: Log Print Time:  2022-01-19 21:00:35 
NOTE: Elapsed Time in seconds: 0.412395715713501 

[1] 201

NOTE: Log Print Time:  2022-01-19 21:00:35 
NOTE: Elapsed Time in seconds: 0.00232315063476562 

[1] "{\"uuid\":\"20d8f0d4-974c-465b-93ca-7888c0d8ebc9\",\"side\":\"ask\",\"ord_type\":\"limit\",\"price\":\"21190.0\",\"state\":\"wait\",\"market\":\"KRW-NEAR\",\"created_at\":\"2022-01-19T21:00:35+09:00\",\"volume\":\"0.36509939\",\"remaining_volume\":\"0.36509939\",\"reserved_fee\":\"0.0\",\"remaining_fee\":\"0.0\",\"paid_fee\":\"0.0\",\"locked\":\"0.36509939\",\"executed_volume\":\"0.0\",\"trades_count\":0}"

NOTE: Log Print Time:  2022-01-19 21:00:35 
NOTE: Elapsed Time in seconds: 0.00339412689208984 

market=KRW-POWR&side=ask&volume=53.98293955&price=691&ord_type=limit 

NOTE: Log Print Time:  2022-01-19 21:00:35 
NOTE: Elapsed Time in seconds: 0.454314947128296 

[1] 201

NOTE: Log Print Time:  2022-01-19 21:00:35 
NOTE: Elapsed Time in seconds: 0.00428366661071777 

[1] "{\"uuid\":\"b3fd9bf7-4489-4821-aa58-e38f0b120f01\",\"side\":\"ask\",\"ord_type\":\"limit\",\"price\":\"691.0\",\"state\":\"wait\",\"market\":\"KRW-POWR\",\"created_at\":\"2022-01-19T21:00:35+09:00\",\"volume\":\"53.98293955\",\"remaining_volume\":\"53.98293955\",\"reserved_fee\":\"0.0\",\"remaining_fee\":\"0.0\",\"paid_fee\":\"0.0\",\"locked\":\"53.98293955\",\"executed_volume\":\"0.0\",\"trades_count\":0}"

NOTE: Log Print Time:  2022-01-19 21:00:35 
NOTE: Elapsed Time in seconds: 0.00652527809143066 

market=KRW-SOL&side=bid&volume=0.0347217445692208&price=164750&ord_type=limit 

NOTE: Log Print Time:  2022-01-19 21:00:36 
NOTE: Elapsed Time in seconds: 0.471443176269531 

[1] 201

NOTE: Log Print Time:  2022-01-19 21:00:36 
NOTE: Elapsed Time in seconds: 0.0041804313659668 

[1] "{\"uuid\":\"efb9f5be-e5f5-4f11-97fe-cc8b82b6f3ae\",\"side\":\"bid\",\"ord_type\":\"limit\",\"price\":\"164750.0\",\"state\":\"wait\",\"market\":\"KRW-SOL\",\"created_at\":\"2022-01-19T21:00:36+09:00\",\"volume\":\"0.03472174\",\"remaining_volume\":\"0.03472174\",\"reserved_fee\":\"2.8602033325\",\"remaining_fee\":\"2.8602033325\",\"paid_fee\":\"0.0\",\"locked\":\"5723.2668683325\",\"executed_volume\":\"0.0\",\"trades_count\":0}"

NOTE: Log Print Time:  2022-01-19 21:00:36 
NOTE: Elapsed Time in seconds: 0.00624752044677734 

market=KRW-TFUEL&side=bid&volume=122.889994534156&price=245&ord_type=limit 

NOTE: Log Print Time:  2022-01-19 21:00:36 
NOTE: Elapsed Time in seconds: 0.47679877281189 

[1] 201

NOTE: Log Print Time:  2022-01-19 21:00:36 
NOTE: Elapsed Time in seconds: 0.00359582901000977 

[1] "{\"uuid\":\"11a27cd7-ffd3-42b5-9bd1-c2599a7e9950\",\"side\":\"bid\",\"ord_type\":\"limit\",\"price\":\"245.0\",\"state\":\"wait\",\"market\":\"KRW-TFUEL\",\"created_at\":\"2022-01-19T21:00:36+09:00\",\"volume\":\"122.88999453\",\"remaining_volume\":\"122.88999453\",\"reserved_fee\":\"15.054024329925\",\"remaining_fee\":\"15.054024329925\",\"paid_fee\":\"0.0\",\"locked\":\"30123.102684179925\",\"executed_volume\":\"0.0\",\"trades_count\":0}"

NOTE: Log Print Time:  2022-01-19 21:00:36 
NOTE: Elapsed Time in seconds: 0.00578975677490234 

