========================================================================= 
Log Path: /home/pi/stockInfoCrawler/StockTradebot/log/logcoinLog.2021-10-11.log 
Working Directory: /home/pi/stockInfoCrawler/StockTradebot/Rscript 
User Name: pi 
R Version: 3.6.2 (2019-12-12) 
Machine: raspberrypi armv7l 
Operating System: Linux 5.10.60-v7+ #1449 SMP Wed Aug 25 15:00:01 BST 2021 
Log Start Time: 2021-10-11 07:45:49 
========================================================================= 

CURRENT BALANCE 

NOTE: Log Print Time:  2021-10-11 07:45:49 
NOTE: Elapsed Time in seconds: 0.00474667549133301 

    currency      balance locked avg_buy_price avg_buy_price_modified
 1:      KRW 2.999488e+05    0.0         0.000                   TRUE
 2:      ADA 1.246928e+02    0.0      2876.909                  FALSE
 3:      AHT 6.946847e+04    0.0        20.800                  FALSE
 4:      AXS 9.883339e+00    0.0    146200.000                  FALSE
 5:      BTC 7.336378e-02    0.0  65302549.346                  FALSE
 6:      DOT 3.836111e+00    0.0     38521.619                  FALSE
 7:      ETH 4.582326e-01    0.0   4175753.166                  FALSE
 8:      QKC 3.612360e+04    0.0        40.000                  FALSE
 9:     STPT 8.864688e+03    0.0       163.000                  FALSE
10:      STX 5.622351e+02    0.0      2570.000                  FALSE
11:      XRP 1.820556e+02    0.0      1323.572                  FALSE
    unit_currency
 1:           KRW
 2:           KRW
 3:           KRW
 4:           KRW
 5:           KRW
 6:           KRW
 7:           KRW
 8:           KRW
 9:           KRW
10:           KRW
11:           KRW

NOTE: Data frame has 11 rows and 6 columns. 

NOTE: Log Print Time:  2021-10-11 07:45:51 
NOTE: Elapsed Time in seconds: 2.35479760169983 

CURRENT COIN PRICE 

NOTE: Log Print Time:  2021-10-11 07:45:51 
NOTE: Elapsed Time in seconds: 0.0127012729644775 

Error in curl::curl_fetch_memory(url, handle = handle) : 
  Timeout was reached: [api.upbit.com] 
 

NOTE: Log Print Time:  2021-10-11 07:48:26 
NOTE: Elapsed Time in seconds: 2.58692152897517 

Error: object 'orderTable' not found
 

NOTE: Log Print Time:  2021-10-11 07:48:28 
NOTE: Elapsed Time in seconds: 2.39105868339539 

