========================================================================= 
Log Path: /home/pi/stockInfoCrawler/StockTradebot/log/logcoinLog.2021-12-19.log 
Working Directory: /home/pi/stockInfoCrawler/StockTradebot/Rscript 
User Name: pi 
R Version: 3.6.2 (2019-12-12) 
Machine: raspberrypi armv7l 
Operating System: Linux 5.10.60-v7+ #1449 SMP Wed Aug 25 15:00:01 BST 2021 
Log Start Time: 2021-12-19 21:00:41 
========================================================================= 

market=KRW-BORA&side=bid&volume=8.44022207736052&price=1200&ord_type=limit 

NOTE: Log Print Time:  2021-12-19 21:00:41 
NOTE: Elapsed Time in seconds: 0.26154351234436 

[1] 201

NOTE: Log Print Time:  2021-12-19 21:00:41 
NOTE: Elapsed Time in seconds: 0.00473809242248535 

[1] "{\"uuid\":\"e324d7ed-3ef8-4030-af91-54a039ea4c7a\",\"side\":\"bid\",\"ord_type\":\"limit\",\"price\":\"1200.0\",\"state\":\"wait\",\"market\":\"KRW-BORA\",\"created_at\":\"2021-12-19T21:00:41+09:00\",\"volume\":\"8.44022207\",\"remaining_volume\":\"8.44022207\",\"reserved_fee\":\"5.064133242\",\"remaining_fee\":\"5.064133242\",\"paid_fee\":\"0.0\",\"locked\":\"10133.330617242\",\"executed_volume\":\"0.0\",\"trades_count\":0}"

NOTE: Log Print Time:  2021-12-19 21:00:41 
NOTE: Elapsed Time in seconds: 0.00735330581665039 

market=KRW-BTC&side=ask&volume=0.00014793690833721&price=58776000&ord_type=limit 

NOTE: Log Print Time:  2021-12-19 21:00:42 
NOTE: Elapsed Time in seconds: 0.455664396286011 

[1] 201

NOTE: Log Print Time:  2021-12-19 21:00:42 
NOTE: Elapsed Time in seconds: 0.00360918045043945 

[1] "{\"uuid\":\"e1f60e94-2952-4c25-ac8c-bd53d253b529\",\"side\":\"ask\",\"ord_type\":\"limit\",\"price\":\"58776000.0\",\"state\":\"wait\",\"market\":\"KRW-BTC\",\"created_at\":\"2021-12-19T21:00:42+09:00\",\"volume\":\"0.00014793\",\"remaining_volume\":\"0.00014793\",\"reserved_fee\":\"0.0\",\"remaining_fee\":\"0.0\",\"paid_fee\":\"0.0\",\"locked\":\"0.00014793\",\"executed_volume\":\"0.0\",\"trades_count\":0}"

NOTE: Log Print Time:  2021-12-19 21:00:42 
NOTE: Elapsed Time in seconds: 0.00562882423400879 

market=KRW-HBAR&side=bid&volume=24.3206386968059&price=378&ord_type=limit 

NOTE: Log Print Time:  2021-12-19 21:00:42 
NOTE: Elapsed Time in seconds: 0.463290452957153 

[1] 201

NOTE: Log Print Time:  2021-12-19 21:00:42 
NOTE: Elapsed Time in seconds: 0.00332188606262207 

[1] "{\"uuid\":\"745e38a7-1f2f-47b7-a7d7-ff60f43bbb4e\",\"side\":\"bid\",\"ord_type\":\"limit\",\"price\":\"378.0\",\"state\":\"wait\",\"market\":\"KRW-HBAR\",\"created_at\":\"2021-12-19T21:00:42+09:00\",\"volume\":\"24.32063869\",\"remaining_volume\":\"24.32063869\",\"reserved_fee\":\"4.59660071241\",\"remaining_fee\":\"4.59660071241\",\"paid_fee\":\"0.0\",\"locked\":\"9197.79802553241\",\"executed_volume\":\"0.0\",\"trades_count\":0}"

NOTE: Log Print Time:  2021-12-19 21:00:42 
NOTE: Elapsed Time in seconds: 0.00524067878723145 

market=KRW-MATIC&side=bid&volume=3.4632473838816&price=2765&ord_type=limit 

NOTE: Log Print Time:  2021-12-19 21:00:43 
NOTE: Elapsed Time in seconds: 0.45405101776123 

[1] 201

NOTE: Log Print Time:  2021-12-19 21:00:43 
NOTE: Elapsed Time in seconds: 0.00423812866210938 

[1] "{\"uuid\":\"2274b89e-d1e5-4eb1-9cc2-bdccf10603c9\",\"side\":\"bid\",\"ord_type\":\"limit\",\"price\":\"2765.0\",\"state\":\"wait\",\"market\":\"KRW-MATIC\",\"created_at\":\"2021-12-19T21:00:43+09:00\",\"volume\":\"3.46324738\",\"remaining_volume\":\"3.46324738\",\"reserved_fee\":\"4.78793950285\",\"remaining_fee\":\"4.78793950285\",\"paid_fee\":\"0.0\",\"locked\":\"9580.66694520285\",\"executed_volume\":\"0.0\",\"trades_count\":0}"

NOTE: Log Print Time:  2021-12-19 21:00:43 
NOTE: Elapsed Time in seconds: 0.00624752044677734 

market=KRW-SOL&side=bid&volume=0.0405265536437042&price=229600&ord_type=limit 

NOTE: Log Print Time:  2021-12-19 21:00:43 
NOTE: Elapsed Time in seconds: 0.437737703323364 

[1] 201

NOTE: Log Print Time:  2021-12-19 21:00:43 
NOTE: Elapsed Time in seconds: 0.00329780578613281 

[1] "{\"uuid\":\"0064e2ec-1329-48c4-8f54-7816d62350bf\",\"side\":\"bid\",\"ord_type\":\"limit\",\"price\":\"229600.0\",\"state\":\"wait\",\"market\":\"KRW-SOL\",\"created_at\":\"2021-12-19T21:00:43+09:00\",\"volume\":\"0.04052655\",\"remaining_volume\":\"0.04052655\",\"reserved_fee\":\"4.65244794\",\"remaining_fee\":\"4.65244794\",\"paid_fee\":\"0.0\",\"locked\":\"9309.54832794\",\"executed_volume\":\"0.0\",\"trades_count\":0}"

NOTE: Log Print Time:  2021-12-19 21:00:43 
NOTE: Elapsed Time in seconds: 0.00517749786376953 

market=KRW-STX&side=bid&volume=3.78313938997399&price=2590&ord_type=limit 

NOTE: Log Print Time:  2021-12-19 21:00:44 
NOTE: Elapsed Time in seconds: 0.449173927307129 

[1] 201

NOTE: Log Print Time:  2021-12-19 21:00:44 
NOTE: Elapsed Time in seconds: 0.00466203689575195 

[1] "{\"uuid\":\"549c64d1-f34b-4e84-95b3-cc8302cd8eeb\",\"side\":\"bid\",\"ord_type\":\"limit\",\"price\":\"2590.0\",\"state\":\"wait\",\"market\":\"KRW-STX\",\"created_at\":\"2021-12-19T21:00:43+09:00\",\"volume\":\"3.78313938\",\"remaining_volume\":\"3.78313938\",\"reserved_fee\":\"4.8991654971\",\"remaining_fee\":\"4.8991654971\",\"paid_fee\":\"0.0\",\"locked\":\"9803.2301596971\",\"executed_volume\":\"0.0\",\"trades_count\":0}"

NOTE: Log Print Time:  2021-12-19 21:00:44 
NOTE: Elapsed Time in seconds: 0.00733399391174316 

