========================================================================= 
Log Path: /home/pi/stockInfoCrawler/StockTradebot/log/logcoinLog.2021-11-01.log 
Working Directory: /home/pi/stockInfoCrawler/StockTradebot/Rscript 
User Name: pi 
R Version: 3.6.2 (2019-12-12) 
Machine: raspberrypi armv7l 
Operating System: Linux 5.10.60-v7+ #1449 SMP Wed Aug 25 15:00:01 BST 2021 
Log Start Time: 2021-11-01 06:55:45 
========================================================================= 

market=KRW-BTC&side=bid&volume=0.000750671163327412&price=72656000&ord_type=limit 

NOTE: Log Print Time:  2021-11-01 06:55:45 
NOTE: Elapsed Time in seconds: 0.189734935760498 

[1] 201

NOTE: Log Print Time:  2021-11-01 06:55:45 
NOTE: Elapsed Time in seconds: 0.00359416007995605 

[1] "{\"uuid\":\"399603e1-7fb8-4741-8667-0bb614cac35f\",\"side\":\"bid\",\"ord_type\":\"limit\",\"price\":\"72656000.0\",\"state\":\"wait\",\"market\":\"KRW-BTC\",\"created_at\":\"2021-11-01T06:55:45+09:00\",\"volume\":\"0.00075067\",\"remaining_volume\":\"0.00075067\",\"reserved_fee\":\"27.27033976\",\"remaining_fee\":\"27.27033976\",\"paid_fee\":\"0.0\",\"locked\":\"54567.94985976\",\"executed_volume\":\"0.0\",\"trades_count\":0}"

NOTE: Log Print Time:  2021-11-01 06:55:45 
NOTE: Elapsed Time in seconds: 0.00525236129760742 

market=KRW-ETH&side=bid&volume=0.00501841611498983&price=5089000&ord_type=limit 

NOTE: Log Print Time:  2021-11-01 06:55:45 
NOTE: Elapsed Time in seconds: 0.417997121810913 

[1] 201

NOTE: Log Print Time:  2021-11-01 06:55:45 
NOTE: Elapsed Time in seconds: 0.00338983535766602 

[1] "{\"uuid\":\"2f1263f0-63de-4a07-86ed-9360df51ec33\",\"side\":\"bid\",\"ord_type\":\"limit\",\"price\":\"5089000.0\",\"state\":\"wait\",\"market\":\"KRW-ETH\",\"created_at\":\"2021-11-01T06:55:45+09:00\",\"volume\":\"0.00501841\",\"remaining_volume\":\"0.00501841\",\"reserved_fee\":\"12.769344245\",\"remaining_fee\":\"12.769344245\",\"paid_fee\":\"0.0\",\"locked\":\"25551.457834245\",\"executed_volume\":\"0.0\",\"trades_count\":0}"

NOTE: Log Print Time:  2021-11-01 06:55:45 
NOTE: Elapsed Time in seconds: 0.0046532154083252 

market=KRW-STORJ&side=bid&volume=576.18283067727&price=2425&ord_type=limit 

NOTE: Log Print Time:  2021-11-01 06:55:46 
NOTE: Elapsed Time in seconds: 0.420680046081543 

[1] 201

NOTE: Log Print Time:  2021-11-01 06:55:46 
NOTE: Elapsed Time in seconds: 0.00315213203430176 

[1] "{\"uuid\":\"93a7c6bd-0330-41f6-a5f2-2539b23a04c0\",\"side\":\"bid\",\"ord_type\":\"limit\",\"price\":\"2425.0\",\"state\":\"wait\",\"market\":\"KRW-STORJ\",\"created_at\":\"2021-11-01T06:55:46+09:00\",\"volume\":\"576.18283067\",\"remaining_volume\":\"576.18283067\",\"reserved_fee\":\"698.621682187375\",\"remaining_fee\":\"698.621682187375\",\"paid_fee\":\"0.0\",\"locked\":\"1397941.986056937375\",\"executed_volume\":\"0.0\",\"trades_count\":0}"

NOTE: Log Print Time:  2021-11-01 06:55:46 
NOTE: Elapsed Time in seconds: 0.00443458557128906 

