========================================================================= 
Log Path: /home/pi/stockInfoCrawler/StockTradebot/log/logcoinLog.2022-01-16.log 
Working Directory: /home/pi/stockInfoCrawler/StockTradebot/Rscript 
User Name: pi 
R Version: 3.6.2 (2019-12-12) 
Machine: raspberrypi armv7l 
Operating System: Linux 5.10.60-v7+ #1449 SMP Wed Aug 25 15:00:01 BST 2021 
Log Start Time: 2022-01-16 21:00:33 
========================================================================= 

market=KRW-ADA&side=ask&volume=10.4504561985075&price=1690&ord_type=limit 

NOTE: Log Print Time:  2022-01-16 21:00:33 
NOTE: Elapsed Time in seconds: 0.242772579193115 

[1] 201

NOTE: Log Print Time:  2022-01-16 21:00:33 
NOTE: Elapsed Time in seconds: 0.00328993797302246 

[1] "{\"uuid\":\"240f0336-1529-4594-a3a5-6b4b7c24f49b\",\"side\":\"ask\",\"ord_type\":\"limit\",\"price\":\"1690.0\",\"state\":\"wait\",\"market\":\"KRW-ADA\",\"created_at\":\"2022-01-16T21:00:33+09:00\",\"volume\":\"10.45045619\",\"remaining_volume\":\"10.45045619\",\"reserved_fee\":\"0.0\",\"remaining_fee\":\"0.0\",\"paid_fee\":\"0.0\",\"locked\":\"10.45045619\",\"executed_volume\":\"0.0\",\"trades_count\":0}"

NOTE: Log Print Time:  2022-01-16 21:00:33 
NOTE: Elapsed Time in seconds: 0.0040740966796875 

market=KRW-ATOM&side=ask&volume=0.246871837744866&price=52160&ord_type=limit 

NOTE: Log Print Time:  2022-01-16 21:00:33 
NOTE: Elapsed Time in seconds: 0.412852764129639 

[1] 201

NOTE: Log Print Time:  2022-01-16 21:00:33 
NOTE: Elapsed Time in seconds: 0.0026099681854248 

[1] "{\"uuid\":\"1f108b9d-db6a-4650-a6a2-1a3664797d38\",\"side\":\"ask\",\"ord_type\":\"limit\",\"price\":\"52160.0\",\"state\":\"wait\",\"market\":\"KRW-ATOM\",\"created_at\":\"2022-01-16T21:00:33+09:00\",\"volume\":\"0.24687183\",\"remaining_volume\":\"0.24687183\",\"reserved_fee\":\"0.0\",\"remaining_fee\":\"0.0\",\"paid_fee\":\"0.0\",\"locked\":\"0.24687183\",\"executed_volume\":\"0.0\",\"trades_count\":0}"

NOTE: Log Print Time:  2022-01-16 21:00:33 
NOTE: Elapsed Time in seconds: 0.0033872127532959 

market=KRW-BTC&side=ask&volume=0.00556771394207647&price=52259000&ord_type=limit 

NOTE: Log Print Time:  2022-01-16 21:00:34 
NOTE: Elapsed Time in seconds: 0.421305894851685 

[1] 201

NOTE: Log Print Time:  2022-01-16 21:00:34 
NOTE: Elapsed Time in seconds: 0.00392031669616699 

[1] "{\"uuid\":\"1d2b6cbf-62a5-4071-9f7d-db05ce6b2121\",\"side\":\"ask\",\"ord_type\":\"limit\",\"price\":\"52259000.0\",\"state\":\"wait\",\"market\":\"KRW-BTC\",\"created_at\":\"2022-01-16T21:00:34+09:00\",\"volume\":\"0.00556771\",\"remaining_volume\":\"0.00556771\",\"reserved_fee\":\"0.0\",\"remaining_fee\":\"0.0\",\"paid_fee\":\"0.0\",\"locked\":\"0.00556771\",\"executed_volume\":\"0.0\",\"trades_count\":0}"

NOTE: Log Print Time:  2022-01-16 21:00:34 
NOTE: Elapsed Time in seconds: 0.00548028945922852 

market=KRW-ETH&side=ask&volume=0.0351422970458228&price=4026000&ord_type=limit 

NOTE: Log Print Time:  2022-01-16 21:00:34 
NOTE: Elapsed Time in seconds: 0.508729934692383 

[1] 201

NOTE: Log Print Time:  2022-01-16 21:00:34 
NOTE: Elapsed Time in seconds: 0.00486516952514648 

[1] "{\"uuid\":\"45660b89-5b9e-46f3-9883-e3fcd3bea5ff\",\"side\":\"ask\",\"ord_type\":\"limit\",\"price\":\"4026000.0\",\"state\":\"wait\",\"market\":\"KRW-ETH\",\"created_at\":\"2022-01-16T21:00:34+09:00\",\"volume\":\"0.03514229\",\"remaining_volume\":\"0.03514229\",\"reserved_fee\":\"0.0\",\"remaining_fee\":\"0.0\",\"paid_fee\":\"0.0\",\"locked\":\"0.03514229\",\"executed_volume\":\"0.0\",\"trades_count\":0}"

NOTE: Log Print Time:  2022-01-16 21:00:34 
NOTE: Elapsed Time in seconds: 0.00722932815551758 

market=KRW-KAVA&side=ask&volume=1.27880902486809&price=6465&ord_type=limit 

NOTE: Log Print Time:  2022-01-16 21:00:35 
NOTE: Elapsed Time in seconds: 0.461009740829468 

[1] 201

NOTE: Log Print Time:  2022-01-16 21:00:35 
NOTE: Elapsed Time in seconds: 0.00496530532836914 

[1] "{\"uuid\":\"8a77407e-7477-468a-a826-6cfaad2ca860\",\"side\":\"ask\",\"ord_type\":\"limit\",\"price\":\"6465.0\",\"state\":\"wait\",\"market\":\"KRW-KAVA\",\"created_at\":\"2022-01-16T21:00:35+09:00\",\"volume\":\"1.27880902\",\"remaining_volume\":\"1.27880902\",\"reserved_fee\":\"0.0\",\"remaining_fee\":\"0.0\",\"paid_fee\":\"0.0\",\"locked\":\"1.27880902\",\"executed_volume\":\"0.0\",\"trades_count\":0}"

NOTE: Log Print Time:  2022-01-16 21:00:35 
NOTE: Elapsed Time in seconds: 0.00737285614013672 

market=KRW-KNC&side=ask&volume=28.76035532&price=1800&ord_type=limit 

NOTE: Log Print Time:  2022-01-16 21:00:35 
NOTE: Elapsed Time in seconds: 0.521134853363037 

[1] 201

NOTE: Log Print Time:  2022-01-16 21:00:35 
NOTE: Elapsed Time in seconds: 0.00471138954162598 

[1] "{\"uuid\":\"e1e042f1-5530-4056-bf4c-d72bc01f85cb\",\"side\":\"ask\",\"ord_type\":\"limit\",\"price\":\"1800.0\",\"state\":\"wait\",\"market\":\"KRW-KNC\",\"created_at\":\"2022-01-16T21:00:35+09:00\",\"volume\":\"28.76035532\",\"remaining_volume\":\"28.76035532\",\"reserved_fee\":\"0.0\",\"remaining_fee\":\"0.0\",\"paid_fee\":\"0.0\",\"locked\":\"28.76035532\",\"executed_volume\":\"0.0\",\"trades_count\":0}"

NOTE: Log Print Time:  2022-01-16 21:00:35 
NOTE: Elapsed Time in seconds: 0.00735807418823242 

market=KRW-LINK&side=bid&volume=1.2538661216527&price=31420&ord_type=limit 

NOTE: Log Print Time:  2022-01-16 21:00:36 
NOTE: Elapsed Time in seconds: 0.44291877746582 

[1] 201

NOTE: Log Print Time:  2022-01-16 21:00:36 
NOTE: Elapsed Time in seconds: 0.00354480743408203 

[1] "{\"uuid\":\"45a537d9-cc15-4e5f-b3db-d333bd45bce5\",\"side\":\"bid\",\"ord_type\":\"limit\",\"price\":\"31420.0\",\"state\":\"wait\",\"market\":\"KRW-LINK\",\"created_at\":\"2022-01-16T21:00:36+09:00\",\"volume\":\"1.25386612\",\"remaining_volume\":\"1.25386612\",\"reserved_fee\":\"19.6982367452\",\"remaining_fee\":\"19.6982367452\",\"paid_fee\":\"0.0\",\"locked\":\"39416.1717271452\",\"executed_volume\":\"0.0\",\"trades_count\":0}"

NOTE: Log Print Time:  2022-01-16 21:00:36 
NOTE: Elapsed Time in seconds: 0.0051567554473877 

market=KRW-NEAR&side=ask&volume=0.435405628477832&price=24260&ord_type=limit 

NOTE: Log Print Time:  2022-01-16 21:00:36 
NOTE: Elapsed Time in seconds: 0.43525218963623 

[1] 201

NOTE: Log Print Time:  2022-01-16 21:00:36 
NOTE: Elapsed Time in seconds: 0.00373983383178711 

[1] "{\"uuid\":\"5ca02fd5-b387-4803-b999-3bb3b1949fca\",\"side\":\"ask\",\"ord_type\":\"limit\",\"price\":\"24260.0\",\"state\":\"wait\",\"market\":\"KRW-NEAR\",\"created_at\":\"2022-01-16T21:00:36+09:00\",\"volume\":\"0.43540562\",\"remaining_volume\":\"0.43540562\",\"reserved_fee\":\"0.0\",\"remaining_fee\":\"0.0\",\"paid_fee\":\"0.0\",\"locked\":\"0.43540562\",\"executed_volume\":\"0.0\",\"trades_count\":0}"

NOTE: Log Print Time:  2022-01-16 21:00:36 
NOTE: Elapsed Time in seconds: 0.00559902191162109 

market=KRW-POWR&side=ask&volume=15.1402588242649&price=786&ord_type=limit 

NOTE: Log Print Time:  2022-01-16 21:00:36 
NOTE: Elapsed Time in seconds: 0.423265933990479 

[1] 201

NOTE: Log Print Time:  2022-01-16 21:00:36 
NOTE: Elapsed Time in seconds: 0.00371432304382324 

[1] "{\"uuid\":\"ac80d756-d93b-4417-a520-bfae740e5269\",\"side\":\"ask\",\"ord_type\":\"limit\",\"price\":\"786.0\",\"state\":\"wait\",\"market\":\"KRW-POWR\",\"created_at\":\"2022-01-16T21:00:36+09:00\",\"volume\":\"15.14025882\",\"remaining_volume\":\"15.14025882\",\"reserved_fee\":\"0.0\",\"remaining_fee\":\"0.0\",\"paid_fee\":\"0.0\",\"locked\":\"15.14025882\",\"executed_volume\":\"0.0\",\"trades_count\":0}"

NOTE: Log Print Time:  2022-01-16 21:00:36 
NOTE: Elapsed Time in seconds: 0.00563740730285645 

market=KRW-SOL&side=ask&volume=0.0983522145179213&price=180200&ord_type=limit 

NOTE: Log Print Time:  2022-01-16 21:00:37 
NOTE: Elapsed Time in seconds: 0.459754228591919 

[1] 201

NOTE: Log Print Time:  2022-01-16 21:00:37 
NOTE: Elapsed Time in seconds: 0.00364112854003906 

[1] "{\"uuid\":\"8d37d047-9421-413b-9592-a45da08dc77a\",\"side\":\"ask\",\"ord_type\":\"limit\",\"price\":\"180200.0\",\"state\":\"wait\",\"market\":\"KRW-SOL\",\"created_at\":\"2022-01-16T21:00:37+09:00\",\"volume\":\"0.09835221\",\"remaining_volume\":\"0.09835221\",\"reserved_fee\":\"0.0\",\"remaining_fee\":\"0.0\",\"paid_fee\":\"0.0\",\"locked\":\"0.09835221\",\"executed_volume\":\"0.0\",\"trades_count\":0}"

NOTE: Log Print Time:  2022-01-16 21:00:37 
NOTE: Elapsed Time in seconds: 0.00561165809631348 

market=KRW-XRP&side=ask&volume=14.9919742957605&price=943&ord_type=limit 

NOTE: Log Print Time:  2022-01-16 21:00:37 
NOTE: Elapsed Time in seconds: 0.448240041732788 

[1] 201

NOTE: Log Print Time:  2022-01-16 21:00:37 
NOTE: Elapsed Time in seconds: 0.00363707542419434 

[1] "{\"uuid\":\"1778f95e-2bac-4dd4-a33d-c8c871e7de97\",\"side\":\"ask\",\"ord_type\":\"limit\",\"price\":\"943.0\",\"state\":\"wait\",\"market\":\"KRW-XRP\",\"created_at\":\"2022-01-16T21:00:37+09:00\",\"volume\":\"14.99197429\",\"remaining_volume\":\"14.99197429\",\"reserved_fee\":\"0.0\",\"remaining_fee\":\"0.0\",\"paid_fee\":\"0.0\",\"locked\":\"14.99197429\",\"executed_volume\":\"0.0\",\"trades_count\":0}"

NOTE: Log Print Time:  2022-01-16 21:00:37 
NOTE: Elapsed Time in seconds: 0.00537753105163574 

