========================================================================= 
Log Path: /home/pi/stockInfoCrawler/StockTradebot/log/logcoinLog.2022-01-04.log 
Working Directory: /home/pi/stockInfoCrawler/StockTradebot/Rscript 
User Name: pi 
R Version: 3.6.2 (2019-12-12) 
Machine: raspberrypi armv7l 
Operating System: Linux 5.10.60-v7+ #1449 SMP Wed Aug 25 15:00:01 BST 2021 
Log Start Time: 2022-01-04 21:00:36 
========================================================================= 

market=KRW-AAVE&side=bid&volume=0.363412655678874&price=325050&ord_type=limit 

NOTE: Log Print Time:  2022-01-04 21:00:36 
NOTE: Elapsed Time in seconds: 0.217115879058838 

[1] 201

NOTE: Log Print Time:  2022-01-04 21:00:36 
NOTE: Elapsed Time in seconds: 0.0025477409362793 

[1] "{\"uuid\":\"6ddddbad-7eb2-4a9b-a937-f8ce91140477\",\"side\":\"bid\",\"ord_type\":\"limit\",\"price\":\"325050.0\",\"state\":\"wait\",\"market\":\"KRW-AAVE\",\"created_at\":\"2022-01-04T21:00:36+09:00\",\"volume\":\"0.36341265\",\"remaining_volume\":\"0.36341265\",\"reserved_fee\":\"59.06364094125\",\"remaining_fee\":\"59.06364094125\",\"paid_fee\":\"0.0\",\"locked\":\"118186.34552344125\",\"executed_volume\":\"0.0\",\"trades_count\":0}"

NOTE: Log Print Time:  2022-01-04 21:00:36 
NOTE: Elapsed Time in seconds: 0.0034325122833252 

market=KRW-ADA&side=ask&volume=12.4530306032045&price=1635&ord_type=limit 

NOTE: Log Print Time:  2022-01-04 21:00:36 
NOTE: Elapsed Time in seconds: 0.425435304641724 

[1] 201

NOTE: Log Print Time:  2022-01-04 21:00:36 
NOTE: Elapsed Time in seconds: 0.00370192527770996 

[1] "{\"uuid\":\"a09563ce-c81b-4c36-aa1a-2920aa8f98df\",\"side\":\"ask\",\"ord_type\":\"limit\",\"price\":\"1635.0\",\"state\":\"wait\",\"market\":\"KRW-ADA\",\"created_at\":\"2022-01-04T21:00:36+09:00\",\"volume\":\"12.4530306\",\"remaining_volume\":\"12.4530306\",\"reserved_fee\":\"0.0\",\"remaining_fee\":\"0.0\",\"paid_fee\":\"0.0\",\"locked\":\"12.4530306\",\"executed_volume\":\"0.0\",\"trades_count\":0}"

NOTE: Log Print Time:  2022-01-04 21:00:36 
NOTE: Elapsed Time in seconds: 0.00552201271057129 

market=KRW-ATOM&side=bid&volume=2.37313644204977&price=49380&ord_type=limit 

NOTE: Log Print Time:  2022-01-04 21:00:37 
NOTE: Elapsed Time in seconds: 0.476300477981567 

[1] 201

NOTE: Log Print Time:  2022-01-04 21:00:37 
NOTE: Elapsed Time in seconds: 0.00324702262878418 

[1] "{\"uuid\":\"57cd6661-0759-426c-90cb-c80decc8ef31\",\"side\":\"bid\",\"ord_type\":\"limit\",\"price\":\"49380.0\",\"state\":\"wait\",\"market\":\"KRW-ATOM\",\"created_at\":\"2022-01-04T21:00:37+09:00\",\"volume\":\"2.37313644\",\"remaining_volume\":\"2.37313644\",\"reserved_fee\":\"58.5927387036\",\"remaining_fee\":\"58.5927387036\",\"paid_fee\":\"0.0\",\"locked\":\"117244.0701459036\",\"executed_volume\":\"0.0\",\"trades_count\":0}"

NOTE: Log Print Time:  2022-01-04 21:00:37 
NOTE: Elapsed Time in seconds: 0.00445175170898438 

market=KRW-BTC&side=ask&volume=0.00704890476289205&price=56924000&ord_type=limit 

NOTE: Log Print Time:  2022-01-04 21:00:37 
NOTE: Elapsed Time in seconds: 0.418235063552856 

[1] 201

NOTE: Log Print Time:  2022-01-04 21:00:37 
NOTE: Elapsed Time in seconds: 0.00307464599609375 

[1] "{\"uuid\":\"45b1a5fd-4df2-40d4-ba38-a5a2eabacf2b\",\"side\":\"ask\",\"ord_type\":\"limit\",\"price\":\"56924000.0\",\"state\":\"wait\",\"market\":\"KRW-BTC\",\"created_at\":\"2022-01-04T21:00:37+09:00\",\"volume\":\"0.0070489\",\"remaining_volume\":\"0.0070489\",\"reserved_fee\":\"0.0\",\"remaining_fee\":\"0.0\",\"paid_fee\":\"0.0\",\"locked\":\"0.0070489\",\"executed_volume\":\"0.0\",\"trades_count\":0}"

NOTE: Log Print Time:  2022-01-04 21:00:37 
NOTE: Elapsed Time in seconds: 0.00433707237243652 

market=KRW-ELF&side=bid&volume=183.598439399267&price=603&ord_type=limit 

NOTE: Log Print Time:  2022-01-04 21:00:38 
NOTE: Elapsed Time in seconds: 0.499351263046265 

[1] 201

NOTE: Log Print Time:  2022-01-04 21:00:38 
NOTE: Elapsed Time in seconds: 0.00243663787841797 

[1] "{\"uuid\":\"59a8b541-f464-4da7-b178-99aa00e246e2\",\"side\":\"bid\",\"ord_type\":\"limit\",\"price\":\"603.0\",\"state\":\"wait\",\"market\":\"KRW-ELF\",\"created_at\":\"2022-01-04T21:00:38+09:00\",\"volume\":\"183.59843939\",\"remaining_volume\":\"183.59843939\",\"reserved_fee\":\"55.354929476085\",\"remaining_fee\":\"55.354929476085\",\"paid_fee\":\"0.0\",\"locked\":\"110765.213881646085\",\"executed_volume\":\"0.0\",\"trades_count\":0}"

NOTE: Log Print Time:  2022-01-04 21:00:38 
NOTE: Elapsed Time in seconds: 0.00353264808654785 

market=KRW-ETH&side=ask&volume=0.0444327429869164&price=4669000&ord_type=limit 

NOTE: Log Print Time:  2022-01-04 21:00:38 
NOTE: Elapsed Time in seconds: 0.417583703994751 

[1] 201

NOTE: Log Print Time:  2022-01-04 21:00:38 
NOTE: Elapsed Time in seconds: 0.00233054161071777 

[1] "{\"uuid\":\"2ee4abfd-43c3-49aa-85f7-501e7b8b6fb4\",\"side\":\"ask\",\"ord_type\":\"limit\",\"price\":\"4669000.0\",\"state\":\"wait\",\"market\":\"KRW-ETH\",\"created_at\":\"2022-01-04T21:00:38+09:00\",\"volume\":\"0.04443274\",\"remaining_volume\":\"0.04443274\",\"reserved_fee\":\"0.0\",\"remaining_fee\":\"0.0\",\"paid_fee\":\"0.0\",\"locked\":\"0.04443274\",\"executed_volume\":\"0.0\",\"trades_count\":0}"

NOTE: Log Print Time:  2022-01-04 21:00:38 
NOTE: Elapsed Time in seconds: 0.00335431098937988 

market=KRW-POWR&side=bid&volume=130.768143578483&price=799&ord_type=limit 

NOTE: Log Print Time:  2022-01-04 21:00:39 
NOTE: Elapsed Time in seconds: 0.460483312606812 

[1] 201

NOTE: Log Print Time:  2022-01-04 21:00:39 
NOTE: Elapsed Time in seconds: 0.00238633155822754 

[1] "{\"uuid\":\"807a67b8-c1aa-469c-879e-2a27ca843c9b\",\"side\":\"bid\",\"ord_type\":\"limit\",\"price\":\"799.0\",\"state\":\"wait\",\"market\":\"KRW-POWR\",\"created_at\":\"2022-01-04T21:00:39+09:00\",\"volume\":\"130.76814357\",\"remaining_volume\":\"130.76814357\",\"reserved_fee\":\"52.241873356215\",\"remaining_fee\":\"52.241873356215\",\"paid_fee\":\"0.0\",\"locked\":\"104535.988585786215\",\"executed_volume\":\"0.0\",\"trades_count\":0}"

NOTE: Log Print Time:  2022-01-04 21:00:39 
NOTE: Elapsed Time in seconds: 0.00344085693359375 

market=KRW-SOL&side=ask&volume=0.11405305598984&price=209200&ord_type=limit 

NOTE: Log Print Time:  2022-01-04 21:00:39 
NOTE: Elapsed Time in seconds: 0.414360046386719 

[1] 201

NOTE: Log Print Time:  2022-01-04 21:00:39 
NOTE: Elapsed Time in seconds: 0.00334739685058594 

[1] "{\"uuid\":\"397dd9df-4fa1-4aee-810a-ef2a3e786c93\",\"side\":\"ask\",\"ord_type\":\"limit\",\"price\":\"209200.0\",\"state\":\"wait\",\"market\":\"KRW-SOL\",\"created_at\":\"2022-01-04T21:00:39+09:00\",\"volume\":\"0.11405305\",\"remaining_volume\":\"0.11405305\",\"reserved_fee\":\"0.0\",\"remaining_fee\":\"0.0\",\"paid_fee\":\"0.0\",\"locked\":\"0.11405305\",\"executed_volume\":\"0.0\",\"trades_count\":0}"

NOTE: Log Print Time:  2022-01-04 21:00:39 
NOTE: Elapsed Time in seconds: 0.00485825538635254 

market=KRW-SXP&side=bid&volume=50.1966376970663&price=2380&ord_type=limit 

NOTE: Log Print Time:  2022-01-04 21:00:40 
NOTE: Elapsed Time in seconds: 0.434635877609253 

[1] 201

NOTE: Log Print Time:  2022-01-04 21:00:40 
NOTE: Elapsed Time in seconds: 0.00363683700561523 

[1] "{\"uuid\":\"4c094bdf-9dd9-4672-aa2f-9ac0e2ce6219\",\"side\":\"bid\",\"ord_type\":\"limit\",\"price\":\"2380.0\",\"state\":\"wait\",\"market\":\"KRW-SXP\",\"created_at\":\"2022-01-04T21:00:40+09:00\",\"volume\":\"50.19663769\",\"remaining_volume\":\"50.19663769\",\"reserved_fee\":\"59.7339988511\",\"remaining_fee\":\"59.7339988511\",\"paid_fee\":\"0.0\",\"locked\":\"119527.7317010511\",\"executed_volume\":\"0.0\",\"trades_count\":0}"

NOTE: Log Print Time:  2022-01-04 21:00:40 
NOTE: Elapsed Time in seconds: 0.00576090812683105 

market=KRW-XRP&side=ask&volume=17.4515986211276&price=1015&ord_type=limit 

NOTE: Log Print Time:  2022-01-04 21:00:40 
NOTE: Elapsed Time in seconds: 0.456136703491211 

[1] 201

NOTE: Log Print Time:  2022-01-04 21:00:40 
NOTE: Elapsed Time in seconds: 0.00418400764465332 

[1] "{\"uuid\":\"803071dc-9d31-406f-9394-3ca0dfb67b8b\",\"side\":\"ask\",\"ord_type\":\"limit\",\"price\":\"1015.0\",\"state\":\"wait\",\"market\":\"KRW-XRP\",\"created_at\":\"2022-01-04T21:00:40+09:00\",\"volume\":\"17.45159862\",\"remaining_volume\":\"17.45159862\",\"reserved_fee\":\"0.0\",\"remaining_fee\":\"0.0\",\"paid_fee\":\"0.0\",\"locked\":\"17.45159862\",\"executed_volume\":\"0.0\",\"trades_count\":0}"

NOTE: Log Print Time:  2022-01-04 21:00:40 
NOTE: Elapsed Time in seconds: 0.00616812705993652 

