========================================================================= 
Log Path: /home/pi/stockInfoCrawler/StockTradebot/log/logcoinLog.2022-01-11.log 
Working Directory: /home/pi/stockInfoCrawler/StockTradebot/Rscript 
User Name: pi 
R Version: 3.6.2 (2019-12-12) 
Machine: raspberrypi armv7l 
Operating System: Linux 5.10.60-v7+ #1449 SMP Wed Aug 25 15:00:01 BST 2021 
Log Start Time: 2022-01-11 21:00:33 
========================================================================= 

market=KRW-ATOM&side=ask&volume=0.195484814835801&price=45170&ord_type=limit 

NOTE: Log Print Time:  2022-01-11 21:00:33 
NOTE: Elapsed Time in seconds: 0.167031764984131 

[1] 201

NOTE: Log Print Time:  2022-01-11 21:00:33 
NOTE: Elapsed Time in seconds: 0.00234365463256836 

[1] "{\"uuid\":\"1cb51e43-b847-4210-951e-2bda884b9e2b\",\"side\":\"ask\",\"ord_type\":\"limit\",\"price\":\"45170.0\",\"state\":\"wait\",\"market\":\"KRW-ATOM\",\"created_at\":\"2022-01-11T21:00:33+09:00\",\"volume\":\"0.19548481\",\"remaining_volume\":\"0.19548481\",\"reserved_fee\":\"0.0\",\"remaining_fee\":\"0.0\",\"paid_fee\":\"0.0\",\"locked\":\"0.19548481\",\"executed_volume\":\"0.0\",\"trades_count\":0}"

NOTE: Log Print Time:  2022-01-11 21:00:33 
NOTE: Elapsed Time in seconds: 0.00331711769104004 

market=KRW-BTC&side=bid&volume=0.00139672515993317&price=51150000&ord_type=limit 

NOTE: Log Print Time:  2022-01-11 21:00:33 
NOTE: Elapsed Time in seconds: 0.537608623504639 

[1] 201

NOTE: Log Print Time:  2022-01-11 21:00:33 
NOTE: Elapsed Time in seconds: 0.00361490249633789 

[1] "{\"uuid\":\"29863cfd-18cd-4c05-8175-b6f80f866f2e\",\"side\":\"bid\",\"ord_type\":\"limit\",\"price\":\"51150000.0\",\"state\":\"wait\",\"market\":\"KRW-BTC\",\"created_at\":\"2022-01-11T21:00:33+09:00\",\"volume\":\"0.00139672\",\"remaining_volume\":\"0.00139672\",\"reserved_fee\":\"35.721114\",\"remaining_fee\":\"35.721114\",\"paid_fee\":\"0.0\",\"locked\":\"71477.949114\",\"executed_volume\":\"0.0\",\"trades_count\":0}"

NOTE: Log Print Time:  2022-01-11 21:00:33 
NOTE: Elapsed Time in seconds: 0.00578403472900391 

market=KRW-ELF&side=bid&volume=43.9965749834394&price=473&ord_type=limit 

NOTE: Log Print Time:  2022-01-11 21:00:34 
NOTE: Elapsed Time in seconds: 0.44835638999939 

[1] 201

NOTE: Log Print Time:  2022-01-11 21:00:34 
NOTE: Elapsed Time in seconds: 0.00295662879943848 

[1] "{\"uuid\":\"1a8bd1e8-2a75-480d-9de1-8d3a385444f5\",\"side\":\"bid\",\"ord_type\":\"limit\",\"price\":\"473.0\",\"state\":\"wait\",\"market\":\"KRW-ELF\",\"created_at\":\"2022-01-11T21:00:34+09:00\",\"volume\":\"43.99657498\",\"remaining_volume\":\"43.99657498\",\"reserved_fee\":\"10.40518998277\",\"remaining_fee\":\"10.40518998277\",\"paid_fee\":\"0.0\",\"locked\":\"20820.78515552277\",\"executed_volume\":\"0.0\",\"trades_count\":0}"

NOTE: Log Print Time:  2022-01-11 21:00:34 
NOTE: Elapsed Time in seconds: 0.00413036346435547 

market=KRW-ETH&side=bid&volume=0.00886383527947722&price=3806000&ord_type=limit 

NOTE: Log Print Time:  2022-01-11 21:00:34 
NOTE: Elapsed Time in seconds: 0.433706760406494 

[1] 201

NOTE: Log Print Time:  2022-01-11 21:00:34 
NOTE: Elapsed Time in seconds: 0.00310826301574707 

[1] "{\"uuid\":\"62f75e65-6a6a-42a8-b9a6-4e117a8c4ea2\",\"side\":\"bid\",\"ord_type\":\"limit\",\"price\":\"3806000.0\",\"state\":\"wait\",\"market\":\"KRW-ETH\",\"created_at\":\"2022-01-11T21:00:34+09:00\",\"volume\":\"0.00886383\",\"remaining_volume\":\"0.00886383\",\"reserved_fee\":\"16.86786849\",\"remaining_fee\":\"16.86786849\",\"paid_fee\":\"0.0\",\"locked\":\"33752.60484849\",\"executed_volume\":\"0.0\",\"trades_count\":0}"

NOTE: Log Print Time:  2022-01-11 21:00:34 
NOTE: Elapsed Time in seconds: 0.00436043739318848 

market=KRW-KAVA&side=ask&volume=2.08360276389034&price=5625&ord_type=limit 

NOTE: Log Print Time:  2022-01-11 21:00:35 
NOTE: Elapsed Time in seconds: 0.540955543518066 

[1] 201

NOTE: Log Print Time:  2022-01-11 21:00:35 
NOTE: Elapsed Time in seconds: 0.00306320190429688 

[1] "{\"uuid\":\"a672f714-5f80-400b-aec6-bc4687a775d3\",\"side\":\"ask\",\"ord_type\":\"limit\",\"price\":\"5625.0\",\"state\":\"wait\",\"market\":\"KRW-KAVA\",\"created_at\":\"2022-01-11T21:00:35+09:00\",\"volume\":\"2.08360276\",\"remaining_volume\":\"2.08360276\",\"reserved_fee\":\"0.0\",\"remaining_fee\":\"0.0\",\"paid_fee\":\"0.0\",\"locked\":\"2.08360276\",\"executed_volume\":\"0.0\",\"trades_count\":0}"

NOTE: Log Print Time:  2022-01-11 21:00:35 
NOTE: Elapsed Time in seconds: 0.0103013515472412 

market=KRW-LINK&side=ask&volume=0.250579139763134&price=32790&ord_type=limit 

NOTE: Log Print Time:  2022-01-11 21:00:35 
NOTE: Elapsed Time in seconds: 0.423078060150146 

[1] 201

NOTE: Log Print Time:  2022-01-11 21:00:35 
NOTE: Elapsed Time in seconds: 0.00243639945983887 

[1] "{\"uuid\":\"a4f4d181-dc6a-4ea2-930c-66f00e9d2520\",\"side\":\"ask\",\"ord_type\":\"limit\",\"price\":\"32790.0\",\"state\":\"wait\",\"market\":\"KRW-LINK\",\"created_at\":\"2022-01-11T21:00:35+09:00\",\"volume\":\"0.25057913\",\"remaining_volume\":\"0.25057913\",\"reserved_fee\":\"0.0\",\"remaining_fee\":\"0.0\",\"paid_fee\":\"0.0\",\"locked\":\"0.25057913\",\"executed_volume\":\"0.0\",\"trades_count\":0}"

NOTE: Log Print Time:  2022-01-11 21:00:35 
NOTE: Elapsed Time in seconds: 0.00334572792053223 

market=KRW-POWR&side=ask&volume=9.95668245597858&price=693&ord_type=limit 

NOTE: Log Print Time:  2022-01-11 21:00:36 
NOTE: Elapsed Time in seconds: 0.476707458496094 

[1] 201

NOTE: Log Print Time:  2022-01-11 21:00:36 
NOTE: Elapsed Time in seconds: 0.0023338794708252 

[1] "{\"uuid\":\"39ce033a-1ce5-4973-a798-43c659133b2a\",\"side\":\"ask\",\"ord_type\":\"limit\",\"price\":\"693.0\",\"state\":\"wait\",\"market\":\"KRW-POWR\",\"created_at\":\"2022-01-11T21:00:36+09:00\",\"volume\":\"9.95668245\",\"remaining_volume\":\"9.95668245\",\"reserved_fee\":\"0.0\",\"remaining_fee\":\"0.0\",\"paid_fee\":\"0.0\",\"locked\":\"9.95668245\",\"executed_volume\":\"0.0\",\"trades_count\":0}"

NOTE: Log Print Time:  2022-01-11 21:00:36 
NOTE: Elapsed Time in seconds: 0.00330090522766113 

market=KRW-REP&side=ask&volume=1.34846709&price=19940&ord_type=limit 

NOTE: Log Print Time:  2022-01-11 21:00:36 
NOTE: Elapsed Time in seconds: 0.441544055938721 

[1] 201

NOTE: Log Print Time:  2022-01-11 21:00:36 
NOTE: Elapsed Time in seconds: 0.00474691390991211 

[1] "{\"uuid\":\"4334a6ef-9a9b-492b-a76f-0339718a02e2\",\"side\":\"ask\",\"ord_type\":\"limit\",\"price\":\"19940.0\",\"state\":\"wait\",\"market\":\"KRW-REP\",\"created_at\":\"2022-01-11T21:00:36+09:00\",\"volume\":\"1.34846709\",\"remaining_volume\":\"1.34846709\",\"reserved_fee\":\"0.0\",\"remaining_fee\":\"0.0\",\"paid_fee\":\"0.0\",\"locked\":\"1.34846709\",\"executed_volume\":\"0.0\",\"trades_count\":0}"

NOTE: Log Print Time:  2022-01-11 21:00:36 
NOTE: Elapsed Time in seconds: 0.0074608325958252 

