========================================================================= 
Log Path: /home/pi/stockInfoCrawler/StockTradebot/log/logcoinLog.2021-12-14.log 
Working Directory: /home/pi/stockInfoCrawler/StockTradebot/Rscript 
User Name: pi 
R Version: 3.6.2 (2019-12-12) 
Machine: raspberrypi armv7l 
Operating System: Linux 5.10.60-v7+ #1449 SMP Wed Aug 25 15:00:01 BST 2021 
Log Start Time: 2021-12-14 21:00:39 
========================================================================= 

market=KRW-ADA&side=bid&volume=7.77619763746041&price=1570&ord_type=limit 

NOTE: Log Print Time:  2021-12-14 21:00:39 
NOTE: Elapsed Time in seconds: 0.214136362075806 

[1] 201

NOTE: Log Print Time:  2021-12-14 21:00:39 
NOTE: Elapsed Time in seconds: 0.00241684913635254 

[1] "{\"uuid\":\"eb179f5c-168a-4f42-884f-3dda194da204\",\"side\":\"bid\",\"ord_type\":\"limit\",\"price\":\"1570.0\",\"state\":\"wait\",\"market\":\"KRW-ADA\",\"created_at\":\"2021-12-14T21:00:39+09:00\",\"volume\":\"7.77619763\",\"remaining_volume\":\"7.77619763\",\"reserved_fee\":\"6.10431513955\",\"remaining_fee\":\"6.10431513955\",\"paid_fee\":\"0.0\",\"locked\":\"12214.73459423955\",\"executed_volume\":\"0.0\",\"trades_count\":0}"

NOTE: Log Print Time:  2021-12-14 21:00:39 
NOTE: Elapsed Time in seconds: 0.00340676307678223 

market=KRW-BTC&side=bid&volume=0.00455062084551759&price=59396000&ord_type=limit 

NOTE: Log Print Time:  2021-12-14 21:00:40 
NOTE: Elapsed Time in seconds: 0.434905052185059 

[1] 201

NOTE: Log Print Time:  2021-12-14 21:00:40 
NOTE: Elapsed Time in seconds: 0.0036470890045166 

[1] "{\"uuid\":\"70aee047-2787-4244-815c-3a8f489281d2\",\"side\":\"bid\",\"ord_type\":\"limit\",\"price\":\"59396000.0\",\"state\":\"wait\",\"market\":\"KRW-BTC\",\"created_at\":\"2021-12-14T21:00:39+09:00\",\"volume\":\"0.00455062\",\"remaining_volume\":\"0.00455062\",\"reserved_fee\":\"135.14431276\",\"remaining_fee\":\"135.14431276\",\"paid_fee\":\"0.0\",\"locked\":\"270423.76983276\",\"executed_volume\":\"0.0\",\"trades_count\":0}"

NOTE: Log Print Time:  2021-12-14 21:00:40 
NOTE: Elapsed Time in seconds: 0.00606226921081543 

market=KRW-BTT&side=bid&volume=6350.75866444223&price=3.54&ord_type=limit 

NOTE: Log Print Time:  2021-12-14 21:00:40 
NOTE: Elapsed Time in seconds: 0.449107646942139 

[1] 201

NOTE: Log Print Time:  2021-12-14 21:00:40 
NOTE: Elapsed Time in seconds: 0.00340938568115234 

[1] "{\"uuid\":\"88f26d01-6efa-4fef-87bf-e01cb5b3e327\",\"side\":\"bid\",\"ord_type\":\"limit\",\"price\":\"3.54\",\"state\":\"wait\",\"market\":\"KRW-BTT\",\"created_at\":\"2021-12-14T21:00:40+09:00\",\"volume\":\"6350.75866444\",\"remaining_volume\":\"6350.75866444\",\"reserved_fee\":\"11.2408428360588\",\"remaining_fee\":\"11.2408428360588\",\"paid_fee\":\"0.0\",\"locked\":\"22492.9265149536588\",\"executed_volume\":\"0.0\",\"trades_count\":0}"

NOTE: Log Print Time:  2021-12-14 21:00:40 
NOTE: Elapsed Time in seconds: 0.00502204895019531 

market=KRW-DOGE&side=bid&volume=85.8079605806317&price=262&ord_type=limit 

NOTE: Log Print Time:  2021-12-14 21:00:40 
NOTE: Elapsed Time in seconds: 0.455066204071045 

[1] 201

NOTE: Log Print Time:  2021-12-14 21:00:40 
NOTE: Elapsed Time in seconds: 0.00463342666625977 

[1] "{\"uuid\":\"1cb0ce27-f19d-4bb1-992e-52573e184c3b\",\"side\":\"bid\",\"ord_type\":\"limit\",\"price\":\"262.0\",\"state\":\"wait\",\"market\":\"KRW-DOGE\",\"created_at\":\"2021-12-14T21:00:40+09:00\",\"volume\":\"85.80796058\",\"remaining_volume\":\"85.80796058\",\"reserved_fee\":\"11.24084283598\",\"remaining_fee\":\"11.24084283598\",\"paid_fee\":\"0.0\",\"locked\":\"22492.92651479598\",\"executed_volume\":\"0.0\",\"trades_count\":0}"

NOTE: Log Print Time:  2021-12-14 21:00:40 
NOTE: Elapsed Time in seconds: 0.00788664817810059 

market=KRW-ETH&side=bid&volume=0.02850579780326&price=4785000&ord_type=limit 

NOTE: Log Print Time:  2021-12-14 21:00:41 
NOTE: Elapsed Time in seconds: 0.474558353424072 

[1] 201

NOTE: Log Print Time:  2021-12-14 21:00:41 
NOTE: Elapsed Time in seconds: 0.00332736968994141 

[1] "{\"uuid\":\"79c96061-9288-4c7e-91fe-40f5151fcad2\",\"side\":\"bid\",\"ord_type\":\"limit\",\"price\":\"4785000.0\",\"state\":\"wait\",\"market\":\"KRW-ETH\",\"created_at\":\"2021-12-14T21:00:41+09:00\",\"volume\":\"0.02850579\",\"remaining_volume\":\"0.02850579\",\"reserved_fee\":\"68.200102575\",\"remaining_fee\":\"68.200102575\",\"paid_fee\":\"0.0\",\"locked\":\"136468.405252575\",\"executed_volume\":\"0.0\",\"trades_count\":0}"

NOTE: Log Print Time:  2021-12-14 21:00:41 
NOTE: Elapsed Time in seconds: 0.00519824028015137 

market=KRW-HIVE&side=bid&volume=13.0328612592032&price=1725&ord_type=limit 

NOTE: Log Print Time:  2021-12-14 21:00:41 
NOTE: Elapsed Time in seconds: 0.469208002090454 

[1] 201

NOTE: Log Print Time:  2021-12-14 21:00:41 
NOTE: Elapsed Time in seconds: 0.00444197654724121 

[1] "{\"uuid\":\"66ab33f0-d1f0-4fed-ac5e-e4bb742d86d6\",\"side\":\"bid\",\"ord_type\":\"limit\",\"price\":\"1725.0\",\"state\":\"wait\",\"market\":\"KRW-HIVE\",\"created_at\":\"2021-12-14T21:00:41+09:00\",\"volume\":\"13.03286125\",\"remaining_volume\":\"13.03286125\",\"reserved_fee\":\"11.240842828125\",\"remaining_fee\":\"11.240842828125\",\"paid_fee\":\"0.0\",\"locked\":\"22492.926499078125\",\"executed_volume\":\"0.0\",\"trades_count\":0}"

NOTE: Log Print Time:  2021-12-14 21:00:41 
NOTE: Elapsed Time in seconds: 0.00637698173522949 

market=KRW-MATIC&side=bid&volume=9.75344280786356&price=2305&ord_type=limit 

NOTE: Log Print Time:  2021-12-14 21:00:42 
NOTE: Elapsed Time in seconds: 0.459238290786743 

[1] 201

NOTE: Log Print Time:  2021-12-14 21:00:42 
NOTE: Elapsed Time in seconds: 0.00378727912902832 

[1] "{\"uuid\":\"c6d7a116-553d-49e2-af3b-dbe569541e9b\",\"side\":\"bid\",\"ord_type\":\"limit\",\"price\":\"2305.0\",\"state\":\"wait\",\"market\":\"KRW-MATIC\",\"created_at\":\"2021-12-14T21:00:42+09:00\",\"volume\":\"9.7534428\",\"remaining_volume\":\"9.7534428\",\"reserved_fee\":\"11.240842827\",\"remaining_fee\":\"11.240842827\",\"paid_fee\":\"0.0\",\"locked\":\"22492.926496827\",\"executed_volume\":\"0.0\",\"trades_count\":0}"

NOTE: Log Print Time:  2021-12-14 21:00:42 
NOTE: Elapsed Time in seconds: 0.00551819801330566 

market=KRW-SOL&side=bid&volume=0.0742161776887596&price=197500&ord_type=limit 

NOTE: Log Print Time:  2021-12-14 21:00:42 
NOTE: Elapsed Time in seconds: 0.498011350631714 

[1] 201

NOTE: Log Print Time:  2021-12-14 21:00:42 
NOTE: Elapsed Time in seconds: 0.00499343872070312 

[1] "{\"uuid\":\"f5d278f9-964f-42c3-b2da-1d2fc4f219c0\",\"side\":\"bid\",\"ord_type\":\"limit\",\"price\":\"197500.0\",\"state\":\"wait\",\"market\":\"KRW-SOL\",\"created_at\":\"2021-12-14T21:00:42+09:00\",\"volume\":\"0.07421617\",\"remaining_volume\":\"0.07421617\",\"reserved_fee\":\"7.3288467875\",\"remaining_fee\":\"7.3288467875\",\"paid_fee\":\"0.0\",\"locked\":\"14665.0224217875\",\"executed_volume\":\"0.0\",\"trades_count\":0}"

NOTE: Log Print Time:  2021-12-14 21:00:42 
NOTE: Elapsed Time in seconds: 0.00715041160583496 

market=KRW-XRP&side=bid&volume=10.9109487435036&price=1010&ord_type=limit 

NOTE: Log Print Time:  2021-12-14 21:00:43 
NOTE: Elapsed Time in seconds: 0.444873332977295 

[1] 201

NOTE: Log Print Time:  2021-12-14 21:00:43 
NOTE: Elapsed Time in seconds: 0.00362300872802734 

[1] "{\"uuid\":\"86bf063f-6b95-4155-8ef0-41ae36d7087e\",\"side\":\"bid\",\"ord_type\":\"limit\",\"price\":\"1010.0\",\"state\":\"wait\",\"market\":\"KRW-XRP\",\"created_at\":\"2021-12-14T21:00:43+09:00\",\"volume\":\"10.91094874\",\"remaining_volume\":\"10.91094874\",\"reserved_fee\":\"5.5100291137\",\"remaining_fee\":\"5.5100291137\",\"paid_fee\":\"0.0\",\"locked\":\"11025.5682565137\",\"executed_volume\":\"0.0\",\"trades_count\":0}"

NOTE: Log Print Time:  2021-12-14 21:00:43 
NOTE: Elapsed Time in seconds: 0.0056757926940918 

market=KRW-XTZ&side=bid&volume=4.11375767102022&price=5465&ord_type=limit 

NOTE: Log Print Time:  2021-12-14 21:00:43 
NOTE: Elapsed Time in seconds: 0.451947212219238 

[1] 201

NOTE: Log Print Time:  2021-12-14 21:00:43 
NOTE: Elapsed Time in seconds: 0.00363636016845703 

[1] "{\"uuid\":\"f7e363ec-1b5d-44a0-a2a4-3e51ba27a6b8\",\"side\":\"bid\",\"ord_type\":\"limit\",\"price\":\"5465.0\",\"state\":\"wait\",\"market\":\"KRW-XTZ\",\"created_at\":\"2021-12-14T21:00:43+09:00\",\"volume\":\"4.11375767\",\"remaining_volume\":\"4.11375767\",\"reserved_fee\":\"11.240842833275\",\"remaining_fee\":\"11.240842833275\",\"paid_fee\":\"0.0\",\"locked\":\"22492.926509383275\",\"executed_volume\":\"0.0\",\"trades_count\":0}"

NOTE: Log Print Time:  2021-12-14 21:00:43 
NOTE: Elapsed Time in seconds: 0.00629138946533203 

