========================================================================= 
Log Path: /home/pi/stockInfoCrawler/StockTradebot/log/logcoinLog.2021-10-22.log 
Working Directory: /home/pi/stockInfoCrawler/StockTradebot/Rscript 
User Name: pi 
R Version: 3.6.2 (2019-12-12) 
Machine: raspberrypi armv7l 
Operating System: Linux 5.10.60-v7+ #1449 SMP Wed Aug 25 15:00:01 BST 2021 
Log Start Time: 2021-10-22 07:00:39 
========================================================================= 

market=KRW-AXS&side=bid&volume=0.530692269014608&price=147750&ord_type=limit 

NOTE: Log Print Time:  2021-10-22 07:00:39 
NOTE: Elapsed Time in seconds: 0.187473058700562 

[1] 201

NOTE: Log Print Time:  2021-10-22 07:00:39 
NOTE: Elapsed Time in seconds: 0.0033111572265625 

[1] "{\"uuid\":\"f10c03c2-8d93-48f3-aaf1-5f697dc41610\",\"side\":\"bid\",\"ord_type\":\"limit\",\"price\":\"147750.0\",\"state\":\"wait\",\"market\":\"KRW-AXS\",\"created_at\":\"2021-10-22T07:00:39+09:00\",\"volume\":\"0.53069226\",\"remaining_volume\":\"0.53069226\",\"reserved_fee\":\"39.2048907075\",\"remaining_fee\":\"39.2048907075\",\"paid_fee\":\"0.0\",\"locked\":\"78448.9863057075\",\"executed_volume\":\"0.0\",\"trades_count\":0}"

NOTE: Log Print Time:  2021-10-22 07:00:39 
NOTE: Elapsed Time in seconds: 0.00435733795166016 

market=KRW-OMG&side=bid&volume=103.47301070505&price=18200&ord_type=limit 

NOTE: Log Print Time:  2021-10-22 07:00:39 
NOTE: Elapsed Time in seconds: 0.410164356231689 

[1] 400

NOTE: Log Print Time:  2021-10-22 07:00:39 
NOTE: Elapsed Time in seconds: 0.00354337692260742 

{"error":{"message":"주문가능한 금액(KRW)이 부족합니다.","name":"insufficient_funds_bid"}} 

NOTE: Log Print Time:  2021-10-22 07:00:39 
NOTE: Elapsed Time in seconds: 0.00342679023742676 

market=KRW-STPT&side=bid&volume=450.466586497413&price=190&ord_type=limit 

NOTE: Log Print Time:  2021-10-22 07:00:40 
NOTE: Elapsed Time in seconds: 0.436760187149048 

[1] 201

NOTE: Log Print Time:  2021-10-22 07:00:40 
NOTE: Elapsed Time in seconds: 0.00358486175537109 

[1] "{\"uuid\":\"a1d89e2a-4ceb-4a1d-9ccb-a1f21cf1fe1b\",\"side\":\"bid\",\"ord_type\":\"limit\",\"price\":\"190.0\",\"state\":\"wait\",\"market\":\"KRW-STPT\",\"created_at\":\"2021-10-22T07:00:40+09:00\",\"volume\":\"450.46658649\",\"remaining_volume\":\"450.46658649\",\"reserved_fee\":\"42.79432571655\",\"remaining_fee\":\"42.79432571655\",\"paid_fee\":\"0.0\",\"locked\":\"85631.44575881655\",\"executed_volume\":\"0.0\",\"trades_count\":0}"

NOTE: Log Print Time:  2021-10-22 07:00:40 
NOTE: Elapsed Time in seconds: 0.00504708290100098 

market=KRW-STX&side=bid&volume=27.896634431452&price=2795&ord_type=limit 

NOTE: Log Print Time:  2021-10-22 07:00:40 
NOTE: Elapsed Time in seconds: 0.414983510971069 

[1] 201

NOTE: Log Print Time:  2021-10-22 07:00:40 
NOTE: Elapsed Time in seconds: 0.00292277336120605 

[1] "{\"uuid\":\"84607dce-1a0a-4565-941c-08e2d89884f1\",\"side\":\"bid\",\"ord_type\":\"limit\",\"price\":\"2795.0\",\"state\":\"wait\",\"market\":\"KRW-STX\",\"created_at\":\"2021-10-22T07:00:40+09:00\",\"volume\":\"27.89663443\",\"remaining_volume\":\"27.89663443\",\"reserved_fee\":\"38.985546615925\",\"remaining_fee\":\"38.985546615925\",\"paid_fee\":\"0.0\",\"locked\":\"78010.078778465925\",\"executed_volume\":\"0.0\",\"trades_count\":0}"

NOTE: Log Print Time:  2021-10-22 07:00:40 
NOTE: Elapsed Time in seconds: 0.00446128845214844 

========================================================================= 
Log End Time: 2021-10-22 07:00:40 
Log Elapsed Time: 0 00:00:01 
========================================================================= 
