========================================================================= 
Log Path: /home/pi/stockInfoCrawler/StockTradebot/log/logcoinLog.2021-11-02.log 
Working Directory: /home/pi/stockInfoCrawler/StockTradebot/Rscript 
User Name: pi 
R Version: 3.6.2 (2019-12-12) 
Machine: raspberrypi armv7l 
Operating System: Linux 5.10.60-v7+ #1449 SMP Wed Aug 25 15:00:01 BST 2021 
Log Start Time: 2021-11-02 07:03:12 
========================================================================= 

market=KRW-BORA&side=bid&volume=2818.53810774376&price=414&ord_type=limit 

NOTE: Log Print Time:  2021-11-02 07:03:12 
NOTE: Elapsed Time in seconds: 0.188574552536011 

[1] 201

NOTE: Log Print Time:  2021-11-02 07:03:12 
NOTE: Elapsed Time in seconds: 0.0040137767791748 

[1] "{\"uuid\":\"d784803e-8a90-4bb7-b6b5-96df81fb4ff0\",\"side\":\"bid\",\"ord_type\":\"limit\",\"price\":\"414.0\",\"state\":\"wait\",\"market\":\"KRW-BORA\",\"created_at\":\"2021-11-02T07:03:12+09:00\",\"volume\":\"2818.53810774\",\"remaining_volume\":\"2818.53810774\",\"reserved_fee\":\"583.43738830218\",\"remaining_fee\":\"583.43738830218\",\"paid_fee\":\"0.0\",\"locked\":\"1167458.21399266218\",\"executed_volume\":\"0.0\",\"trades_count\":0}"

NOTE: Log Print Time:  2021-11-02 07:03:12 
NOTE: Elapsed Time in seconds: 0.00545096397399902 

market=KRW-BTC&side=bid&volume=0.0146302892613182&price=72411000&ord_type=limit 

NOTE: Log Print Time:  2021-11-02 07:03:13 
NOTE: Elapsed Time in seconds: 0.445647478103638 

[1] 201

NOTE: Log Print Time:  2021-11-02 07:03:13 
NOTE: Elapsed Time in seconds: 0.0036318302154541 

[1] "{\"uuid\":\"7f3c7e29-74dd-4838-8ff3-b997d0d6b6bd\",\"side\":\"bid\",\"ord_type\":\"limit\",\"price\":\"72411000.0\",\"state\":\"wait\",\"market\":\"KRW-BTC\",\"created_at\":\"2021-11-02T07:03:13+09:00\",\"volume\":\"0.01463028\",\"remaining_volume\":\"0.01463028\",\"reserved_fee\":\"529.69660254\",\"remaining_fee\":\"529.69660254\",\"paid_fee\":\"0.0\",\"locked\":\"1059922.90168254\",\"executed_volume\":\"0.0\",\"trades_count\":0}"

NOTE: Log Print Time:  2021-11-02 07:03:13 
NOTE: Elapsed Time in seconds: 0.00513839721679688 

market=KRW-ETH&side=bid&volume=0.007254975828843&price=5119000&ord_type=limit 

NOTE: Log Print Time:  2021-11-02 07:03:13 
NOTE: Elapsed Time in seconds: 0.427329301834106 

[1] 201

NOTE: Log Print Time:  2021-11-02 07:03:13 
NOTE: Elapsed Time in seconds: 0.0034797191619873 

[1] "{\"uuid\":\"b6d84377-a994-4a64-957b-d060d1cbaca8\",\"side\":\"bid\",\"ord_type\":\"limit\",\"price\":\"5119000.0\",\"state\":\"wait\",\"market\":\"KRW-ETH\",\"created_at\":\"2021-11-02T07:03:13+09:00\",\"volume\":\"0.00725497\",\"remaining_volume\":\"0.00725497\",\"reserved_fee\":\"18.569095715\",\"remaining_fee\":\"18.569095715\",\"paid_fee\":\"0.0\",\"locked\":\"37156.760525715\",\"executed_volume\":\"0.0\",\"trades_count\":0}"

NOTE: Log Print Time:  2021-11-02 07:03:13 
NOTE: Elapsed Time in seconds: 0.00494623184204102 

market=KRW-XRP&side=bid&volume=38.9779314156513&price=1300&ord_type=limit 

NOTE: Log Print Time:  2021-11-02 07:03:14 
NOTE: Elapsed Time in seconds: 0.428567409515381 

[1] 201

NOTE: Log Print Time:  2021-11-02 07:03:14 
NOTE: Elapsed Time in seconds: 0.00349164009094238 

[1] "{\"uuid\":\"72c595fc-09a4-44c0-a6c9-fc79d20a834f\",\"side\":\"bid\",\"ord_type\":\"limit\",\"price\":\"1300.0\",\"state\":\"wait\",\"market\":\"KRW-XRP\",\"created_at\":\"2021-11-02T07:03:14+09:00\",\"volume\":\"38.97793141\",\"remaining_volume\":\"38.97793141\",\"reserved_fee\":\"25.3356554165\",\"remaining_fee\":\"25.3356554165\",\"paid_fee\":\"0.0\",\"locked\":\"50696.6464884165\",\"executed_volume\":\"0.0\",\"trades_count\":0}"

NOTE: Log Print Time:  2021-11-02 07:03:14 
NOTE: Elapsed Time in seconds: 0.00499725341796875 

