========================================================================= 
Log Path: /home/pi/stockInfoCrawler/StockTradebot/log/logcoinLog.2021-09-27.log 
Working Directory: /home/pi/stockInfoCrawler/StockTradebot/Rscript 
User Name: pi 
R Version: 3.6.2 (2019-12-12) 
Machine: raspberrypi armv7l 
Operating System: Linux 5.10.17-v7+ #1421 SMP Thu May 27 13:59:01 BST 2021 
Log Start Time: 2021-09-27 07:00:11 
========================================================================= 

TOP 10COIN LIST: 

NOTE: Log Print Time:  2021-09-27 07:00:11 
NOTE: Elapsed Time in seconds: 0.00240516662597656 

            name symbol        price  volume_24h percent_change_1h
 1:      Bitcoin    BTC 4.354956e+04 29771087018       -0.13332934
 2:     Ethereum    ETH 3.084722e+03 20641073029       -0.03288963
 3:      Cardano    ADA 2.255314e+00  4127325794       -0.56351306
 4:          XRP    XRP 9.463054e-01  3114358490       -0.29061146
 5:     Polkadot    DOT 2.936604e+01  2555464037       -0.16752119
 6:     Dogecoin   DOGE 2.070343e-01  1134277918       -0.52187493
 7:    Chainlink   LINK 2.488085e+01  1963327827        0.35990744
 8:     Litecoin    LTC 1.522855e+02  3297886440       -0.29349275
 9: Bitcoin Cash    BCH 5.079810e+02  5715573670       -0.78705491
10:       Cosmos   ATOM 4.003251e+01  1771654517        0.24321374
    percent_change_24h percent_change_7d percent_change_30d percent_change_60d
 1:          1.9774363         -8.326415         -11.143186          8.5764942
 2:          5.8045648         -7.843676          -5.865805         33.8588424
 3:         -2.5307921         -2.282017         -21.939180         75.8016492
 4:          0.8014541        -11.513703         -18.910383         33.4840473
 5:         -1.5233996        -13.806822          11.758355        102.7608664
 6:         -0.6864470        -12.444593         -29.584635          0.3933068
 7:          3.0076806         -9.941379          -4.084005         30.2639338
 8:          1.0015055        -13.528280         -13.382066          7.5596188
 9:         -1.0896936        -17.171813         -19.676609         -0.2453875
10:          1.4344324         -6.473389          96.765380        244.7861650
    percent_change_90d   market_cap market_cap_dominance
 1:         25.3394083 819907050629              42.4647
 2:         44.3997488 363029887717              18.7538
 3:         68.0196154  72228216585               3.7312
 4:         44.7864012  44209153563               2.2838
 5:         84.1062637  29001290221               1.5020
 6:        -20.7401647  27214020600               1.4058
 7:         28.8941243  11321026248               0.5848
 8:          9.6788370  10165456601               0.5265
 9:         -0.1780773   9578705988               0.4948
10:        270.1020667   8886771581               0.4591
    fully_diluted_market_cap             last_updated  korean_name
 1:             914540816500 2021-09-26T21:59:02.000Z     비트코인
 2:             363029887717 2021-09-26T21:59:02.000Z     이더리움
 3:             101489144145 2021-09-26T21:58:11.000Z       에이다
 4:              94630535751 2021-09-26T21:59:03.000Z         리플
 5:              32399650024 2021-09-26T21:59:06.000Z       폴카닷
 6:              27214020600 2021-09-26T21:59:03.000Z     도지코인
 7:              24880853931 2021-09-26T21:58:10.000Z     체인링크
 8:              12791983665 2021-09-26T21:59:02.000Z   라이트코인
 9:              10667601400 2021-09-26T21:58:09.000Z 비트코인캐시
10:              11200034434 2021-09-26T21:58:08.000Z     코스모스

NOTE: Data frame has 10 rows and 15 columns. 

NOTE: Log Print Time:  2021-09-27 07:00:17 
NOTE: Elapsed Time in seconds: 6.44254016876221 

CURRENT BALANCE 

NOTE: Log Print Time:  2021-09-27 07:00:17 
NOTE: Elapsed Time in seconds: 0.00658464431762695 

    currency      balance locked avg_buy_price avg_buy_price_modified
 1:      KRW    0.1565922    0.0  0.000000e+00                   TRUE
 2:      ADA  240.0787968    0.0  3.081907e+03                  FALSE
 3:     ATOM   14.4571979    0.0  4.301000e+04                  FALSE
 4:      BCH    0.9334996    0.0  7.626637e+05                  FALSE
 5:      BTC    0.0117521    0.0  5.700412e+07                  FALSE
 6:     DOGE 2410.0933481    0.0  3.167712e+02                  FALSE
 7:      DOT   17.4321302    0.0  3.416871e+04                  FALSE
 8:      ETH    0.1676474    0.0  3.960230e+06                  FALSE
 9:     LINK   21.4440628    0.0  3.177844e+04                  FALSE
10:      LTC    3.1676214    0.0  2.165962e+05                  FALSE
11:      XRP  535.7244608    0.0  1.334456e+03                  FALSE
    unit_currency
 1:           KRW
 2:           KRW
 3:           KRW
 4:           KRW
 5:           KRW
 6:           KRW
 7:           KRW
 8:           KRW
 9:           KRW
10:           KRW
11:           KRW

NOTE: Data frame has 11 rows and 6 columns. 

NOTE: Log Print Time:  2021-09-27 07:00:17 
NOTE: Elapsed Time in seconds: 0.173343181610107 

CURRENT COIN PRICE 

NOTE: Log Print Time:  2021-09-27 07:00:17 
NOTE: Elapsed Time in seconds: 0.0104579925537109 

COIN LIST FOR ORDER 

NOTE: Log Print Time:  2021-09-27 07:00:20 
NOTE: Elapsed Time in seconds: 2.62389159202576 

    market  buyamount currentvolume        price
 1:    ADA -29872.896   240.0787968 2.255314e+00
 2:   ATOM -73288.029    14.4571979 4.003251e+01
 3:    BCH  50640.544     0.9334996 5.079810e+02
 4:    BTC      0.000     0.0117521 4.354956e+04
 5:   DOGE  23000.271  2410.0933481 2.070343e-01
 6:    DOT      0.000    17.4321302 2.936604e+01
 7:    ETH      0.000     0.1676474 3.084722e+03
 8:   LINK -21341.273    21.4440628 2.488085e+01
 9:    LTC  41958.118     3.1676214 1.522855e+02
10:    XRP   8903.421   535.7244608 9.463054e-01

NOTE: Data frame has 10 rows and 4 columns. 

NOTE: Log Print Time:  2021-09-27 07:00:20 
NOTE: Elapsed Time in seconds: 0.0117816925048828 

========================================================================= 
Log End Time: 2021-09-27 07:00:20 
Log Elapsed Time: 0 00:00:09 
========================================================================= 
