========================================================================= 
Log Path: /home/pi/stockInfoCrawler/StockTradebot/log/logcoinLog.2021-11-21.log 
Working Directory: /home/pi/stockInfoCrawler/StockTradebot/Rscript 
User Name: pi 
R Version: 3.6.2 (2019-12-12) 
Machine: raspberrypi armv7l 
Operating System: Linux 5.10.60-v7+ #1449 SMP Wed Aug 25 15:00:01 BST 2021 
Log Start Time: 2021-11-21 16:59:30 
========================================================================= 

market=KRW-BORA&side=bid&volume=542.606546740769&price=1315&ord_type=limit 

NOTE: Log Print Time:  2021-11-21 16:59:30 
NOTE: Elapsed Time in seconds: 0.23068380355835 

[1] 201

NOTE: Log Print Time:  2021-11-21 16:59:30 
NOTE: Elapsed Time in seconds: 0.00556492805480957 

[1] "{\"uuid\":\"851f1bc5-f8e2-441e-a763-8f3d92ecb3a6\",\"side\":\"bid\",\"ord_type\":\"limit\",\"price\":\"1315.0\",\"state\":\"wait\",\"market\":\"KRW-BORA\",\"created_at\":\"2021-11-21T16:59:30+09:00\",\"volume\":\"542.60654674\",\"remaining_volume\":\"542.60654674\",\"reserved_fee\":\"356.76380448155\",\"remaining_fee\":\"356.76380448155\",\"paid_fee\":\"0.0\",\"locked\":\"713884.37276758155\",\"executed_volume\":\"0.0\",\"trades_count\":0}"

NOTE: Log Print Time:  2021-11-21 16:59:30 
NOTE: Elapsed Time in seconds: 0.00845623016357422 

market=KRW-CRO&side=bid&volume=812.119481093347&price=771&ord_type=limit 

NOTE: Log Print Time:  2021-11-21 16:59:31 
NOTE: Elapsed Time in seconds: 0.466346740722656 

[1] 201

NOTE: Log Print Time:  2021-11-21 16:59:31 
NOTE: Elapsed Time in seconds: 0.0060269832611084 

[1] "{\"uuid\":\"fcabc8b0-6c4c-463c-9105-f959f1fd5719\",\"side\":\"bid\",\"ord_type\":\"limit\",\"price\":\"771.0\",\"state\":\"wait\",\"market\":\"KRW-CRO\",\"created_at\":\"2021-11-21T16:59:31+09:00\",\"volume\":\"812.11948109\",\"remaining_volume\":\"812.11948109\",\"reserved_fee\":\"313.072059960195\",\"remaining_fee\":\"313.072059960195\",\"paid_fee\":\"0.0\",\"locked\":\"626457.191980350195\",\"executed_volume\":\"0.0\",\"trades_count\":0}"

NOTE: Log Print Time:  2021-11-21 16:59:31 
NOTE: Elapsed Time in seconds: 0.0190095901489258 

market=KRW-HUM&side=bid&volume=942.089524234184&price=710&ord_type=limit 

NOTE: Log Print Time:  2021-11-21 16:59:31 
NOTE: Elapsed Time in seconds: 0.463765144348145 

[1] 201

NOTE: Log Print Time:  2021-11-21 16:59:31 
NOTE: Elapsed Time in seconds: 0.00632071495056152 

[1] "{\"uuid\":\"45bceb9b-9726-43ca-bfea-f255731c08b0\",\"side\":\"bid\",\"ord_type\":\"limit\",\"price\":\"710.0\",\"state\":\"wait\",\"market\":\"KRW-HUM\",\"created_at\":\"2021-11-21T16:59:31+09:00\",\"volume\":\"942.08952423\",\"remaining_volume\":\"942.08952423\",\"reserved_fee\":\"334.44178110165\",\"remaining_fee\":\"334.44178110165\",\"paid_fee\":\"0.0\",\"locked\":\"669218.00398440165\",\"executed_volume\":\"0.0\",\"trades_count\":0}"

NOTE: Log Print Time:  2021-11-21 16:59:31 
NOTE: Elapsed Time in seconds: 0.0101926326751709 

market=KRW-POWR&side=bid&volume=1933.1279268078&price=989&ord_type=limit 

NOTE: Log Print Time:  2021-11-21 16:59:32 
NOTE: Elapsed Time in seconds: 0.442300319671631 

[1] 201

NOTE: Log Print Time:  2021-11-21 16:59:32 
NOTE: Elapsed Time in seconds: 0.00630092620849609 

[1] "{\"uuid\":\"961bf4c9-d19a-495e-b0fc-ba2f3868fa75\",\"side\":\"bid\",\"ord_type\":\"limit\",\"price\":\"989.0\",\"state\":\"wait\",\"market\":\"KRW-POWR\",\"created_at\":\"2021-11-21T16:59:32+09:00\",\"volume\":\"1933.1279268\",\"remaining_volume\":\"1933.1279268\",\"reserved_fee\":\"955.9317598026\",\"remaining_fee\":\"955.9317598026\",\"paid_fee\":\"0.0\",\"locked\":\"1912819.4513650026\",\"executed_volume\":\"0.0\",\"trades_count\":0}"

NOTE: Log Print Time:  2021-11-21 16:59:32 
NOTE: Elapsed Time in seconds: 0.00895309448242188 

market=KRW-SAND&side=bid&volume=144.359028822157&price=5175&ord_type=limit 

NOTE: Log Print Time:  2021-11-21 16:59:32 
NOTE: Elapsed Time in seconds: 0.46635365486145 

[1] 201

NOTE: Log Print Time:  2021-11-21 16:59:32 
NOTE: Elapsed Time in seconds: 0.00638604164123535 

[1] "{\"uuid\":\"3ed7f38b-be7f-4280-905b-4c2452c795ea\",\"side\":\"bid\",\"ord_type\":\"limit\",\"price\":\"5175.0\",\"state\":\"wait\",\"market\":\"KRW-SAND\",\"created_at\":\"2021-11-21T16:59:32+09:00\",\"volume\":\"144.35902882\",\"remaining_volume\":\"144.35902882\",\"reserved_fee\":\"373.52898707175\",\"remaining_fee\":\"373.52898707175\",\"paid_fee\":\"0.0\",\"locked\":\"747431.50313057175\",\"executed_volume\":\"0.0\",\"trades_count\":0}"

NOTE: Log Print Time:  2021-11-21 16:59:32 
NOTE: Elapsed Time in seconds: 0.00904440879821777 

