========================================================================= 
Log Path: /home/pi/stockInfoCrawler/StockTradebot/log/logcoinLog.2021-10-04.log 
Working Directory: /home/pi/stockInfoCrawler/StockTradebot/Rscript 
User Name: pi 
R Version: 3.6.2 (2019-12-12) 
Machine: raspberrypi armv7l 
Operating System: Linux 5.10.17-v7+ #1421 SMP Thu May 27 13:59:01 BST 2021 
Log Start Time: 2021-10-04 07:00:09 
========================================================================= 

TOP 10COIN LIST: 

NOTE: Log Print Time:  2021-10-04 07:00:09 
NOTE: Elapsed Time in seconds: 0.00462150573730469 

            name symbol        price  volume_24h percent_change_1h
 1:      Bitcoin    BTC 4.778499e+04 27092498437        -1.5337967
 2:     Ethereum    ETH 3.394238e+03 15822967165        -1.0367741
 3:      Cardano    ADA 2.241427e+00  2490965149        -0.8549952
 4:          XRP    XRP 1.044420e+00  3578070647        -2.0642769
 5:     Polkadot    DOT 3.170118e+01  1334983773        -1.0791884
 6:     Dogecoin   DOGE 2.193269e-01  1097842780        -1.1442408
 7:    Chainlink   LINK 2.726659e+01   989158322        -1.9552131
 8:     Litecoin    LTC 1.697002e+02  2999746946        -0.8913092
 9: Bitcoin Cash    BCH 5.675950e+02  1376897664        -0.5491405
10:       Cosmos   ATOM 3.856215e+01   957884754        -0.7096497
    percent_change_24h percent_change_7d percent_change_30d percent_change_60d
 1:         -0.8103189         9.6237212           -4.89254          19.992859
 2:         -1.5822049         9.9322061          -13.75016          24.814467
 3:         -2.9642461        -0.6157378          -24.37392          61.486545
 4:         -1.3024198        10.3681905          -19.89863          42.017280
 5:         -3.6310925         7.9518490           -6.03276          65.933054
 6:         -1.3706004         5.9374315          -26.06723           8.324176
 7:         -1.2426355         9.5886428          -12.14372          11.772442
 8:         -1.3573708        11.4228264          -20.56592          17.993242
 9:          1.7307379        11.7354744          -20.95969           3.331438
10:         -3.6711344        -3.6729090           60.58349         200.838616
    percent_change_90d   market_cap market_cap_dominance
 1:          39.826157 899972900767              42.3308
 2:          51.153598 399774419037              18.8036
 3:          57.440312  71783480152               3.3764
 4:          56.617637  48827098445               2.2966
 5:         104.025825  31307429018               1.4726
 6:          -6.770854  28850758732               1.3570
 7:          46.020193  12447458905               0.5855
 8:          21.222926  11335923414               0.5332
 9:          10.445279  10706395516               0.5036
10:         182.373119   8574192590               0.4033
    fully_diluted_market_cap             last_updated  korean_name
 1:             1.003485e+12 2021-10-03T21:59:02.000Z     비트코인
 2:             3.997744e+11 2021-10-03T21:59:02.000Z     이더리움
 3:             1.008642e+11 2021-10-03T21:58:10.000Z       에이다
 4:             1.044420e+11 2021-10-03T21:59:03.000Z         리플
 5:             3.497602e+10 2021-10-03T21:59:06.000Z       폴카닷
 6:             2.885076e+10 2021-10-03T21:59:03.000Z     도지코인
 7:             2.726659e+10 2021-10-03T21:58:10.000Z     체인링크
 8:             1.425482e+10 2021-10-03T21:59:02.000Z   라이트코인
 9:             1.191950e+10 2021-10-03T21:58:09.000Z 비트코인캐시
10:             1.080249e+10 2021-10-03T21:58:08.000Z     코스모스

NOTE: Data frame has 10 rows and 15 columns. 

NOTE: Log Print Time:  2021-10-04 07:00:11 
NOTE: Elapsed Time in seconds: 2.44890403747559 

CURRENT BALANCE 

NOTE: Log Print Time:  2021-10-04 07:00:11 
NOTE: Elapsed Time in seconds: 0.0107476711273193 

    currency      balance locked avg_buy_price avg_buy_price_modified
 1:      KRW 3.024444e+06    0.0  0.000000e+00                   TRUE
 2:      ADA 2.292159e+02    0.0  3.081907e+03                  FALSE
 3:     ATOM 1.295076e+01    0.0  4.301000e+04                  FALSE
 4:      BCH 9.975201e-01    0.0  7.538156e+05                  FALSE
 5:      BTC 1.175210e-02    0.0  5.700412e+07                  FALSE
 6:     DOGE 2.489145e+03    0.0  3.147459e+02                  FALSE
 7:      DOT 1.743213e+01    0.0  3.416871e+04                  FALSE
 8:      ETH 1.676474e-01    0.0  3.960230e+06                  FALSE
 9:     LINK 2.074182e+01    0.0  3.177844e+04                  FALSE
10:      LTC 3.382387e+00    0.0  2.146693e+05                  FALSE
11:      XRP 5.357245e+02    0.0  1.334456e+03                  FALSE
    unit_currency
 1:           KRW
 2:           KRW
 3:           KRW
 4:           KRW
 5:           KRW
 6:           KRW
 7:           KRW
 8:           KRW
 9:           KRW
10:           KRW
11:           KRW

NOTE: Data frame has 11 rows and 6 columns. 

NOTE: Log Print Time:  2021-10-04 07:00:11 
NOTE: Elapsed Time in seconds: 0.243363380432129 

CURRENT COIN PRICE 

NOTE: Log Print Time:  2021-10-04 07:00:11 
NOTE: Elapsed Time in seconds: 0.0189476013183594 

COIN LIST FOR ORDER 

NOTE: Log Print Time:  2021-10-04 07:00:15 
NOTE: Elapsed Time in seconds: 3.24048185348511 

    market buyamount currentvolume        price
 1:    ADA  346930.9   229.2159255 2.241427e+00
 2:   ATOM  365299.6    12.9507637 3.856215e+01
 3:    BCH  283503.8     0.9975201 5.675950e+02
 4:    BTC  289305.8     0.0117521 4.778499e+04
 5:   DOGE  308088.8  2489.1447315 2.193269e-01
 6:    DOT  299810.2    17.4321302 3.170118e+01
 7:    ETH  279803.9     0.1676474 3.394238e+03
 8:   LINK  284476.9    20.7418162 2.726659e+01
 9:    LTC  274904.1     3.3823865 1.697002e+02
10:    XRP  292320.3   535.7244608 1.044420e+00

NOTE: Data frame has 10 rows and 4 columns. 

NOTE: Log Print Time:  2021-10-04 07:00:15 
NOTE: Elapsed Time in seconds: 0.0136470794677734 

========================================================================= 
Log End Time: 2021-10-04 07:00:15 
Log Elapsed Time: 0 00:00:05 
========================================================================= 
