========================================================================= 
Log Path: /home/pi/stockInfoCrawler/StockTradebot/log/logcoinLog.2021-11-17.log 
Working Directory: /home/pi/stockInfoCrawler/StockTradebot/Rscript 
User Name: pi 
R Version: 3.6.2 (2019-12-12) 
Machine: raspberrypi armv7l 
Operating System: Linux 5.10.60-v7+ #1449 SMP Wed Aug 25 15:00:01 BST 2021 
Log Start Time: 2021-11-17 06:00:41 
========================================================================= 

market=KRW-ADA&side=bid&volume=10.3557219466596&price=2320&ord_type=limit 

NOTE: Log Print Time:  2021-11-17 06:00:42 
NOTE: Elapsed Time in seconds: 0.220647573471069 

[1] 201

NOTE: Log Print Time:  2021-11-17 06:00:42 
NOTE: Elapsed Time in seconds: 0.00295257568359375 

[1] "{\"uuid\":\"a89e2ecf-900e-410e-b174-c928c796787f\",\"side\":\"bid\",\"ord_type\":\"limit\",\"price\":\"2320.0\",\"state\":\"wait\",\"market\":\"KRW-ADA\",\"created_at\":\"2021-11-17T06:00:42+09:00\",\"volume\":\"10.35572194\",\"remaining_volume\":\"10.35572194\",\"reserved_fee\":\"12.0126374504\",\"remaining_fee\":\"12.0126374504\",\"paid_fee\":\"0.0\",\"locked\":\"24037.2875382504\",\"executed_volume\":\"0.0\",\"trades_count\":0}"

NOTE: Log Print Time:  2021-11-17 06:00:42 
NOTE: Elapsed Time in seconds: 0.00445222854614258 

market=KRW-BTC&side=bid&volume=0.00632536223880832&price=73930000&ord_type=limit 

NOTE: Log Print Time:  2021-11-17 06:00:42 
NOTE: Elapsed Time in seconds: 0.44637393951416 

[1] 201

NOTE: Log Print Time:  2021-11-17 06:00:42 
NOTE: Elapsed Time in seconds: 0.00345468521118164 

[1] "{\"uuid\":\"9ab91277-c963-4795-92c7-f588145784a9\",\"side\":\"bid\",\"ord_type\":\"limit\",\"price\":\"73930000.0\",\"state\":\"wait\",\"market\":\"KRW-BTC\",\"created_at\":\"2021-11-17T06:00:42+09:00\",\"volume\":\"0.00632536\",\"remaining_volume\":\"0.00632536\",\"reserved_fee\":\"233.8169324\",\"remaining_fee\":\"233.8169324\",\"paid_fee\":\"0.0\",\"locked\":\"467867.6817324\",\"executed_volume\":\"0.0\",\"trades_count\":0}"

NOTE: Log Print Time:  2021-11-17 06:00:42 
NOTE: Elapsed Time in seconds: 0.0049748420715332 

market=KRW-ETH&side=bid&volume=0.0411817764158592&price=5200000&ord_type=limit 

NOTE: Log Print Time:  2021-11-17 06:00:42 
NOTE: Elapsed Time in seconds: 0.427594661712646 

[1] 201

NOTE: Log Print Time:  2021-11-17 06:00:42 
NOTE: Elapsed Time in seconds: 0.00320720672607422 

[1] "{\"uuid\":\"2389f68c-a92b-419f-83d0-a4911198b84e\",\"side\":\"bid\",\"ord_type\":\"limit\",\"price\":\"5200000.0\",\"state\":\"wait\",\"market\":\"KRW-ETH\",\"created_at\":\"2021-11-17T06:00:42+09:00\",\"volume\":\"0.04118177\",\"remaining_volume\":\"0.04118177\",\"reserved_fee\":\"107.072602\",\"remaining_fee\":\"107.072602\",\"paid_fee\":\"0.0\",\"locked\":\"214252.276602\",\"executed_volume\":\"0.0\",\"trades_count\":0}"

NOTE: Log Print Time:  2021-11-17 06:00:42 
NOTE: Elapsed Time in seconds: 0.00451779365539551 

market=KRW-MANA&side=bid&volume=1.95976294295015&price=4115&ord_type=limit 

NOTE: Log Print Time:  2021-11-17 06:00:43 
NOTE: Elapsed Time in seconds: 0.435543775558472 

[1] 201

NOTE: Log Print Time:  2021-11-17 06:00:43 
NOTE: Elapsed Time in seconds: 0.00718355178833008 

[1] "{\"uuid\":\"90fc04a7-675a-48c9-9244-1c709b4ba167\",\"side\":\"bid\",\"ord_type\":\"limit\",\"price\":\"4115.0\",\"state\":\"wait\",\"market\":\"KRW-MANA\",\"created_at\":\"2021-11-17T06:00:43+09:00\",\"volume\":\"1.95976294\",\"remaining_volume\":\"1.95976294\",\"reserved_fee\":\"4.03221224905\",\"remaining_fee\":\"4.03221224905\",\"paid_fee\":\"0.0\",\"locked\":\"8068.45671034905\",\"executed_volume\":\"0.0\",\"trades_count\":0}"

NOTE: Log Print Time:  2021-11-17 06:00:43 
NOTE: Elapsed Time in seconds: 0.0160911083221436 

market=KRW-PLA&side=bid&volume=489.119539027371&price=2590&ord_type=limit 

NOTE: Log Print Time:  2021-11-17 06:00:43 
NOTE: Elapsed Time in seconds: 0.436563730239868 

[1] 201

NOTE: Log Print Time:  2021-11-17 06:00:43 
NOTE: Elapsed Time in seconds: 0.00410652160644531 

[1] "{\"uuid\":\"3d496745-24a9-41e3-a6f4-c7597b8b5672\",\"side\":\"bid\",\"ord_type\":\"limit\",\"price\":\"2590.0\",\"state\":\"wait\",\"market\":\"KRW-PLA\",\"created_at\":\"2021-11-17T06:00:43+09:00\",\"volume\":\"489.11953902\",\"remaining_volume\":\"489.11953902\",\"reserved_fee\":\"633.4098030309\",\"remaining_fee\":\"633.4098030309\",\"paid_fee\":\"0.0\",\"locked\":\"1267453.0158648309\",\"executed_volume\":\"0.0\",\"trades_count\":0}"

NOTE: Log Print Time:  2021-11-17 06:00:43 
NOTE: Elapsed Time in seconds: 0.00550556182861328 

market=KRW-SAND&side=bid&volume=13.3997598313133&price=4180&ord_type=limit 

NOTE: Log Print Time:  2021-11-17 06:00:44 
NOTE: Elapsed Time in seconds: 0.511819362640381 

[1] 201

NOTE: Log Print Time:  2021-11-17 06:00:44 
NOTE: Elapsed Time in seconds: 0.00382184982299805 

[1] "{\"uuid\":\"7926b3f5-6a8b-4552-b1a2-d4bc4faf480c\",\"side\":\"bid\",\"ord_type\":\"limit\",\"price\":\"4180.0\",\"state\":\"wait\",\"market\":\"KRW-SAND\",\"created_at\":\"2021-11-17T06:00:44+09:00\",\"volume\":\"13.39975983\",\"remaining_volume\":\"13.39975983\",\"reserved_fee\":\"28.0054980447\",\"remaining_fee\":\"28.0054980447\",\"paid_fee\":\"0.0\",\"locked\":\"56039.0015874447\",\"executed_volume\":\"0.0\",\"trades_count\":0}"

NOTE: Log Print Time:  2021-11-17 06:00:44 
NOTE: Elapsed Time in seconds: 0.00536179542541504 

market=KRW-SOL&side=bid&volume=0.102525816855418&price=272450&ord_type=limit 

NOTE: Log Print Time:  2021-11-17 06:00:44 
NOTE: Elapsed Time in seconds: 0.434881687164307 

[1] 201

NOTE: Log Print Time:  2021-11-17 06:00:44 
NOTE: Elapsed Time in seconds: 0.00320672988891602 

[1] "{\"uuid\":\"1a7dd671-2cce-4a2c-94fa-c0be0784c4a4\",\"side\":\"bid\",\"ord_type\":\"limit\",\"price\":\"272450.0\",\"state\":\"wait\",\"market\":\"KRW-SOL\",\"created_at\":\"2021-11-17T06:00:44+09:00\",\"volume\":\"0.10252581\",\"remaining_volume\":\"0.10252581\",\"reserved_fee\":\"13.96657846725\",\"remaining_fee\":\"13.96657846725\",\"paid_fee\":\"0.0\",\"locked\":\"27947.12351296725\",\"executed_volume\":\"0.0\",\"trades_count\":0}"

NOTE: Log Print Time:  2021-11-17 06:00:44 
NOTE: Elapsed Time in seconds: 0.00446653366088867 

market=KRW-XRP&side=bid&volume=14.1626415585166&price=1335&ord_type=limit 

NOTE: Log Print Time:  2021-11-17 06:00:45 
NOTE: Elapsed Time in seconds: 0.583005666732788 

[1] 201

NOTE: Log Print Time:  2021-11-17 06:00:45 
NOTE: Elapsed Time in seconds: 0.00321555137634277 

[1] "{\"uuid\":\"0b82f88c-4d12-4b8f-acca-ca9825c40dc0\",\"side\":\"bid\",\"ord_type\":\"limit\",\"price\":\"1335.0\",\"state\":\"wait\",\"market\":\"KRW-XRP\",\"created_at\":\"2021-11-17T06:00:45+09:00\",\"volume\":\"14.16264155\",\"remaining_volume\":\"14.16264155\",\"reserved_fee\":\"9.453563234625\",\"remaining_fee\":\"9.453563234625\",\"paid_fee\":\"0.0\",\"locked\":\"18916.580032484625\",\"executed_volume\":\"0.0\",\"trades_count\":0}"

NOTE: Log Print Time:  2021-11-17 06:00:45 
NOTE: Elapsed Time in seconds: 0.00474166870117188 

