========================================================================= 
Log Path: /home/pi/stockInfoCrawler/StockTradebot/log/logcoinLog.2021-11-25.log 
Working Directory: /home/pi/stockInfoCrawler/StockTradebot/Rscript 
User Name: pi 
R Version: 3.6.2 (2019-12-12) 
Machine: raspberrypi armv7l 
Operating System: Linux 5.10.60-v7+ #1449 SMP Wed Aug 25 15:00:01 BST 2021 
Log Start Time: 2021-11-25 18:00:43 
========================================================================= 

market=KRW-ADA&side=bid&volume=17.195669041051&price=2035&ord_type=limit 

NOTE: Log Print Time:  2021-11-25 18:00:44 
NOTE: Elapsed Time in seconds: 0.335420370101929 

[1] 201

NOTE: Log Print Time:  2021-11-25 18:00:44 
NOTE: Elapsed Time in seconds: 0.00499057769775391 

[1] "{\"uuid\":\"ea4a4437-8aa3-4445-ae20-9a0caff3216a\",\"side\":\"bid\",\"ord_type\":\"limit\",\"price\":\"2035.0\",\"state\":\"wait\",\"market\":\"KRW-ADA\",\"created_at\":\"2021-11-25T18:00:44+09:00\",\"volume\":\"17.19566904\",\"remaining_volume\":\"17.19566904\",\"reserved_fee\":\"17.4965932482\",\"remaining_fee\":\"17.4965932482\",\"paid_fee\":\"0.0\",\"locked\":\"35010.6830896482\",\"executed_volume\":\"0.0\",\"trades_count\":0}"

NOTE: Log Print Time:  2021-11-25 18:00:44 
NOTE: Elapsed Time in seconds: 0.00737762451171875 

market=KRW-BORA&side=bid&volume=171.675057719602&price=1830&ord_type=limit 

NOTE: Log Print Time:  2021-11-25 18:00:44 
NOTE: Elapsed Time in seconds: 0.504457473754883 

[1] 201

NOTE: Log Print Time:  2021-11-25 18:00:44 
NOTE: Elapsed Time in seconds: 0.00491213798522949 

[1] "{\"uuid\":\"c301a954-e1d3-4526-8f7c-83e4ea2b3834\",\"side\":\"bid\",\"ord_type\":\"limit\",\"price\":\"1830.0\",\"state\":\"wait\",\"market\":\"KRW-BORA\",\"created_at\":\"2021-11-25T18:00:44+09:00\",\"volume\":\"171.67505771\",\"remaining_volume\":\"171.67505771\",\"reserved_fee\":\"157.08267780465\",\"remaining_fee\":\"157.08267780465\",\"paid_fee\":\"0.0\",\"locked\":\"314322.43828710465\",\"executed_volume\":\"0.0\",\"trades_count\":0}"

NOTE: Log Print Time:  2021-11-25 18:00:44 
NOTE: Elapsed Time in seconds: 0.00751233100891113 

market=KRW-BTC&side=bid&volume=0.0106422219338527&price=71996000&ord_type=limit 

NOTE: Log Print Time:  2021-11-25 18:00:45 
NOTE: Elapsed Time in seconds: 0.446521520614624 

[1] 201

NOTE: Log Print Time:  2021-11-25 18:00:45 
NOTE: Elapsed Time in seconds: 0.0036623477935791 

[1] "{\"uuid\":\"0ceda204-4a2e-4fee-a682-d736e509e200\",\"side\":\"bid\",\"ord_type\":\"limit\",\"price\":\"71996000.0\",\"state\":\"wait\",\"market\":\"KRW-BTC\",\"created_at\":\"2021-11-25T18:00:45+09:00\",\"volume\":\"0.01064222\",\"remaining_volume\":\"0.01064222\",\"reserved_fee\":\"383.09863556\",\"remaining_fee\":\"383.09863556\",\"paid_fee\":\"0.0\",\"locked\":\"766580.36975556\",\"executed_volume\":\"0.0\",\"trades_count\":0}"

NOTE: Log Print Time:  2021-11-25 18:00:45 
NOTE: Elapsed Time in seconds: 0.0059819221496582 

market=KRW-CRO&side=bid&volume=559.081431804325&price=1080&ord_type=limit 

NOTE: Log Print Time:  2021-11-25 18:00:45 
NOTE: Elapsed Time in seconds: 0.473109245300293 

[1] 201

NOTE: Log Print Time:  2021-11-25 18:00:45 
NOTE: Elapsed Time in seconds: 0.00406146049499512 

[1] "{\"uuid\":\"d03c454a-5437-4618-a022-728eec4c102a\",\"side\":\"bid\",\"ord_type\":\"limit\",\"price\":\"1080.0\",\"state\":\"wait\",\"market\":\"KRW-CRO\",\"created_at\":\"2021-11-25T18:00:45+09:00\",\"volume\":\"559.0814318\",\"remaining_volume\":\"559.0814318\",\"reserved_fee\":\"301.903973172\",\"remaining_fee\":\"301.903973172\",\"paid_fee\":\"0.0\",\"locked\":\"604109.850317172\",\"executed_volume\":\"0.0\",\"trades_count\":0}"

NOTE: Log Print Time:  2021-11-25 18:00:45 
NOTE: Elapsed Time in seconds: 0.00585174560546875 

market=KRW-ETH&side=bid&volume=0.0672137740651596&price=5355000&ord_type=limit 

NOTE: Log Print Time:  2021-11-25 18:00:46 
NOTE: Elapsed Time in seconds: 0.541806936264038 

[1] 201

NOTE: Log Print Time:  2021-11-25 18:00:46 
NOTE: Elapsed Time in seconds: 0.00522398948669434 

[1] "{\"uuid\":\"b87bdc09-c2de-431f-a107-baaf213a3783\",\"side\":\"bid\",\"ord_type\":\"limit\",\"price\":\"5355000.0\",\"state\":\"wait\",\"market\":\"KRW-ETH\",\"created_at\":\"2021-11-25T18:00:46+09:00\",\"volume\":\"0.06721377\",\"remaining_volume\":\"0.06721377\",\"reserved_fee\":\"179.964869175\",\"remaining_fee\":\"179.964869175\",\"paid_fee\":\"0.0\",\"locked\":\"360109.703219175\",\"executed_volume\":\"0.0\",\"trades_count\":0}"

NOTE: Log Print Time:  2021-11-25 18:00:46 
NOTE: Elapsed Time in seconds: 0.00621819496154785 

market=KRW-MANA&side=bid&volume=47.5874347185805&price=7030&ord_type=limit 

NOTE: Log Print Time:  2021-11-25 18:00:46 
NOTE: Elapsed Time in seconds: 0.42585277557373 

[1] 201

NOTE: Log Print Time:  2021-11-25 18:00:46 
NOTE: Elapsed Time in seconds: 0.00298523902893066 

[1] "{\"uuid\":\"e7c8e3a9-9cd3-418f-aa00-063d4e26cb0a\",\"side\":\"bid\",\"ord_type\":\"limit\",\"price\":\"7030.0\",\"state\":\"wait\",\"market\":\"KRW-MANA\",\"created_at\":\"2021-11-25T18:00:46+09:00\",\"volume\":\"47.58743471\",\"remaining_volume\":\"47.58743471\",\"reserved_fee\":\"167.26983300565\",\"remaining_fee\":\"167.26983300565\",\"paid_fee\":\"0.0\",\"locked\":\"334706.93584430565\",\"executed_volume\":\"0.0\",\"trades_count\":0}"

NOTE: Log Print Time:  2021-11-25 18:00:46 
NOTE: Elapsed Time in seconds: 0.00430393218994141 

market=KRW-MOC&side=bid&volume=3414.45217722797&price=571&ord_type=limit 

NOTE: Log Print Time:  2021-11-25 18:00:47 
NOTE: Elapsed Time in seconds: 0.467663764953613 

[1] 201

NOTE: Log Print Time:  2021-11-25 18:00:47 
NOTE: Elapsed Time in seconds: 0.00325322151184082 

[1] "{\"uuid\":\"cdcb48de-d237-4264-993c-2fd7481c6764\",\"side\":\"bid\",\"ord_type\":\"limit\",\"price\":\"571.0\",\"state\":\"wait\",\"market\":\"KRW-MOC\",\"created_at\":\"2021-11-25T18:00:47+09:00\",\"volume\":\"3414.45217722\",\"remaining_volume\":\"3414.45217722\",\"reserved_fee\":\"974.82609659631\",\"remaining_fee\":\"974.82609659631\",\"paid_fee\":\"0.0\",\"locked\":\"1950627.01928921631\",\"executed_volume\":\"0.0\",\"trades_count\":0}"

NOTE: Log Print Time:  2021-11-25 18:00:47 
NOTE: Elapsed Time in seconds: 0.004486083984375 

market=KRW-PLA&side=ask&volume=375.65050892&price=3975&ord_type=limit 

NOTE: Log Print Time:  2021-11-25 18:00:47 
NOTE: Elapsed Time in seconds: 0.544002294540405 

[1] 201

NOTE: Log Print Time:  2021-11-25 18:00:47 
NOTE: Elapsed Time in seconds: 0.00514459609985352 

[1] "{\"uuid\":\"87412770-a8b5-43b2-8b91-b458ae3e67b7\",\"side\":\"ask\",\"ord_type\":\"limit\",\"price\":\"3975.0\",\"state\":\"wait\",\"market\":\"KRW-PLA\",\"created_at\":\"2021-11-25T18:00:47+09:00\",\"volume\":\"375.65050892\",\"remaining_volume\":\"375.65050892\",\"reserved_fee\":\"0.0\",\"remaining_fee\":\"0.0\",\"paid_fee\":\"0.0\",\"locked\":\"375.65050892\",\"executed_volume\":\"0.0\",\"trades_count\":0}"

NOTE: Log Print Time:  2021-11-25 18:00:47 
NOTE: Elapsed Time in seconds: 0.00916004180908203 

market=KRW-SAND&side=bid&volume=24.8290464925166&price=10320&ord_type=limit 

NOTE: Log Print Time:  2021-11-25 18:00:48 
NOTE: Elapsed Time in seconds: 0.449293375015259 

[1] 201

NOTE: Log Print Time:  2021-11-25 18:00:48 
NOTE: Elapsed Time in seconds: 0.00467133522033691 

[1] "{\"uuid\":\"410e2009-6fca-468b-99a4-2a99a78fddd1\",\"side\":\"bid\",\"ord_type\":\"limit\",\"price\":\"10320.0\",\"state\":\"wait\",\"market\":\"KRW-SAND\",\"created_at\":\"2021-11-25T18:00:48+09:00\",\"volume\":\"24.82904649\",\"remaining_volume\":\"24.82904649\",\"reserved_fee\":\"128.1178798884\",\"remaining_fee\":\"128.1178798884\",\"paid_fee\":\"0.0\",\"locked\":\"256363.8776566884\",\"executed_volume\":\"0.0\",\"trades_count\":0}"

NOTE: Log Print Time:  2021-11-25 18:00:48 
NOTE: Elapsed Time in seconds: 0.00745582580566406 

market=KRW-SOL&side=bid&volume=0.165101346782215&price=255850&ord_type=limit 

NOTE: Log Print Time:  2021-11-25 18:00:48 
NOTE: Elapsed Time in seconds: 0.441529512405396 

[1] 201

NOTE: Log Print Time:  2021-11-25 18:00:48 
NOTE: Elapsed Time in seconds: 0.00477266311645508 

[1] "{\"uuid\":\"8144d5df-55c8-4e10-a4bf-71c4c4b1b5f7\",\"side\":\"bid\",\"ord_type\":\"limit\",\"price\":\"255850.0\",\"state\":\"wait\",\"market\":\"KRW-SOL\",\"created_at\":\"2021-11-25T18:00:48+09:00\",\"volume\":\"0.16510134\",\"remaining_volume\":\"0.16510134\",\"reserved_fee\":\"21.1205889195\",\"remaining_fee\":\"21.1205889195\",\"paid_fee\":\"0.0\",\"locked\":\"42262.2984279195\",\"executed_volume\":\"0.0\",\"trades_count\":0}"

NOTE: Log Print Time:  2021-11-25 18:00:48 
NOTE: Elapsed Time in seconds: 0.00740766525268555 

market=KRW-XRP&side=bid&volume=25.3000056536465&price=1285&ord_type=limit 

NOTE: Log Print Time:  2021-11-25 18:00:49 
NOTE: Elapsed Time in seconds: 0.449356555938721 

[1] 201

NOTE: Log Print Time:  2021-11-25 18:00:49 
NOTE: Elapsed Time in seconds: 0.00470542907714844 

[1] "{\"uuid\":\"2e7d747c-ee15-4045-9597-3287a56ee636\",\"side\":\"bid\",\"ord_type\":\"limit\",\"price\":\"1285.0\",\"state\":\"wait\",\"market\":\"KRW-XRP\",\"created_at\":\"2021-11-25T18:00:48+09:00\",\"volume\":\"25.30000565\",\"remaining_volume\":\"25.30000565\",\"reserved_fee\":\"16.255253630125\",\"remaining_fee\":\"16.255253630125\",\"paid_fee\":\"0.0\",\"locked\":\"32526.762513880125\",\"executed_volume\":\"0.0\",\"trades_count\":0}"

NOTE: Log Print Time:  2021-11-25 18:00:49 
NOTE: Elapsed Time in seconds: 0.00740885734558105 

