========================================================================= 
Log Path: /home/pi/stockInfoCrawler/StockTradebot/log/logcoinLog.2021-09-21.log 
Working Directory: /home/pi/stockInfoCrawler/StockTradebot/Rscript 
User Name: pi 
R Version: 3.6.2 (2019-12-12) 
Machine: raspberrypi armv7l 
Operating System: Linux 5.10.17-v7+ #1421 SMP Thu May 27 13:59:01 BST 2021 
Log Start Time: 2021-09-21 13:54:28 
========================================================================= 

TOP 10COIN LIST: 

NOTE: Log Print Time:  2021-09-21 13:54:28 
NOTE: Elapsed Time in seconds: 0.00149130821228027 

            name symbol        price  volume_24h percent_change_1h
 1:      Bitcoin    BTC 4.239405e+04 45812230648        -0.6068201
 2:     Ethereum    ETH 2.973171e+03 28085087003        -0.7637078
 3:      Cardano    ADA 2.069586e+00  6262946174        -1.7203223
 4:          XRP    XRP 9.342493e-01  5932991741        -0.4820260
 5:     Polkadot    DOT 2.842814e+01  3924563048        -1.7703657
 6:     Dogecoin   DOGE 2.071166e-01  2212547921        -0.9797787
 7:     Litecoin    LTC 1.572605e+02  3146893701        -1.5903434
 8:    Chainlink   LINK 2.300641e+01  1959723550        -1.8440124
 9: Bitcoin Cash    BCH 5.335703e+02  6209497052        -0.9513723
10:       Cosmos   ATOM 3.422836e+01  3732930793        -1.1144013
    percent_change_24h percent_change_7d percent_change_30d percent_change_60d
 1:          -7.200714         -6.306504         -13.317284          29.832214
 2:          -7.191787         -9.708861          -8.197303          43.577163
 3:          -4.956133        -13.478611         -17.734629          72.888038
 4:          -5.440139        -13.067557         -24.297798          55.002514
 5:          -9.939806        -20.231408           2.252438         114.828439
 6:          -7.231089        -12.645954         -34.459896           7.097742
 7:          -6.280670        -11.450579         -16.225431          29.943309
 8:         -11.581061        -15.197049         -17.764086          41.025041
 9:          -8.599455        -13.333136         -21.748143          19.697465
10:         -17.282812         -7.863256          49.205481         202.504215
    percent_change_90d   market_cap market_cap_dominance
 1:          24.604969 797939914861              42.5903
 2:          47.530501 349674594520              18.6640
 3:          65.921768  66280134888               3.5377
 4:          53.445403  43556795790               2.3159
 5:          74.428606  28075044171               1.4985
 6:          -1.816785  27209112240               1.4523
 7:          21.883753  10497546224               0.5603
 8:          24.117679  10433627971               0.5569
 9:          12.677649  10058580472               0.5369
10:         242.417227   7588466364               0.4050
    fully_diluted_market_cap             last_updated  korean_name
 1:             890274950978 2021-09-21T04:51:02.000Z     비트코인
 2:             349674594520 2021-09-21T04:51:10.000Z     이더리움
 3:              93131389388 2021-09-21T04:50:08.000Z       에이다
 4:              93424933508 2021-09-21T04:50:08.000Z         리플
 5:              31364866825 2021-09-21T04:50:30.000Z       폴카닷
 6:              27209112240 2021-09-21T04:50:25.000Z     도지코인
 7:              13209877834 2021-09-21T04:51:02.000Z   라이트코인
 8:              23006412723 2021-09-21T04:50:27.000Z     체인링크
 9:              11204976267 2021-09-21T04:51:11.000Z 비트코인캐시
10:               9566338287 2021-09-21T04:50:07.000Z     코스모스

NOTE: Data frame has 10 rows and 15 columns. 

NOTE: Log Print Time:  2021-09-21 13:54:29 
NOTE: Elapsed Time in seconds: 0.988730430603027 

CURRENT BALANCE 

NOTE: Log Print Time:  2021-09-21 13:54:29 
NOTE: Elapsed Time in seconds: 0.0212204456329346 

    currency      balance locked avg_buy_price avg_buy_price_modified
 1:      KRW 2.000069e+06    0.0  0.000000e+00                   TRUE
 2:      ADA 1.539492e+02    0.0  3.357113e+03                  FALSE
 3:      BCH 6.148430e-01    0.0  8.127100e+05                  FALSE
 4:      BTC 8.757980e-03    0.0  5.840380e+07                  FALSE
 5:     DOGE 1.642389e+03    0.0  3.442428e+02                  FALSE
 6:      DOT 1.166819e+01    0.0  3.342710e+04                  FALSE
 7:      ETC 6.817926e+00    0.0  7.025000e+04                  FALSE
 8:      ETH 1.180901e-01    0.0  4.065660e+06                  FALSE
 9:     LINK 1.411195e+01    0.0  3.336231e+04                  FALSE
10:      LTC 2.195868e+00    0.0  2.255780e+05                  FALSE
11:      XRP 3.597584e+02    0.0  1.417340e+03                  FALSE
    unit_currency
 1:           KRW
 2:           KRW
 3:           KRW
 4:           KRW
 5:           KRW
 6:           KRW
 7:           KRW
 8:           KRW
 9:           KRW
10:           KRW
11:           KRW

NOTE: Data frame has 11 rows and 6 columns. 

NOTE: Log Print Time:  2021-09-21 13:54:30 
NOTE: Elapsed Time in seconds: 1.34143018722534 

CURRENT COIN PRICE 

NOTE: Log Print Time:  2021-09-21 13:54:30 
NOTE: Elapsed Time in seconds: 0.0138871669769287 

COIN LIST FOR ORDER 

NOTE: Log Print Time:  2021-09-21 13:54:32 
NOTE: Elapsed Time in seconds: 1.52406597137451 

    market buyamount currentvolume        price
 1:    ADA  223075.6  1.539492e+02 2.069586e+00
 2:   ATOM  621804.1            NA 3.422836e+01
 3:    BCH  212257.2  6.148430e-01 5.335703e+02
 4:    BTC  158419.4  8.757980e-03 4.239405e+04
 5:   DOGE  198067.8  1.642389e+03 2.071166e-01
 6:    DOT  205599.8  1.166819e+01 2.842814e+01
 7:    ETC -412348.2  6.817926e+00           NA
 8:    ETH  183808.1  1.180901e-01 2.973171e+03
 9:   LINK  215944.5  1.411195e+01 2.300641e+01
10:    LTC  190755.3  2.195868e+00 1.572605e+02
11:    XRP  202685.6  3.597584e+02 9.342493e-01

NOTE: Data frame has 11 rows and 4 columns. 

NOTE: Log Print Time:  2021-09-21 13:54:32 
NOTE: Elapsed Time in seconds: 0.0195112228393555 

========================================================================= 
Log End Time: 2021-09-21 13:54:32 
Log Elapsed Time: 0 00:00:03 
========================================================================= 
