========================================================================= 
Log Path: /home/pi/stockInfoCrawler/StockTradebot/log/logcoinLog.2021-10-10.log 
Working Directory: /home/pi/stockInfoCrawler/StockTradebot/Rscript 
User Name: pi 
R Version: 3.6.2 (2019-12-12) 
Machine: raspberrypi armv7l 
Operating System: Linux 5.10.60-v7+ #1449 SMP Wed Aug 25 15:00:01 BST 2021 
Log Start Time: 2021-10-10 21:48:03 
========================================================================= 

CURRENT BALANCE 

NOTE: Log Print Time:  2021-10-10 21:48:03 
NOTE: Elapsed Time in seconds: 0.00266814231872559 

    currency      balance locked avg_buy_price avg_buy_price_modified
 1:      KRW 5.398035e-01    0.0         0.000                   TRUE
 2:      ADA 3.558329e+02    0.0      2960.245                  FALSE
 3:     ATOM 2.073801e+01    0.0     44474.473                  FALSE
 4:      BCH 1.407860e+00    0.0    735478.011                  FALSE
 5:      BTC 1.670979e-02    0.0  57404623.993                  FALSE
 6:     DOGE 3.643035e+03    0.0       299.623                  FALSE
 7:      DOT 2.515534e+01    0.0     35596.755                  FALSE
 8:      ETH 2.353473e-01    0.0   4009928.762                  FALSE
 9:     LINK 2.932591e+01    0.0     32176.985                  FALSE
10:      LTC 4.715255e+00    0.0    212289.426                  FALSE
11:      XRP 7.629187e+02    0.0      1318.239                  FALSE
    unit_currency
 1:           KRW
 2:           KRW
 3:           KRW
 4:           KRW
 5:           KRW
 6:           KRW
 7:           KRW
 8:           KRW
 9:           KRW
10:           KRW
11:           KRW

NOTE: Data frame has 11 rows and 6 columns. 

NOTE: Log Print Time:  2021-10-10 21:48:04 
NOTE: Elapsed Time in seconds: 0.804052352905273 

CURRENT COIN PRICE 

NOTE: Log Print Time:  2021-10-10 21:48:04 
NOTE: Elapsed Time in seconds: 0.0102207660675049 

Error: object 'coinLIst' not found
 

NOTE: Log Print Time:  2021-10-10 21:50:55 
NOTE: Elapsed Time in seconds: 2.85303307374318 

[1] "Error in colnamesInt(x, names(on), check_dups = FALSE) : \n  argument specifying columns specify non existing column(s): cols[1]='currency'\n"

NOTE: Log Print Time:  2021-10-10 21:52:06 
NOTE: Elapsed Time in seconds: 1.17237836122513 

[1] "Error in `[.data.table`(momentumList, , `:=`(symbol, sapply(momentumList,  : \n  Supplied 6 items to be assigned to 5 items of column 'symbol'. If you wish to 'recycle' the RHS please use rep() to make this intent clear to readers of your code.\n"

NOTE: Log Print Time:  2021-10-10 21:55:35 
NOTE: Elapsed Time in seconds: 3.47942443688711 

[1] "Error in colnamesInt(i, unname(on), check_dups = FALSE) : \n  argument specifying columns specify non existing column(s): cols[1]='symbol'\n"

NOTE: Log Print Time:  2021-10-10 21:58:23 
NOTE: Elapsed Time in seconds: 2.80823389689128 

