========================================================================= 
Log Path: /home/pi/stockInfoCrawler/StockTradebot/log/logcoinLog.2021-11-06.log 
Working Directory: /home/pi/stockInfoCrawler/StockTradebot/Rscript 
User Name: pi 
R Version: 3.6.2 (2019-12-12) 
Machine: raspberrypi armv7l 
Operating System: Linux 5.10.60-v7+ #1449 SMP Wed Aug 25 15:00:01 BST 2021 
Log Start Time: 2021-11-06 08:42:35 
========================================================================= 

market=KRW-BTC&side=bid&volume=0.000326128350009042&price=74190000&ord_type=limit 

NOTE: Log Print Time:  2021-11-06 08:42:35 
NOTE: Elapsed Time in seconds: 0.201473712921143 

[1] 201

NOTE: Log Print Time:  2021-11-06 08:42:35 
NOTE: Elapsed Time in seconds: 0.00268292427062988 

[1] "{\"uuid\":\"479cc356-04d1-408f-a20d-01089988dfbf\",\"side\":\"bid\",\"ord_type\":\"limit\",\"price\":\"74190000.0\",\"state\":\"wait\",\"market\":\"KRW-BTC\",\"created_at\":\"2021-11-06T08:42:35+09:00\",\"volume\":\"0.00032612\",\"remaining_volume\":\"0.00032612\",\"reserved_fee\":\"12.0974214\",\"remaining_fee\":\"12.0974214\",\"paid_fee\":\"0.0\",\"locked\":\"24206.9402214\",\"executed_volume\":\"0.0\",\"trades_count\":0}"

NOTE: Log Print Time:  2021-11-06 08:42:35 
NOTE: Elapsed Time in seconds: 0.00385308265686035 

market=KRW-CRO&side=bid&volume=82.5499966966658&price=446&ord_type=limit 

NOTE: Log Print Time:  2021-11-06 08:42:36 
NOTE: Elapsed Time in seconds: 0.427468538284302 

[1] 201

NOTE: Log Print Time:  2021-11-06 08:42:36 
NOTE: Elapsed Time in seconds: 0.00274109840393066 

[1] "{\"uuid\":\"6333b2bf-b261-4a6f-8c82-bea618b0a614\",\"side\":\"bid\",\"ord_type\":\"limit\",\"price\":\"446.0\",\"state\":\"wait\",\"market\":\"KRW-CRO\",\"created_at\":\"2021-11-06T08:42:36+09:00\",\"volume\":\"82.54999669\",\"remaining_volume\":\"82.54999669\",\"reserved_fee\":\"18.40864926187\",\"remaining_fee\":\"18.40864926187\",\"paid_fee\":\"0.0\",\"locked\":\"36835.70717300187\",\"executed_volume\":\"0.0\",\"trades_count\":0}"

NOTE: Log Print Time:  2021-11-06 08:42:36 
NOTE: Elapsed Time in seconds: 0.00381088256835938 

market=KRW-ETH&side=bid&volume=0.00202012286518473&price=5440000&ord_type=limit 

NOTE: Log Print Time:  2021-11-06 08:42:36 
NOTE: Elapsed Time in seconds: 0.432786226272583 

[1] 201

NOTE: Log Print Time:  2021-11-06 08:42:36 
NOTE: Elapsed Time in seconds: 0.00407075881958008 

[1] "{\"uuid\":\"b5701177-35c0-44b9-b273-f806d083a5bb\",\"side\":\"bid\",\"ord_type\":\"limit\",\"price\":\"5440000.0\",\"state\":\"wait\",\"market\":\"KRW-ETH\",\"created_at\":\"2021-11-06T08:42:36+09:00\",\"volume\":\"0.00202012\",\"remaining_volume\":\"0.00202012\",\"reserved_fee\":\"5.4947264\",\"remaining_fee\":\"5.4947264\",\"paid_fee\":\"0.0\",\"locked\":\"10994.9475264\",\"executed_volume\":\"0.0\",\"trades_count\":0}"

NOTE: Log Print Time:  2021-11-06 08:42:36 
NOTE: Elapsed Time in seconds: 0.00582504272460938 

market=KRW-MANA&side=bid&volume=184.962785347966&price=3185&ord_type=limit 

NOTE: Log Print Time:  2021-11-06 08:42:36 
NOTE: Elapsed Time in seconds: 0.450114011764526 

[1] 201

NOTE: Log Print Time:  2021-11-06 08:42:36 
NOTE: Elapsed Time in seconds: 0.00445342063903809 

[1] "{\"uuid\":\"2d06eb9f-8a2b-41ec-8bb2-1b580effdfcf\",\"side\":\"bid\",\"ord_type\":\"limit\",\"price\":\"3185.0\",\"state\":\"wait\",\"market\":\"KRW-MANA\",\"created_at\":\"2021-11-06T08:42:36+09:00\",\"volume\":\"184.96278534\",\"remaining_volume\":\"184.96278534\",\"reserved_fee\":\"294.55323565395\",\"remaining_fee\":\"294.55323565395\",\"paid_fee\":\"0.0\",\"locked\":\"589401.02454355395\",\"executed_volume\":\"0.0\",\"trades_count\":0}"

NOTE: Log Print Time:  2021-11-06 08:42:36 
NOTE: Elapsed Time in seconds: 0.0068049430847168 

market=KRW-SAND&side=bid&volume=68.7930942544286&price=3110&ord_type=limit 

NOTE: Log Print Time:  2021-11-06 08:42:37 
NOTE: Elapsed Time in seconds: 0.429210662841797 

[1] 201

NOTE: Log Print Time:  2021-11-06 08:42:37 
NOTE: Elapsed Time in seconds: 0.00561976432800293 

[1] "{\"uuid\":\"758f7603-48f3-449a-a5d7-c8e9b2175759\",\"side\":\"bid\",\"ord_type\":\"limit\",\"price\":\"3110.0\",\"state\":\"wait\",\"market\":\"KRW-SAND\",\"created_at\":\"2021-11-06T08:42:37+09:00\",\"volume\":\"68.79309425\",\"remaining_volume\":\"68.79309425\",\"reserved_fee\":\"106.97326155875\",\"remaining_fee\":\"106.97326155875\",\"paid_fee\":\"0.0\",\"locked\":\"214053.49637905875\",\"executed_volume\":\"0.0\",\"trades_count\":0}"

NOTE: Log Print Time:  2021-11-06 08:42:37 
NOTE: Elapsed Time in seconds: 0.00892972946166992 

market=KRW-WAXP&side=bid&volume=2487.37970718725&price=653&ord_type=limit 

NOTE: Log Print Time:  2021-11-06 08:42:37 
NOTE: Elapsed Time in seconds: 0.461003065109253 

[1] 201

NOTE: Log Print Time:  2021-11-06 08:42:37 
NOTE: Elapsed Time in seconds: 0.00598740577697754 

[1] "{\"uuid\":\"f78a00b3-55a9-49c3-a508-8ba609d513e5\",\"side\":\"bid\",\"ord_type\":\"limit\",\"price\":\"653.0\",\"state\":\"wait\",\"market\":\"KRW-WAXP\",\"created_at\":\"2021-11-06T08:42:37+09:00\",\"volume\":\"2487.37970718\",\"remaining_volume\":\"2487.37970718\",\"reserved_fee\":\"812.12947439427\",\"remaining_fee\":\"812.12947439427\",\"paid_fee\":\"0.0\",\"locked\":\"1625071.07826293427\",\"executed_volume\":\"0.0\",\"trades_count\":0}"

NOTE: Log Print Time:  2021-11-06 08:42:37 
NOTE: Elapsed Time in seconds: 0.00889825820922852 

