========================================================================= 
Log Path: /home/pi/stockInfoCrawler/StockTradebot/log/logcoinLog.2021-10-18.log 
Working Directory: /home/pi/stockInfoCrawler/StockTradebot/Rscript 
User Name: pi 
R Version: 3.6.2 (2019-12-12) 
Machine: raspberrypi armv7l 
Operating System: Linux 5.10.60-v7+ #1449 SMP Wed Aug 25 15:00:01 BST 2021 
Log Start Time: 2021-10-18 07:00:38 
========================================================================= 

market=KRW-ADA&side=bid&volume=129.52355577574&price=2655&ord_type=limit 

NOTE: Log Print Time:  2021-10-18 07:00:38 
NOTE: Elapsed Time in seconds: 0.2193922996521 

[1] 201

NOTE: Log Print Time:  2021-10-18 07:00:38 
NOTE: Elapsed Time in seconds: 0.00311899185180664 

[1] "{\"uuid\":\"61322158-3526-4158-bef7-9afdae395cb3\",\"side\":\"bid\",\"ord_type\":\"limit\",\"price\":\"2655.0\",\"state\":\"wait\",\"market\":\"KRW-ADA\",\"created_at\":\"2021-10-18T07:00:38+09:00\",\"volume\":\"129.52355577\",\"remaining_volume\":\"129.52355577\",\"reserved_fee\":\"171.942520284675\",\"remaining_fee\":\"171.942520284675\",\"paid_fee\":\"0.0\",\"locked\":\"344056.983089634675\",\"executed_volume\":\"0.0\",\"trades_count\":0}"

NOTE: Log Print Time:  2021-10-18 07:00:38 
NOTE: Elapsed Time in seconds: 0.00452280044555664 

market=KRW-BTC&side=bid&volume=0.0720012522738102&price=75175000&ord_type=limit 

NOTE: Log Print Time:  2021-10-18 07:00:38 
NOTE: Elapsed Time in seconds: 0.418781995773315 

[1] 201

NOTE: Log Print Time:  2021-10-18 07:00:38 
NOTE: Elapsed Time in seconds: 0.00325417518615723 

[1] "{\"uuid\":\"12d22bfa-9af8-4a67-a81e-030f4730b918\",\"side\":\"bid\",\"ord_type\":\"limit\",\"price\":\"75175000.0\",\"state\":\"wait\",\"market\":\"KRW-BTC\",\"created_at\":\"2021-10-18T07:00:38+09:00\",\"volume\":\"0.07200125\",\"remaining_volume\":\"0.07200125\",\"reserved_fee\":\"2706.346984375\",\"remaining_fee\":\"2706.346984375\",\"paid_fee\":\"0.0\",\"locked\":\"5415400.315734375\",\"executed_volume\":\"0.0\",\"trades_count\":0}"

NOTE: Log Print Time:  2021-10-18 07:00:38 
NOTE: Elapsed Time in seconds: 0.00453448295593262 

market=KRW-ETH&side=bid&volume=0.451587364548385&price=4673000&ord_type=limit 

NOTE: Log Print Time:  2021-10-18 07:00:39 
NOTE: Elapsed Time in seconds: 0.426695108413696 

[1] 201

NOTE: Log Print Time:  2021-10-18 07:00:39 
NOTE: Elapsed Time in seconds: 0.00306320190429688 

[1] "{\"uuid\":\"731f0e9d-ab27-4bee-ba38-0ec02f9a487f\",\"side\":\"bid\",\"ord_type\":\"limit\",\"price\":\"4673000.0\",\"state\":\"wait\",\"market\":\"KRW-ETH\",\"created_at\":\"2021-10-18T07:00:39+09:00\",\"volume\":\"0.45158736\",\"remaining_volume\":\"0.45158736\",\"reserved_fee\":\"1055.13386664\",\"remaining_fee\":\"1055.13386664\",\"paid_fee\":\"0.0\",\"locked\":\"2111322.86714664\",\"executed_volume\":\"0.0\",\"trades_count\":0}"

NOTE: Log Print Time:  2021-10-18 07:00:39 
NOTE: Elapsed Time in seconds: 0.0044550895690918 

market=KRW-HUM&side=bid&volume=2543.2893464196&price=210&ord_type=limit 

NOTE: Log Print Time:  2021-10-18 07:00:39 
NOTE: Elapsed Time in seconds: 0.433228492736816 

[1] 201

NOTE: Log Print Time:  2021-10-18 07:00:39 
NOTE: Elapsed Time in seconds: 0.00307488441467285 

[1] "{\"uuid\":\"cf85790e-32b1-467b-8cee-1968736bdb17\",\"side\":\"bid\",\"ord_type\":\"limit\",\"price\":\"210.0\",\"state\":\"wait\",\"market\":\"KRW-HUM\",\"created_at\":\"2021-10-18T07:00:39+09:00\",\"volume\":\"2543.28934641\",\"remaining_volume\":\"2543.28934641\",\"reserved_fee\":\"267.04538137305\",\"remaining_fee\":\"267.04538137305\",\"paid_fee\":\"0.0\",\"locked\":\"534357.80812747305\",\"executed_volume\":\"0.0\",\"trades_count\":0}"

NOTE: Log Print Time:  2021-10-18 07:00:39 
NOTE: Elapsed Time in seconds: 0.00460624694824219 

market=KRW-OMG&side=bid&volume=31.3433546213683&price=17040&ord_type=limit 

NOTE: Log Print Time:  2021-10-18 07:00:40 
NOTE: Elapsed Time in seconds: 0.497611999511719 

[1] 201

NOTE: Log Print Time:  2021-10-18 07:00:40 
NOTE: Elapsed Time in seconds: 0.00308561325073242 

[1] "{\"uuid\":\"4638d28f-9d5f-4f02-bced-a63ce152490b\",\"side\":\"bid\",\"ord_type\":\"limit\",\"price\":\"17040.0\",\"state\":\"wait\",\"market\":\"KRW-OMG\",\"created_at\":\"2021-10-18T07:00:40+09:00\",\"volume\":\"31.34335462\",\"remaining_volume\":\"31.34335462\",\"reserved_fee\":\"267.0453813624\",\"remaining_fee\":\"267.0453813624\",\"paid_fee\":\"0.0\",\"locked\":\"534357.8081061624\",\"executed_volume\":\"0.0\",\"trades_count\":0}"

NOTE: Log Print Time:  2021-10-18 07:00:40 
NOTE: Elapsed Time in seconds: 0.00440526008605957 

market=KRW-SOL&side=bid&volume=2.3223597984377&price=196250&ord_type=limit 

NOTE: Log Print Time:  2021-10-18 07:00:40 
NOTE: Elapsed Time in seconds: 0.43809986114502 

[1] 400

NOTE: Log Print Time:  2021-10-18 07:00:40 
NOTE: Elapsed Time in seconds: 0.00309300422668457 

{"error":{"message":"주문가능한 금액(KRW)이 부족합니다.","name":"insufficient_funds_bid"}} 

NOTE: Log Print Time:  2021-10-18 07:00:40 
NOTE: Elapsed Time in seconds: 0.00292634963989258 

market=KRW-XRP&side=bid&volume=179.242672001497&price=1345&ord_type=limit 

NOTE: Log Print Time:  2021-10-18 07:00:41 
NOTE: Elapsed Time in seconds: 0.401508092880249 

[1] 400

NOTE: Log Print Time:  2021-10-18 07:00:41 
NOTE: Elapsed Time in seconds: 0.00314640998840332 

{"error":{"message":"주문가능한 금액(KRW)이 부족합니다.","name":"insufficient_funds_bid"}} 

NOTE: Log Print Time:  2021-10-18 07:00:41 
NOTE: Elapsed Time in seconds: 0.0028984546661377 

========================================================================= 
Log End Time: 2021-10-18 07:00:41 
Log Elapsed Time: 0 00:00:03 
========================================================================= 
