========================================================================= 
Log Path: /home/pi/stockInfoCrawler/StockTradebot/log/logcoinLog.2021-10-21.log 
Working Directory: /home/pi/stockInfoCrawler/StockTradebot/Rscript 
User Name: pi 
R Version: 3.6.2 (2019-12-12) 
Machine: raspberrypi armv7l 
Operating System: Linux 5.10.60-v7+ #1449 SMP Wed Aug 25 15:00:01 BST 2021 
Log Start Time: 2021-10-21 07:10:10 
========================================================================= 

market=KRW-HUM&side=bid&volume=745.495414652957&price=339&ord_type=limit 

NOTE: Log Print Time:  2021-10-21 07:10:11 
NOTE: Elapsed Time in seconds: 0.172151565551758 

[1] 201

NOTE: Log Print Time:  2021-10-21 07:10:11 
NOTE: Elapsed Time in seconds: 0.00314426422119141 

[1] "{\"uuid\":\"94f7134f-ba50-45fc-8ae1-3ea458145292\",\"side\":\"bid\",\"ord_type\":\"limit\",\"price\":\"339.0\",\"state\":\"wait\",\"market\":\"KRW-HUM\",\"created_at\":\"2021-10-21T07:10:11+09:00\",\"volume\":\"745.49541465\",\"remaining_volume\":\"745.49541465\",\"reserved_fee\":\"126.361472783175\",\"remaining_fee\":\"126.361472783175\",\"paid_fee\":\"0.0\",\"locked\":\"252849.307039133175\",\"executed_volume\":\"0.0\",\"trades_count\":0}"

NOTE: Log Print Time:  2021-10-21 07:10:11 
NOTE: Elapsed Time in seconds: 0.00436568260192871 

market=KRW-QKC&side=bid&volume=59017.9645030329&price=36.2&ord_type=limit 

NOTE: Log Print Time:  2021-10-21 07:10:11 
NOTE: Elapsed Time in seconds: 0.442769289016724 

[1] 201

NOTE: Log Print Time:  2021-10-21 07:10:11 
NOTE: Elapsed Time in seconds: 0.00334262847900391 

[1] "{\"uuid\":\"58ac5029-bda9-4af8-90a5-525f880ce8a1\",\"side\":\"bid\",\"ord_type\":\"limit\",\"price\":\"36.2\",\"state\":\"wait\",\"market\":\"KRW-QKC\",\"created_at\":\"2021-10-21T07:10:11+09:00\",\"volume\":\"59017.96450303\",\"remaining_volume\":\"59017.96450303\",\"reserved_fee\":\"1068.225157504843\",\"remaining_fee\":\"1068.225157504843\",\"paid_fee\":\"0.0\",\"locked\":\"2137518.540167190843\",\"executed_volume\":\"0.0\",\"trades_count\":0}"

NOTE: Log Print Time:  2021-10-21 07:10:11 
NOTE: Elapsed Time in seconds: 0.00460362434387207 

market=KRW-STPT&side=bid&volume=7073.96361857364&price=196&ord_type=limit 

NOTE: Log Print Time:  2021-10-21 07:10:12 
NOTE: Elapsed Time in seconds: 0.438271045684814 

[1] 201

NOTE: Log Print Time:  2021-10-21 07:10:12 
NOTE: Elapsed Time in seconds: 0.0037386417388916 

[1] "{\"uuid\":\"bc1d857c-5a63-4e80-a906-b675b3c64d0a\",\"side\":\"bid\",\"ord_type\":\"limit\",\"price\":\"196.0\",\"state\":\"wait\",\"market\":\"KRW-STPT\",\"created_at\":\"2021-10-21T07:10:11+09:00\",\"volume\":\"7073.96361857\",\"remaining_volume\":\"7073.96361857\",\"reserved_fee\":\"693.24843461986\",\"remaining_fee\":\"693.24843461986\",\"paid_fee\":\"0.0\",\"locked\":\"1387190.11767433986\",\"executed_volume\":\"0.0\",\"trades_count\":0}"

NOTE: Log Print Time:  2021-10-21 07:10:12 
NOTE: Elapsed Time in seconds: 0.00539088249206543 

market=KRW-STX&side=bid&volume=507.532815316868&price=2860&ord_type=limit 

NOTE: Log Print Time:  2021-10-21 07:10:12 
NOTE: Elapsed Time in seconds: 0.413410663604736 

[1] 400

NOTE: Log Print Time:  2021-10-21 07:10:12 
NOTE: Elapsed Time in seconds: 0.00412654876708984 

{"error":{"message":"주문가능한 금액(KRW)이 부족합니다.","name":"insufficient_funds_bid"}} 

NOTE: Log Print Time:  2021-10-21 07:10:12 
NOTE: Elapsed Time in seconds: 0.00383543968200684 

========================================================================= 
Log End Time: 2021-10-21 07:10:12 
Log Elapsed Time: 0 00:00:01 
========================================================================= 
