========================================================================= 
Log Path: /home/pi/stockInfoCrawler/StockTradebot/log/logcoinLog.2021-11-14.log 
Working Directory: /home/pi/stockInfoCrawler/StockTradebot/Rscript 
User Name: pi 
R Version: 3.6.2 (2019-12-12) 
Machine: raspberrypi armv7l 
Operating System: Linux 5.10.60-v7+ #1449 SMP Wed Aug 25 15:00:01 BST 2021 
Log Start Time: 2021-11-14 13:46:55 
========================================================================= 

market=KRW-ADA&side=bid&volume=75.6209246007822&price=2480&ord_type=limit 

NOTE: Log Print Time:  2021-11-14 13:46:55 
NOTE: Elapsed Time in seconds: 0.217884302139282 

[1] 201

NOTE: Log Print Time:  2021-11-14 13:46:55 
NOTE: Elapsed Time in seconds: 0.00301551818847656 

[1] "{\"uuid\":\"f4870b03-b9d3-4f48-8528-89c6a2fdabed\",\"side\":\"bid\",\"ord_type\":\"limit\",\"price\":\"2480.0\",\"state\":\"wait\",\"market\":\"KRW-ADA\",\"created_at\":\"2021-11-14T13:46:55+09:00\",\"volume\":\"75.6209246\",\"remaining_volume\":\"75.6209246\",\"reserved_fee\":\"93.769946504\",\"remaining_fee\":\"93.769946504\",\"paid_fee\":\"0.0\",\"locked\":\"187633.662954504\",\"executed_volume\":\"0.0\",\"trades_count\":0}"

NOTE: Log Print Time:  2021-11-14 13:46:55 
NOTE: Elapsed Time in seconds: 0.00432586669921875 

market=KRW-BTC&side=bid&volume=0.0428694665209931&price=78680000&ord_type=limit 

NOTE: Log Print Time:  2021-11-14 13:46:56 
NOTE: Elapsed Time in seconds: 0.423101186752319 

[1] 201

NOTE: Log Print Time:  2021-11-14 13:46:56 
NOTE: Elapsed Time in seconds: 0.00310397148132324 

[1] "{\"uuid\":\"49c8295b-5301-4561-bcf0-e9f8cdee35f6\",\"side\":\"bid\",\"ord_type\":\"limit\",\"price\":\"78680000.0\",\"state\":\"wait\",\"market\":\"KRW-BTC\",\"created_at\":\"2021-11-14T13:46:56+09:00\",\"volume\":\"0.04286946\",\"remaining_volume\":\"0.04286946\",\"reserved_fee\":\"1686.4845564\",\"remaining_fee\":\"1686.4845564\",\"paid_fee\":\"0.0\",\"locked\":\"3374655.5973564\",\"executed_volume\":\"0.0\",\"trades_count\":0}"

NOTE: Log Print Time:  2021-11-14 13:46:56 
NOTE: Elapsed Time in seconds: 0.0042731761932373 

market=KRW-CRO&side=bid&volume=2014.8380256721&price=501&ord_type=limit 

NOTE: Log Print Time:  2021-11-14 13:46:56 
NOTE: Elapsed Time in seconds: 0.570331335067749 

[1] 201

NOTE: Log Print Time:  2021-11-14 13:46:56 
NOTE: Elapsed Time in seconds: 0.00521612167358398 

[1] "{\"uuid\":\"76d38754-50aa-405a-bf9b-b5ce7199af21\",\"side\":\"bid\",\"ord_type\":\"limit\",\"price\":\"501.0\",\"state\":\"wait\",\"market\":\"KRW-CRO\",\"created_at\":\"2021-11-14T13:46:56+09:00\",\"volume\":\"2014.83802567\",\"remaining_volume\":\"2014.83802567\",\"reserved_fee\":\"504.716925430335\",\"remaining_fee\":\"504.716925430335\",\"paid_fee\":\"0.0\",\"locked\":\"1009938.567786100335\",\"executed_volume\":\"0.0\",\"trades_count\":0}"

NOTE: Log Print Time:  2021-11-14 13:46:56 
NOTE: Elapsed Time in seconds: 0.00797700881958008 

market=KRW-ETH&side=bid&volume=0.268065775065778&price=5631000&ord_type=limit 

NOTE: Log Print Time:  2021-11-14 13:46:57 
NOTE: Elapsed Time in seconds: 0.506986856460571 

[1] 201

NOTE: Log Print Time:  2021-11-14 13:46:57 
NOTE: Elapsed Time in seconds: 0.00524067878723145 

[1] "{\"uuid\":\"285af2ca-981f-4c97-bf07-4c3de45c4354\",\"side\":\"bid\",\"ord_type\":\"limit\",\"price\":\"5631000.0\",\"state\":\"wait\",\"market\":\"KRW-ETH\",\"created_at\":\"2021-11-14T13:46:57+09:00\",\"volume\":\"0.26806577\",\"remaining_volume\":\"0.26806577\",\"reserved_fee\":\"754.739175435\",\"remaining_fee\":\"754.739175435\",\"paid_fee\":\"0.0\",\"locked\":\"1510233.090045435\",\"executed_volume\":\"0.0\",\"trades_count\":0}"

NOTE: Log Print Time:  2021-11-14 13:46:57 
NOTE: Elapsed Time in seconds: 0.0077965259552002 

market=KRW-SOL&side=bid&volume=0.70195414382495&price=288600&ord_type=limit 

NOTE: Log Print Time:  2021-11-14 13:46:57 
NOTE: Elapsed Time in seconds: 0.433363914489746 

[1] 201

NOTE: Log Print Time:  2021-11-14 13:46:57 
NOTE: Elapsed Time in seconds: 0.00405287742614746 

[1] "{\"uuid\":\"152bf0e4-47fa-439a-a355-a9c5acc4dd7c\",\"side\":\"bid\",\"ord_type\":\"limit\",\"price\":\"288600.0\",\"state\":\"wait\",\"market\":\"KRW-SOL\",\"created_at\":\"2021-11-14T13:46:57+09:00\",\"volume\":\"0.70195414\",\"remaining_volume\":\"0.70195414\",\"reserved_fee\":\"101.291982402\",\"remaining_fee\":\"101.291982402\",\"paid_fee\":\"0.0\",\"locked\":\"202685.256786402\",\"executed_volume\":\"0.0\",\"trades_count\":0}"

NOTE: Log Print Time:  2021-11-14 13:46:57 
NOTE: Elapsed Time in seconds: 0.00612783432006836 

market=KRW-WAXP&side=bid&volume=1427.77065185534&price=707&ord_type=limit 

NOTE: Log Print Time:  2021-11-14 13:46:58 
NOTE: Elapsed Time in seconds: 0.442768096923828 

[1] 201

NOTE: Log Print Time:  2021-11-14 13:46:58 
NOTE: Elapsed Time in seconds: 0.0041356086730957 

[1] "{\"uuid\":\"122e0281-ce93-4fd0-88e3-825223d7eefd\",\"side\":\"bid\",\"ord_type\":\"limit\",\"price\":\"707.0\",\"state\":\"wait\",\"market\":\"KRW-WAXP\",\"created_at\":\"2021-11-14T13:46:58+09:00\",\"volume\":\"1427.77065185\",\"remaining_volume\":\"1427.77065185\",\"reserved_fee\":\"504.716925428975\",\"remaining_fee\":\"504.716925428975\",\"paid_fee\":\"0.0\",\"locked\":\"1009938.567783378975\",\"executed_volume\":\"0.0\",\"trades_count\":0}"

NOTE: Log Print Time:  2021-11-14 13:46:58 
NOTE: Elapsed Time in seconds: 0.00632905960083008 

market=KRW-XRP&side=bid&volume=108.02925036679&price=1440&ord_type=limit 

NOTE: Log Print Time:  2021-11-14 13:46:58 
NOTE: Elapsed Time in seconds: 0.433295011520386 

[1] 201

NOTE: Log Print Time:  2021-11-14 13:46:58 
NOTE: Elapsed Time in seconds: 0.0245132446289062 

[1] "{\"uuid\":\"9cd9cc7e-c16f-4a3c-b1d4-20df927ec204\",\"side\":\"bid\",\"ord_type\":\"limit\",\"price\":\"1440.0\",\"state\":\"wait\",\"market\":\"KRW-XRP\",\"created_at\":\"2021-11-14T13:46:58+09:00\",\"volume\":\"108.02925036\",\"remaining_volume\":\"108.02925036\",\"reserved_fee\":\"77.7810602592\",\"remaining_fee\":\"77.7810602592\",\"paid_fee\":\"0.0\",\"locked\":\"155639.9015786592\",\"executed_volume\":\"0.0\",\"trades_count\":0}"

NOTE: Log Print Time:  2021-11-14 13:46:58 
NOTE: Elapsed Time in seconds: 0.00608277320861816 

