========================================================================= 
Log Path: /home/pi/stockInfoCrawler/StockTradebot/log/logcoinLog.2021-11-24.log 
Working Directory: /home/pi/stockInfoCrawler/StockTradebot/Rscript 
User Name: pi 
R Version: 3.6.2 (2019-12-12) 
Machine: raspberrypi armv7l 
Operating System: Linux 5.10.60-v7+ #1449 SMP Wed Aug 25 15:00:01 BST 2021 
Log Start Time: 2021-11-24 20:33:42 
========================================================================= 

market=KRW-BORA&side=bid&volume=838.990982602406&price=1575&ord_type=limit 

NOTE: Log Print Time:  2021-11-24 20:33:42 
NOTE: Elapsed Time in seconds: 0.287386894226074 

[1] 201

NOTE: Log Print Time:  2021-11-24 20:33:42 
NOTE: Elapsed Time in seconds: 0.00278353691101074 

[1] "{\"uuid\":\"1f77e392-a2a2-48fa-8c98-3b4c05e1b0d2\",\"side\":\"bid\",\"ord_type\":\"limit\",\"price\":\"1575.0\",\"state\":\"wait\",\"market\":\"KRW-BORA\",\"created_at\":\"2021-11-24T20:33:42+09:00\",\"volume\":\"838.9909826\",\"remaining_volume\":\"838.9909826\",\"reserved_fee\":\"660.7053987975\",\"remaining_fee\":\"660.7053987975\",\"paid_fee\":\"0.0\",\"locked\":\"1322071.5029937975\",\"executed_volume\":\"0.0\",\"trades_count\":0}"

NOTE: Log Print Time:  2021-11-24 20:33:42 
NOTE: Elapsed Time in seconds: 0.0038611888885498 

market=KRW-BTC&side=ask&volume=0.000669208518340718&price=70586000&ord_type=limit 

NOTE: Log Print Time:  2021-11-24 20:33:43 
NOTE: Elapsed Time in seconds: 0.420815706253052 

[1] 201

NOTE: Log Print Time:  2021-11-24 20:33:43 
NOTE: Elapsed Time in seconds: 0.00329160690307617 

[1] "{\"uuid\":\"2724ce50-f50b-4c0d-b991-d2d561d098d5\",\"side\":\"ask\",\"ord_type\":\"limit\",\"price\":\"70586000.0\",\"state\":\"wait\",\"market\":\"KRW-BTC\",\"created_at\":\"2021-11-24T20:33:43+09:00\",\"volume\":\"0.0006692\",\"remaining_volume\":\"0.0006692\",\"reserved_fee\":\"0.0\",\"remaining_fee\":\"0.0\",\"paid_fee\":\"0.0\",\"locked\":\"0.0006692\",\"executed_volume\":\"0.0\",\"trades_count\":0}"

NOTE: Log Print Time:  2021-11-24 20:33:43 
NOTE: Elapsed Time in seconds: 0.00432896614074707 

market=KRW-CRO&side=bid&volume=1162.43898162448&price=1135&ord_type=limit 

NOTE: Log Print Time:  2021-11-24 20:33:43 
NOTE: Elapsed Time in seconds: 0.474053144454956 

[1] 201

NOTE: Log Print Time:  2021-11-24 20:33:43 
NOTE: Elapsed Time in seconds: 0.00494480133056641 

[1] "{\"uuid\":\"79ce7fe5-a322-46b5-9792-8c16757bf889\",\"side\":\"bid\",\"ord_type\":\"limit\",\"price\":\"1135.0\",\"state\":\"wait\",\"market\":\"KRW-CRO\",\"created_at\":\"2021-11-24T20:33:43+09:00\",\"volume\":\"1162.43898162\",\"remaining_volume\":\"1162.43898162\",\"reserved_fee\":\"659.68412206935\",\"remaining_fee\":\"659.68412206935\",\"paid_fee\":\"0.0\",\"locked\":\"1320027.92826076935\",\"executed_volume\":\"0.0\",\"trades_count\":0}"

NOTE: Log Print Time:  2021-11-24 20:33:43 
NOTE: Elapsed Time in seconds: 0.00710034370422363 

market=KRW-ETH&side=ask&volume=0.00400615859407571&price=5342000&ord_type=limit 

NOTE: Log Print Time:  2021-11-24 20:33:44 
NOTE: Elapsed Time in seconds: 0.4235999584198 

[1] 201

NOTE: Log Print Time:  2021-11-24 20:33:44 
NOTE: Elapsed Time in seconds: 0.00568985939025879 

[1] "{\"uuid\":\"97d91697-1c6d-4f6f-b2e6-e3126b234d1c\",\"side\":\"ask\",\"ord_type\":\"limit\",\"price\":\"5342000.0\",\"state\":\"wait\",\"market\":\"KRW-ETH\",\"created_at\":\"2021-11-24T20:33:44+09:00\",\"volume\":\"0.00400615\",\"remaining_volume\":\"0.00400615\",\"reserved_fee\":\"0.0\",\"remaining_fee\":\"0.0\",\"paid_fee\":\"0.0\",\"locked\":\"0.00400615\",\"executed_volume\":\"0.0\",\"trades_count\":0}"

NOTE: Log Print Time:  2021-11-24 20:33:44 
NOTE: Elapsed Time in seconds: 0.00697851181030273 

market=KRW-MANA&side=bid&volume=183.379234872995&price=6140&ord_type=limit 

NOTE: Log Print Time:  2021-11-24 20:33:44 
NOTE: Elapsed Time in seconds: 0.567639589309692 

[1] 201

NOTE: Log Print Time:  2021-11-24 20:33:44 
NOTE: Elapsed Time in seconds: 0.00626921653747559 

[1] "{\"uuid\":\"dba9670a-626e-4c0f-adf1-c2e9ae49f2ee\",\"side\":\"bid\",\"ord_type\":\"limit\",\"price\":\"6140.0\",\"state\":\"wait\",\"market\":\"KRW-MANA\",\"created_at\":\"2021-11-24T20:33:44+09:00\",\"volume\":\"183.37923487\",\"remaining_volume\":\"183.37923487\",\"reserved_fee\":\"562.9742510509\",\"remaining_fee\":\"562.9742510509\",\"paid_fee\":\"0.0\",\"locked\":\"1126511.4763528509\",\"executed_volume\":\"0.0\",\"trades_count\":0}"

NOTE: Log Print Time:  2021-11-24 20:33:44 
NOTE: Elapsed Time in seconds: 0.00905704498291016 

market=KRW-SAND&side=bid&volume=162.399372593682&price=8580&ord_type=limit 

NOTE: Log Print Time:  2021-11-24 20:33:45 
NOTE: Elapsed Time in seconds: 0.575767993927002 

[1] 201

NOTE: Log Print Time:  2021-11-24 20:33:45 
NOTE: Elapsed Time in seconds: 0.0054631233215332 

[1] "{\"uuid\":\"7b89e4bb-1cc0-4a0e-b430-95d8b3a622d5\",\"side\":\"bid\",\"ord_type\":\"limit\",\"price\":\"8580.0\",\"state\":\"wait\",\"market\":\"KRW-SAND\",\"created_at\":\"2021-11-24T20:33:45+09:00\",\"volume\":\"162.39937259\",\"remaining_volume\":\"162.39937259\",\"reserved_fee\":\"696.6933084111\",\"remaining_fee\":\"696.6933084111\",\"paid_fee\":\"0.0\",\"locked\":\"1394083.3101306111\",\"executed_volume\":\"0.0\",\"trades_count\":0}"

NOTE: Log Print Time:  2021-11-24 20:33:45 
NOTE: Elapsed Time in seconds: 0.00787949562072754 

