========================================================================= 
Log Path: /home/pi/stockInfoCrawler/StockTradebot/log/logcoinLog.2021-12-21.log 
Working Directory: /home/pi/stockInfoCrawler/StockTradebot/Rscript 
User Name: pi 
R Version: 3.6.2 (2019-12-12) 
Machine: raspberrypi armv7l 
Operating System: Linux 5.10.60-v7+ #1449 SMP Wed Aug 25 15:00:01 BST 2021 
Log Start Time: 2021-12-21 21:00:34 
========================================================================= 

market=KRW-ADA&side=bid&volume=9.49021433116334&price=1550&ord_type=limit 

NOTE: Log Print Time:  2021-12-21 21:00:34 
NOTE: Elapsed Time in seconds: 0.222675085067749 

[1] 201

NOTE: Log Print Time:  2021-12-21 21:00:34 
NOTE: Elapsed Time in seconds: 0.00246119499206543 

[1] "{\"uuid\":\"2169c724-3069-4399-bd30-d9acd9b859ce\",\"side\":\"bid\",\"ord_type\":\"limit\",\"price\":\"1550.0\",\"state\":\"wait\",\"market\":\"KRW-ADA\",\"created_at\":\"2021-12-21T21:00:34+09:00\",\"volume\":\"9.49021433\",\"remaining_volume\":\"9.49021433\",\"reserved_fee\":\"7.35491610575\",\"remaining_fee\":\"7.35491610575\",\"paid_fee\":\"0.0\",\"locked\":\"14717.18712760575\",\"executed_volume\":\"0.0\",\"trades_count\":0}"

NOTE: Log Print Time:  2021-12-21 21:00:34 
NOTE: Elapsed Time in seconds: 0.00358772277832031 

market=KRW-BTC&side=bid&volume=0.00539727562888215&price=59999000&ord_type=limit 

NOTE: Log Print Time:  2021-12-21 21:00:34 
NOTE: Elapsed Time in seconds: 0.424416065216064 

[1] 201

NOTE: Log Print Time:  2021-12-21 21:00:34 
NOTE: Elapsed Time in seconds: 0.00245118141174316 

[1] "{\"uuid\":\"3e9cfaa0-e162-45ad-b5a0-85c6b6348230\",\"side\":\"bid\",\"ord_type\":\"limit\",\"price\":\"59999000.0\",\"state\":\"wait\",\"market\":\"KRW-BTC\",\"created_at\":\"2021-12-21T21:00:34+09:00\",\"volume\":\"0.00539727\",\"remaining_volume\":\"0.00539727\",\"reserved_fee\":\"161.915401365\",\"remaining_fee\":\"161.915401365\",\"paid_fee\":\"0.0\",\"locked\":\"323992.718131365\",\"executed_volume\":\"0.0\",\"trades_count\":0}"

NOTE: Log Print Time:  2021-12-21 21:00:34 
NOTE: Elapsed Time in seconds: 0.00348949432373047 

market=KRW-ETH&side=bid&volume=0.0337222038507659&price=4943000&ord_type=limit 

NOTE: Log Print Time:  2021-12-21 21:00:35 
NOTE: Elapsed Time in seconds: 0.455268144607544 

[1] 201

NOTE: Log Print Time:  2021-12-21 21:00:35 
NOTE: Elapsed Time in seconds: 0.00488758087158203 

[1] "{\"uuid\":\"97f6e649-d14a-4b02-b0e0-7ee4b354e25d\",\"side\":\"bid\",\"ord_type\":\"limit\",\"price\":\"4943000.0\",\"state\":\"wait\",\"market\":\"KRW-ETH\",\"created_at\":\"2021-12-21T21:00:35+09:00\",\"volume\":\"0.0337222\",\"remaining_volume\":\"0.0337222\",\"reserved_fee\":\"83.3444173\",\"remaining_fee\":\"83.3444173\",\"paid_fee\":\"0.0\",\"locked\":\"166772.1790173\",\"executed_volume\":\"0.0\",\"trades_count\":0}"

NOTE: Log Print Time:  2021-12-21 21:00:35 
NOTE: Elapsed Time in seconds: 0.00733828544616699 

market=KRW-SOL&side=bid&volume=0.0863586623761803&price=220750&ord_type=limit 

NOTE: Log Print Time:  2021-12-21 21:00:35 
NOTE: Elapsed Time in seconds: 0.458132028579712 

[1] 201

NOTE: Log Print Time:  2021-12-21 21:00:35 
NOTE: Elapsed Time in seconds: 0.00317502021789551 

[1] "{\"uuid\":\"8c3910cc-1730-4d52-8150-93f75489c838\",\"side\":\"bid\",\"ord_type\":\"limit\",\"price\":\"220750.0\",\"state\":\"wait\",\"market\":\"KRW-SOL\",\"created_at\":\"2021-12-21T21:00:35+09:00\",\"volume\":\"0.08635866\",\"remaining_volume\":\"0.08635866\",\"reserved_fee\":\"9.5318370975\",\"remaining_fee\":\"9.5318370975\",\"paid_fee\":\"0.0\",\"locked\":\"19073.2060320975\",\"executed_volume\":\"0.0\",\"trades_count\":0}"

NOTE: Log Print Time:  2021-12-21 21:00:35 
NOTE: Elapsed Time in seconds: 0.00463747978210449 

market=KRW-XRP&side=bid&volume=16.6541730759457&price=1095&ord_type=limit 

NOTE: Log Print Time:  2021-12-21 21:00:36 
NOTE: Elapsed Time in seconds: 0.439375877380371 

[1] 201

NOTE: Log Print Time:  2021-12-21 21:00:36 
NOTE: Elapsed Time in seconds: 0.00423574447631836 

[1] "{\"uuid\":\"e5cf2459-8d49-439b-845c-2e9dc18b508b\",\"side\":\"bid\",\"ord_type\":\"limit\",\"price\":\"1095.0\",\"state\":\"wait\",\"market\":\"KRW-XRP\",\"created_at\":\"2021-12-21T21:00:36+09:00\",\"volume\":\"16.65417307\",\"remaining_volume\":\"16.65417307\",\"reserved_fee\":\"9.118159755825\",\"remaining_fee\":\"9.118159755825\",\"paid_fee\":\"0.0\",\"locked\":\"18245.437671405825\",\"executed_volume\":\"0.0\",\"trades_count\":0}"

NOTE: Log Print Time:  2021-12-21 21:00:36 
NOTE: Elapsed Time in seconds: 0.00654458999633789 

