========================================================================= 
Log Path: /home/pi/stockInfoCrawler/StockTradebot/log/logcoinLog.2022-01-22.log 
Working Directory: /home/pi/stockInfoCrawler/StockTradebot/Rscript 
User Name: pi 
R Version: 3.6.2 (2019-12-12) 
Machine: raspberrypi armv7l 
Operating System: Linux 5.10.60-v7+ #1449 SMP Wed Aug 25 15:00:01 BST 2021 
Log Start Time: 2022-01-22 15:32:39 
========================================================================= 

CURRENT BALANCE 

NOTE: Log Print Time:  2022-01-22 15:32:39 
NOTE: Elapsed Time in seconds: 0.00213885307312012 

   currency  balance locked avg_buy_price avg_buy_price_modified unit_currency
1:      KRW 21705600    0.0             0                   TRUE           KRW

NOTE: Data frame has 1 rows and 6 columns. 

NOTE: Log Print Time:  2022-01-22 15:32:39 
NOTE: Elapsed Time in seconds: 0.131350517272949 

CURRENT COIN PRICE 

NOTE: Log Print Time:  2022-01-22 15:32:39 
NOTE: Elapsed Time in seconds: 0.00481677055358887 

