========================================================================= 
Log Path: /home/pi/stockInfoCrawler/StockTradebot/log/logcoinLog.2021-12-16.log 
Working Directory: /home/pi/stockInfoCrawler/StockTradebot/Rscript 
User Name: pi 
R Version: 3.6.2 (2019-12-12) 
Machine: raspberrypi armv7l 
Operating System: Linux 5.10.60-v7+ #1449 SMP Wed Aug 25 15:00:01 BST 2021 
Log Start Time: 2021-12-16 21:00:38 
========================================================================= 

market=KRW-ADA&side=bid&volume=5.36982494336208&price=1645&ord_type=limit 

NOTE: Log Print Time:  2021-12-16 21:00:39 
NOTE: Elapsed Time in seconds: 0.227098703384399 

[1] 201

NOTE: Log Print Time:  2021-12-16 21:00:39 
NOTE: Elapsed Time in seconds: 0.0024724006652832 

[1] "{\"uuid\":\"878cf688-fbff-4d9c-a175-8e8987d4ceab\",\"side\":\"bid\",\"ord_type\":\"limit\",\"price\":\"1645.0\",\"state\":\"wait\",\"market\":\"KRW-ADA\",\"created_at\":\"2021-12-16T21:00:39+09:00\",\"volume\":\"5.36982494\",\"remaining_volume\":\"5.36982494\",\"reserved_fee\":\"4.41668101315\",\"remaining_fee\":\"4.41668101315\",\"paid_fee\":\"0.0\",\"locked\":\"8837.77870731315\",\"executed_volume\":\"0.0\",\"trades_count\":0}"

NOTE: Log Print Time:  2021-12-16 21:00:39 
NOTE: Elapsed Time in seconds: 0.00340771675109863 

market=KRW-BTC&side=bid&volume=0.00279891024735778&price=61214000&ord_type=limit 

NOTE: Log Print Time:  2021-12-16 21:00:39 
NOTE: Elapsed Time in seconds: 0.456642627716064 

[1] 201

NOTE: Log Print Time:  2021-12-16 21:00:39 
NOTE: Elapsed Time in seconds: 0.0023195743560791 

[1] "{\"uuid\":\"e2441f5a-37e7-4278-9930-6dd8ab4fe3e2\",\"side\":\"bid\",\"ord_type\":\"limit\",\"price\":\"61214000.0\",\"state\":\"wait\",\"market\":\"KRW-BTC\",\"created_at\":\"2021-12-16T21:00:39+09:00\",\"volume\":\"0.00279891\",\"remaining_volume\":\"0.00279891\",\"reserved_fee\":\"85.66623837\",\"remaining_fee\":\"85.66623837\",\"paid_fee\":\"0.0\",\"locked\":\"171418.14297837\",\"executed_volume\":\"0.0\",\"trades_count\":0}"

NOTE: Log Print Time:  2021-12-16 21:00:39 
NOTE: Elapsed Time in seconds: 0.00339722633361816 

market=KRW-CRO&side=bid&volume=55.6599722044878&price=708&ord_type=limit 

NOTE: Log Print Time:  2021-12-16 21:00:40 
NOTE: Elapsed Time in seconds: 0.46114444732666 

[1] 201

NOTE: Log Print Time:  2021-12-16 21:00:40 
NOTE: Elapsed Time in seconds: 0.00269079208374023 

[1] "{\"uuid\":\"57d49a5a-83b1-4539-a331-a5894fe313bc\",\"side\":\"bid\",\"ord_type\":\"limit\",\"price\":\"708.0\",\"state\":\"wait\",\"market\":\"KRW-CRO\",\"created_at\":\"2021-12-16T21:00:40+09:00\",\"volume\":\"55.6599722\",\"remaining_volume\":\"55.6599722\",\"reserved_fee\":\"19.7036301588\",\"remaining_fee\":\"19.7036301588\",\"paid_fee\":\"0.0\",\"locked\":\"39426.9639477588\",\"executed_volume\":\"0.0\",\"trades_count\":0}"

NOTE: Log Print Time:  2021-12-16 21:00:40 
NOTE: Elapsed Time in seconds: 0.00640034675598145 

market=KRW-ETH&side=bid&volume=0.0175257303298159&price=5067000&ord_type=limit 

NOTE: Log Print Time:  2021-12-16 21:00:40 
NOTE: Elapsed Time in seconds: 0.45045280456543 

[1] 201

NOTE: Log Print Time:  2021-12-16 21:00:40 
NOTE: Elapsed Time in seconds: 0.00472068786621094 

[1] "{\"uuid\":\"700d533d-134b-4426-b53b-1efa56081f5f\",\"side\":\"bid\",\"ord_type\":\"limit\",\"price\":\"5067000.0\",\"state\":\"wait\",\"market\":\"KRW-ETH\",\"created_at\":\"2021-12-16T21:00:40+09:00\",\"volume\":\"0.01752573\",\"remaining_volume\":\"0.01752573\",\"reserved_fee\":\"44.401436955\",\"remaining_fee\":\"44.401436955\",\"paid_fee\":\"0.0\",\"locked\":\"88847.275346955\",\"executed_volume\":\"0.0\",\"trades_count\":0}"

NOTE: Log Print Time:  2021-12-16 21:00:40 
NOTE: Elapsed Time in seconds: 0.00707340240478516 

market=KRW-MATIC&side=bid&volume=14.2707848364357&price=2725&ord_type=limit 

NOTE: Log Print Time:  2021-12-16 21:00:41 
NOTE: Elapsed Time in seconds: 0.465224266052246 

[1] 201

NOTE: Log Print Time:  2021-12-16 21:00:41 
NOTE: Elapsed Time in seconds: 0.00363039970397949 

[1] "{\"uuid\":\"2b6625e1-21aa-4602-b889-b745422798b5\",\"side\":\"bid\",\"ord_type\":\"limit\",\"price\":\"2725.0\",\"state\":\"wait\",\"market\":\"KRW-MATIC\",\"created_at\":\"2021-12-16T21:00:40+09:00\",\"volume\":\"14.27078483\",\"remaining_volume\":\"14.27078483\",\"reserved_fee\":\"19.443944330875\",\"remaining_fee\":\"19.443944330875\",\"paid_fee\":\"0.0\",\"locked\":\"38907.332606080875\",\"executed_volume\":\"0.0\",\"trades_count\":0}"

NOTE: Log Print Time:  2021-12-16 21:00:41 
NOTE: Elapsed Time in seconds: 0.00576353073120117 

market=KRW-SAND&side=bid&volume=5.97371225133953&price=6560&ord_type=limit 

NOTE: Log Print Time:  2021-12-16 21:00:41 
NOTE: Elapsed Time in seconds: 0.432010650634766 

[1] 201

NOTE: Log Print Time:  2021-12-16 21:00:41 
NOTE: Elapsed Time in seconds: 0.00371384620666504 

[1] "{\"uuid\":\"b222f2af-38cf-4188-817d-5162d6eaf6fc\",\"side\":\"bid\",\"ord_type\":\"limit\",\"price\":\"6560.0\",\"state\":\"wait\",\"market\":\"KRW-SAND\",\"created_at\":\"2021-12-16T21:00:41+09:00\",\"volume\":\"5.97371225\",\"remaining_volume\":\"5.97371225\",\"reserved_fee\":\"19.59377618\",\"remaining_fee\":\"19.59377618\",\"paid_fee\":\"0.0\",\"locked\":\"39207.14613618\",\"executed_volume\":\"0.0\",\"trades_count\":0}"

NOTE: Log Print Time:  2021-12-16 21:00:41 
NOTE: Elapsed Time in seconds: 0.00554847717285156 

market=KRW-SOL&side=bid&volume=0.0504842863786891&price=231400&ord_type=limit 

NOTE: Log Print Time:  2021-12-16 21:00:41 
NOTE: Elapsed Time in seconds: 0.500419616699219 

[1] 201

NOTE: Log Print Time:  2021-12-16 21:00:41 
NOTE: Elapsed Time in seconds: 0.00417280197143555 

[1] "{\"uuid\":\"5cd869fa-0633-4642-8ee7-71a423d0a524\",\"side\":\"bid\",\"ord_type\":\"limit\",\"price\":\"231400.0\",\"state\":\"wait\",\"market\":\"KRW-SOL\",\"created_at\":\"2021-12-16T21:00:41+09:00\",\"volume\":\"0.05048428\",\"remaining_volume\":\"0.05048428\",\"reserved_fee\":\"5.841031196\",\"remaining_fee\":\"5.841031196\",\"paid_fee\":\"0.0\",\"locked\":\"11687.903423196\",\"executed_volume\":\"0.0\",\"trades_count\":0}"

NOTE: Log Print Time:  2021-12-16 21:00:41 
NOTE: Elapsed Time in seconds: 0.00621914863586426 

market=KRW-STX&side=bid&volume=13.9319638148887&price=2810&ord_type=limit 

NOTE: Log Print Time:  2021-12-16 21:00:42 
NOTE: Elapsed Time in seconds: 0.455316781997681 

[1] 201

NOTE: Log Print Time:  2021-12-16 21:00:42 
NOTE: Elapsed Time in seconds: 0.00361895561218262 

[1] "{\"uuid\":\"07077d11-b30f-46f1-ad19-a08c275a4589\",\"side\":\"bid\",\"ord_type\":\"limit\",\"price\":\"2810.0\",\"state\":\"wait\",\"market\":\"KRW-STX\",\"created_at\":\"2021-12-16T21:00:42+09:00\",\"volume\":\"13.93196381\",\"remaining_volume\":\"13.93196381\",\"reserved_fee\":\"19.57440915305\",\"remaining_fee\":\"19.57440915305\",\"paid_fee\":\"0.0\",\"locked\":\"39168.39271525305\",\"executed_volume\":\"0.0\",\"trades_count\":0}"

NOTE: Log Print Time:  2021-12-16 21:00:42 
NOTE: Elapsed Time in seconds: 0.00559115409851074 

market=KRW-XRP&side=bid&volume=7.52690444141331&price=1035&ord_type=limit 

NOTE: Log Print Time:  2021-12-16 21:00:42 
NOTE: Elapsed Time in seconds: 0.432325601577759 

[1] 201

NOTE: Log Print Time:  2021-12-16 21:00:42 
NOTE: Elapsed Time in seconds: 0.00282549858093262 

[1] "{\"uuid\":\"f00ebc2f-3958-4309-9495-6852a3b68650\",\"side\":\"bid\",\"ord_type\":\"limit\",\"price\":\"1035.0\",\"state\":\"wait\",\"market\":\"KRW-XRP\",\"created_at\":\"2021-12-16T21:00:42+09:00\",\"volume\":\"7.52690444\",\"remaining_volume\":\"7.52690444\",\"reserved_fee\":\"3.8951730477\",\"remaining_fee\":\"3.8951730477\",\"paid_fee\":\"0.0\",\"locked\":\"7794.2412684477\",\"executed_volume\":\"0.0\",\"trades_count\":0}"

NOTE: Log Print Time:  2021-12-16 21:00:42 
NOTE: Elapsed Time in seconds: 0.0042724609375 

market=KRW-XTZ&side=bid&volume=6.85158290447054&price=5690&ord_type=limit 

NOTE: Log Print Time:  2021-12-16 21:00:43 
NOTE: Elapsed Time in seconds: 0.474112987518311 

[1] 201

NOTE: Log Print Time:  2021-12-16 21:00:43 
NOTE: Elapsed Time in seconds: 0.00322151184082031 

[1] "{\"uuid\":\"5591ac1d-a747-437b-9ae5-b2d34f2fdc0a\",\"side\":\"bid\",\"ord_type\":\"limit\",\"price\":\"5690.0\",\"state\":\"wait\",\"market\":\"KRW-XTZ\",\"created_at\":\"2021-12-16T21:00:43+09:00\",\"volume\":\"6.8515829\",\"remaining_volume\":\"6.8515829\",\"reserved_fee\":\"19.4927533505\",\"remaining_fee\":\"19.4927533505\",\"paid_fee\":\"0.0\",\"locked\":\"39004.9994543505\",\"executed_volume\":\"0.0\",\"trades_count\":0}"

NOTE: Log Print Time:  2021-12-16 21:00:43 
NOTE: Elapsed Time in seconds: 0.00445175170898438 

