========================================================================= 
Log Path: /home/pi/stockInfoCrawler/StockTradebot/log/logcoinLog.2021-12-15.log 
Working Directory: /home/pi/stockInfoCrawler/StockTradebot/Rscript 
User Name: pi 
R Version: 3.6.2 (2019-12-12) 
Machine: raspberrypi armv7l 
Operating System: Linux 5.10.60-v7+ #1449 SMP Wed Aug 25 15:00:01 BST 2021 
Log Start Time: 2021-12-15 21:00:07 
========================================================================= 

CURRENT BALANCE 

NOTE: Log Print Time:  2021-12-15 21:00:07 
NOTE: Elapsed Time in seconds: 0.00342202186584473 

    currency      balance        locked avg_buy_price avg_buy_price_modified
 1:      KRW 1.710588e+07           0.0  0.000000e+00                   TRUE
 2:      ADA 1.019733e+02           0.0  1.794085e+03                  FALSE
 3:      BTC 5.762281e-02           0.0  6.411444e+07                  FALSE
 4:      BTT 3.173063e+03 6954.65417284  3.663800e+00                  FALSE
 5:     DOGE 1.000000e-08           0.0  2.360000e+02                  FALSE
 6:      EOS 2.562031e+00           0.0  4.160000e+03                  FALSE
 7:      ETH 3.625057e-01           0.0  5.115798e+06                  FALSE
 8:    MATIC 4.319556e+00           0.0  2.405000e+03                  FALSE
 9:     SAND 1.820877e+00           0.0  5.930000e+03                  FALSE
10:      SOL 9.384965e-01           0.0  2.359664e+05                  FALSE
11:      XRP 1.435646e+02           0.0  1.084525e+03                  FALSE
12:      XTZ 1.951492e+00           0.0  5.600000e+03                  FALSE
    unit_currency
 1:           KRW
 2:           KRW
 3:           KRW
 4:           KRW
 5:           KRW
 6:           KRW
 7:           KRW
 8:           KRW
 9:           KRW
10:           KRW
11:           KRW
12:           KRW

NOTE: Data frame has 12 rows and 6 columns. 

NOTE: Log Print Time:  2021-12-15 21:00:09 
NOTE: Elapsed Time in seconds: 1.33015751838684 

CURRENT COIN PRICE 

NOTE: Log Print Time:  2021-12-15 21:00:09 
NOTE: Elapsed Time in seconds: 0.00502133369445801 

[1] "Error in eval(jsub, SDenv, parent.frame()) : object 'market' not found\nCalls: createOrderTable ... getCurrentUpbitPrice -> [ -> [.data.table -> eval -> eval\n"

NOTE: Log Print Time:  2021-12-15 21:00:37 
NOTE: Elapsed Time in seconds: 28.7370052337646 

