========================================================================= 
Log Path: /home/pi/stockInfoCrawler/StockTradebot/log/logcoinLog.2021-12-04.log 
Working Directory: /home/pi/stockInfoCrawler/StockTradebot/Rscript 
User Name: pi 
R Version: 3.6.2 (2019-12-12) 
Machine: raspberrypi armv7l 
Operating System: Linux 5.10.60-v7+ #1449 SMP Wed Aug 25 15:00:01 BST 2021 
Log Start Time: 2021-12-04 18:00:39 
========================================================================= 

market=KRW-ADA&side=bid&volume=36.771808068523&price=1745&ord_type=limit 

NOTE: Log Print Time:  2021-12-04 18:00:40 
NOTE: Elapsed Time in seconds: 0.218300104141235 

[1] 201

NOTE: Log Print Time:  2021-12-04 18:00:40 
NOTE: Elapsed Time in seconds: 0.00243592262268066 

[1] "{\"uuid\":\"24623b7e-6f07-4091-b990-2e06c5a7c383\",\"side\":\"bid\",\"ord_type\":\"limit\",\"price\":\"1745.0\",\"state\":\"wait\",\"market\":\"KRW-ADA\",\"created_at\":\"2021-12-04T18:00:40+09:00\",\"volume\":\"36.77180806\",\"remaining_volume\":\"36.77180806\",\"reserved_fee\":\"32.08340253235\",\"remaining_fee\":\"32.08340253235\",\"paid_fee\":\"0.0\",\"locked\":\"64198.88846723235\",\"executed_volume\":\"0.0\",\"trades_count\":0}"

NOTE: Log Print Time:  2021-12-04 18:00:40 
NOTE: Elapsed Time in seconds: 0.00345587730407715 

market=KRW-BORA&side=ask&volume=765.517402567408&price=1090&ord_type=limit 

NOTE: Log Print Time:  2021-12-04 18:00:40 
NOTE: Elapsed Time in seconds: 0.422626495361328 

[1] 201

NOTE: Log Print Time:  2021-12-04 18:00:40 
NOTE: Elapsed Time in seconds: 0.00233173370361328 

[1] "{\"uuid\":\"a60c3ceb-0a19-4057-82e9-cc5c59fc3052\",\"side\":\"ask\",\"ord_type\":\"limit\",\"price\":\"1090.0\",\"state\":\"wait\",\"market\":\"KRW-BORA\",\"created_at\":\"2021-12-04T18:00:40+09:00\",\"volume\":\"765.51740256\",\"remaining_volume\":\"765.51740256\",\"reserved_fee\":\"0.0\",\"remaining_fee\":\"0.0\",\"paid_fee\":\"0.0\",\"locked\":\"765.51740256\",\"executed_volume\":\"0.0\",\"trades_count\":0}"

NOTE: Log Print Time:  2021-12-04 18:00:40 
NOTE: Elapsed Time in seconds: 0.00352954864501953 

market=KRW-BTC&side=bid&volume=0.0203170264191358&price=60925000&ord_type=limit 

NOTE: Log Print Time:  2021-12-04 18:00:40 
NOTE: Elapsed Time in seconds: 0.433803796768188 

[1] 201

NOTE: Log Print Time:  2021-12-04 18:00:40 
NOTE: Elapsed Time in seconds: 0.002899169921875 

[1] "{\"uuid\":\"2a0747e4-36da-4aea-aff2-b060ee360e43\",\"side\":\"bid\",\"ord_type\":\"limit\",\"price\":\"60925000.0\",\"state\":\"wait\",\"market\":\"KRW-BTC\",\"created_at\":\"2021-12-04T18:00:40+09:00\",\"volume\":\"0.02031702\",\"remaining_volume\":\"0.02031702\",\"reserved_fee\":\"618.90722175\",\"remaining_fee\":\"618.90722175\",\"paid_fee\":\"0.0\",\"locked\":\"1238433.35072175\",\"executed_volume\":\"0.0\",\"trades_count\":0}"

NOTE: Log Print Time:  2021-12-04 18:00:40 
NOTE: Elapsed Time in seconds: 0.00437688827514648 

market=KRW-CRO&side=ask&volume=1521.71417146&price=705&ord_type=limit 

NOTE: Log Print Time:  2021-12-04 18:00:41 
NOTE: Elapsed Time in seconds: 0.425153970718384 

[1] 201

NOTE: Log Print Time:  2021-12-04 18:00:41 
NOTE: Elapsed Time in seconds: 0.0032660961151123 

[1] "{\"uuid\":\"eff6ea6b-5505-42b4-b10d-56455dbf3950\",\"side\":\"ask\",\"ord_type\":\"limit\",\"price\":\"705.0\",\"state\":\"wait\",\"market\":\"KRW-CRO\",\"created_at\":\"2021-12-04T18:00:41+09:00\",\"volume\":\"1521.71417146\",\"remaining_volume\":\"1521.71417146\",\"reserved_fee\":\"0.0\",\"remaining_fee\":\"0.0\",\"paid_fee\":\"0.0\",\"locked\":\"1521.71417146\",\"executed_volume\":\"0.0\",\"trades_count\":0}"

NOTE: Log Print Time:  2021-12-04 18:00:41 
NOTE: Elapsed Time in seconds: 0.00444889068603516 

market=KRW-ETH&side=bid&volume=0.129306672412778&price=5030000&ord_type=limit 

NOTE: Log Print Time:  2021-12-04 18:00:41 
NOTE: Elapsed Time in seconds: 0.461889982223511 

[1] 201

NOTE: Log Print Time:  2021-12-04 18:00:41 
NOTE: Elapsed Time in seconds: 0.0153863430023193 

[1] "{\"uuid\":\"30804e9b-fd6a-4cdf-a9fd-560fd82f2d60\",\"side\":\"bid\",\"ord_type\":\"limit\",\"price\":\"5030000.0\",\"state\":\"wait\",\"market\":\"KRW-ETH\",\"created_at\":\"2021-12-04T18:00:41+09:00\",\"volume\":\"0.12930667\",\"remaining_volume\":\"0.12930667\",\"reserved_fee\":\"325.20627505\",\"remaining_fee\":\"325.20627505\",\"paid_fee\":\"0.0\",\"locked\":\"650737.75637505\",\"executed_volume\":\"0.0\",\"trades_count\":0}"

NOTE: Log Print Time:  2021-12-04 18:00:41 
NOTE: Elapsed Time in seconds: 0.00879049301147461 

market=KRW-HIVE&side=ask&volume=396.013989921089&price=2365&ord_type=limit 

NOTE: Log Print Time:  2021-12-04 18:00:42 
NOTE: Elapsed Time in seconds: 0.439812898635864 

[1] 201

NOTE: Log Print Time:  2021-12-04 18:00:42 
NOTE: Elapsed Time in seconds: 0.00460147857666016 

[1] "{\"uuid\":\"1dcc25f3-4590-41ac-b6bf-58377c6fc4af\",\"side\":\"ask\",\"ord_type\":\"limit\",\"price\":\"2365.0\",\"state\":\"wait\",\"market\":\"KRW-HIVE\",\"created_at\":\"2021-12-04T18:00:42+09:00\",\"volume\":\"396.01398992\",\"remaining_volume\":\"396.01398992\",\"reserved_fee\":\"0.0\",\"remaining_fee\":\"0.0\",\"paid_fee\":\"0.0\",\"locked\":\"396.01398992\",\"executed_volume\":\"0.0\",\"trades_count\":0}"

NOTE: Log Print Time:  2021-12-04 18:00:42 
NOTE: Elapsed Time in seconds: 0.00723004341125488 

market=KRW-MATIC&side=bid&volume=75.9585916152135&price=2460&ord_type=limit 

NOTE: Log Print Time:  2021-12-04 18:00:42 
NOTE: Elapsed Time in seconds: 0.593691110610962 

[1] 201

NOTE: Log Print Time:  2021-12-04 18:00:42 
NOTE: Elapsed Time in seconds: 0.00486230850219727 

[1] "{\"uuid\":\"d3788dac-3148-4fa1-b74b-4129469a92e6\",\"side\":\"bid\",\"ord_type\":\"limit\",\"price\":\"2460.0\",\"state\":\"wait\",\"market\":\"KRW-MATIC\",\"created_at\":\"2021-12-04T18:00:42+09:00\",\"volume\":\"75.95859161\",\"remaining_volume\":\"75.95859161\",\"reserved_fee\":\"93.4290676803\",\"remaining_fee\":\"93.4290676803\",\"paid_fee\":\"0.0\",\"locked\":\"186951.5644282803\",\"executed_volume\":\"0.0\",\"trades_count\":0}"

NOTE: Log Print Time:  2021-12-04 18:00:42 
NOTE: Elapsed Time in seconds: 0.00713109970092773 

market=KRW-MLK&side=ask&volume=418.160695642015&price=2270&ord_type=limit 

NOTE: Log Print Time:  2021-12-04 18:00:43 
NOTE: Elapsed Time in seconds: 0.465767860412598 

[1] 201

NOTE: Log Print Time:  2021-12-04 18:00:43 
NOTE: Elapsed Time in seconds: 0.00474953651428223 

[1] "{\"uuid\":\"5702fa15-e0ca-4892-9eb4-03bcf00407e1\",\"side\":\"ask\",\"ord_type\":\"limit\",\"price\":\"2270.0\",\"state\":\"wait\",\"market\":\"KRW-MLK\",\"created_at\":\"2021-12-04T18:00:43+09:00\",\"volume\":\"418.16069564\",\"remaining_volume\":\"418.16069564\",\"reserved_fee\":\"0.0\",\"remaining_fee\":\"0.0\",\"paid_fee\":\"0.0\",\"locked\":\"418.16069564\",\"executed_volume\":\"0.0\",\"trades_count\":0}"

NOTE: Log Print Time:  2021-12-04 18:00:43 
NOTE: Elapsed Time in seconds: 0.00702881813049316 

market=KRW-SAND&side=ask&volume=129.473657333061&price=6705&ord_type=limit 

NOTE: Log Print Time:  2021-12-04 18:00:43 
NOTE: Elapsed Time in seconds: 0.504308938980103 

[1] 201

NOTE: Log Print Time:  2021-12-04 18:00:43 
NOTE: Elapsed Time in seconds: 0.00469326972961426 

[1] "{\"uuid\":\"4c8bce09-63bc-4785-822f-23fc32a024c6\",\"side\":\"ask\",\"ord_type\":\"limit\",\"price\":\"6705.0\",\"state\":\"wait\",\"market\":\"KRW-SAND\",\"created_at\":\"2021-12-04T18:00:43+09:00\",\"volume\":\"129.47365733\",\"remaining_volume\":\"129.47365733\",\"reserved_fee\":\"0.0\",\"remaining_fee\":\"0.0\",\"paid_fee\":\"0.0\",\"locked\":\"129.47365733\",\"executed_volume\":\"0.0\",\"trades_count\":0}"

NOTE: Log Print Time:  2021-12-04 18:00:43 
NOTE: Elapsed Time in seconds: 0.0073249340057373 

market=KRW-SOL&side=bid&volume=0.326984062538638&price=246100&ord_type=limit 

NOTE: Log Print Time:  2021-12-04 18:00:44 
NOTE: Elapsed Time in seconds: 0.48384690284729 

[1] 201

NOTE: Log Print Time:  2021-12-04 18:00:44 
NOTE: Elapsed Time in seconds: 0.00593209266662598 

[1] "{\"uuid\":\"e24a1cf8-63a7-43ab-98ba-9f674ff36e2e\",\"side\":\"bid\",\"ord_type\":\"limit\",\"price\":\"246100.0\",\"state\":\"wait\",\"market\":\"KRW-SOL\",\"created_at\":\"2021-12-04T18:00:44+09:00\",\"volume\":\"0.32698406\",\"remaining_volume\":\"0.32698406\",\"reserved_fee\":\"40.235388583\",\"remaining_fee\":\"40.235388583\",\"paid_fee\":\"0.0\",\"locked\":\"80511.012554583\",\"executed_volume\":\"0.0\",\"trades_count\":0}"

NOTE: Log Print Time:  2021-12-04 18:00:44 
NOTE: Elapsed Time in seconds: 0.00699067115783691 

market=KRW-XRP&side=bid&volume=50.1601528436329&price=992&ord_type=limit 

NOTE: Log Print Time:  2021-12-04 18:00:44 
NOTE: Elapsed Time in seconds: 0.4703049659729 

[1] 201

NOTE: Log Print Time:  2021-12-04 18:00:44 
NOTE: Elapsed Time in seconds: 0.00405502319335938 

[1] "{\"uuid\":\"44eb21c1-84b2-4b8e-a513-c7403e29b8d2\",\"side\":\"bid\",\"ord_type\":\"limit\",\"price\":\"992.0\",\"state\":\"wait\",\"market\":\"KRW-XRP\",\"created_at\":\"2021-12-04T18:00:44+09:00\",\"volume\":\"50.16015284\",\"remaining_volume\":\"50.16015284\",\"reserved_fee\":\"24.87943580864\",\"remaining_fee\":\"24.87943580864\",\"paid_fee\":\"0.0\",\"locked\":\"49783.75105308864\",\"executed_volume\":\"0.0\",\"trades_count\":0}"

NOTE: Log Print Time:  2021-12-04 18:00:44 
NOTE: Elapsed Time in seconds: 0.00717926025390625 

