Loading required package: zoo

Attaching package: ‘zoo’

The following objects are masked from ‘package:base’:

    as.Date, as.Date.numeric


Attaching package: ‘xts’

The following objects are masked from ‘package:data.table’:

    first, last

Loading required package: TTR
Registered S3 method overwritten by 'quantmod':
  method            from
  as.zoo.data.frame zoo 

Attaching package: ‘lubridate’

The following objects are masked from ‘package:data.table’:

    hour, isoweek, mday, minute, month, quarter, second, wday, week,
    yday, year

The following objects are masked from ‘package:base’:

    date, intersect, setdiff, union

$data.table
 [1] "jsonlite"   "data.table" "httr"       "stats"      "graphics"  
 [6] "grDevices"  "utils"      "datasets"   "methods"    "base"      

$xts
 [1] "xts"        "zoo"        "jsonlite"   "data.table" "httr"      
 [6] "stats"      "graphics"   "grDevices"  "utils"      "datasets"  
[11] "methods"    "base"      

$quantmod
 [1] "quantmod"   "TTR"        "xts"        "zoo"        "jsonlite"  
 [6] "data.table" "httr"       "stats"      "graphics"   "grDevices" 
[11] "utils"      "datasets"   "methods"    "base"      

$stringr
 [1] "stringr"    "quantmod"   "TTR"        "xts"        "zoo"       
 [6] "jsonlite"   "data.table" "httr"       "stats"      "graphics"  
[11] "grDevices"  "utils"      "datasets"   "methods"    "base"      

$timeDate
 [1] "timeDate"   "stringr"    "quantmod"   "TTR"        "xts"       
 [6] "zoo"        "jsonlite"   "data.table" "httr"       "stats"     
[11] "graphics"   "grDevices"  "utils"      "datasets"   "methods"   
[16] "base"      

$lubridate
 [1] "lubridate"  "timeDate"   "stringr"    "quantmod"   "TTR"       
 [6] "xts"        "zoo"        "jsonlite"   "data.table" "httr"      
[11] "stats"      "graphics"   "grDevices"  "utils"      "datasets"  
[16] "methods"    "base"      

[1] "TQQQ" "QQQ" 
   TQQQ.Adjusted QQQ.Adjusted TQQQ.Adjusted.MA.5 QQQ.Adjusted.MA.5
1:         81.52       495.94             78.948           490.408
   TQQQ.Adjusted.MA.10 QQQ.Adjusted.MA.10 TQQQ.Adjusted.MA.20
1:            76.36231            484.647            74.37623
   QQQ.Adjusted.MA.20 TQQQ.Adjusted.MA.30 QQQ.Adjusted.MA.30
1:           479.8355             71.0474           471.7952
   TQQQ.Adjusted.MA.60 QQQ.Adjusted.MA.60 TQQQ.Adjusted.MA.100
1:            64.09642           453.7608             62.32827
   QQQ.Adjusted.MA.100 TQQQ.Adjusted.MA.200 QQQ.Adjusted.MA.200
1:            447.4505              53.1674            417.3619
[1] "sendMessage: 200"
[1] "Final stock list"
   종목코드 거래소 거래소_현재가 현재가 목표금액 signal 주문구분
1:     TQQQ   NASD           NAS  81.52    15669      1       00
                종목명 보유수량 평가금액 매수통화코드
1: PROETF ULTRAPRO QQQ      191 15591.33          USD
[1] "code: TQQQ  name: PROETF ULTRAPRO QQQ  qty: 0  price: 81.5102  ordersum: 0"
[1] "skip order: qty is 0"
Error in if (nrow(buyRes) > 0) { : argument is of length zero
Execution halted
