$RPostgres
 [1] "RPostgres"  "jsonlite"   "data.table" "httr"       "stats"     
 [6] "graphics"   "grDevices"  "utils"      "datasets"   "methods"   
[11] "base"      

$DBI
 [1] "DBI"        "RPostgres"  "jsonlite"   "data.table" "httr"      
 [6] "stats"      "graphics"   "grDevices"  "utils"      "datasets"  
[11] "methods"    "base"      

$stringr
 [1] "stringr"    "DBI"        "RPostgres"  "jsonlite"   "data.table"
 [6] "httr"       "stats"      "graphics"   "grDevices"  "utils"     
[11] "datasets"   "methods"    "base"      

[1] "Number of Stocks: 15"
[1] "Total stock balance: 5.1e+07"
[1] "Selected stocks"
          일자 종목코드           종목명 시장구분     산업분류 현재가(종가)
 1: 2023-12-28   335870           윙스풋   KOSDAQ         유통         1653
 2: 2023-12-28   084870        TBH글로벌    KOSPI     섬유의복         1773
 3: 2023-12-28   098660         에스티오   KOSDAQ    섬유·의류         2210
 4: 2023-12-28   225590       패션플랫폼   KOSDAQ    섬유·의류         1244
 5: 2023-12-28   215480     토박스코리아   KOSDAQ         유통         3915
 6: 2023-12-28   217620     디딤이앤에프   KOSDAQ    숙박·음식          504
 7: 2023-12-28   246250 에스엘에스바이오   KOSDAQ   기타서비스         5160
 8: 2023-12-28   252500       세화피앤씨   KOSDAQ         화학          916
 9: 2023-12-28   204020           그리티   KOSDAQ    섬유·의류         3050
10: 2023-12-28   018680         서울제약   KOSDAQ         제약         3830
11: 2023-12-28   221800       유투바이오   KOSDAQ   기타서비스         5280
12: 2023-12-28   417180       핑거스토리   KOSDAQ 디지털컨텐츠         3250
13: 2023-12-28   290560         신시웨이   KOSDAQ   소프트웨어        11660
14: 2023-12-28   424760           벨로크   KOSDAQ 컴퓨터서비스         1484
15: 2023-12-28   028080     휴맥스홀딩스   KOSDAQ 컴퓨터서비스         4675
       시가총액 주당배당금 배당수익률 관리여부      자산  유동자산      부채
 1: 27574390566          0       0.00        - 4.170e+10 2.620e+10 1.550e+10
 2: 36979140087          0       0.00        - 1.140e+11 8.090e+10 5.100e+10
 3: 27627156960        110       4.98        - 7.530e+10 4.190e+10 4.630e+10
 4: 33136070972          0       0.00        - 1.066e+11 6.080e+10 3.200e+10
 5: 37642556655          0       0.00        - 4.050e+10 3.130e+10 7.800e+09
 6: 29104593840          0       0.00        - 6.040e+10 1.520e+10 4.740e+10
 7: 39598371480          0       0.00        - 1.180e+10 6.100e+09 5.000e+09
 8: 38001533240         10       1.09        - 4.250e+10 3.240e+10 3.900e+09
 9: 61449661500         30       0.98        - 9.770e+10 8.230e+10 2.250e+10
10: 44655191770          0       0.00        - 6.320e+10 2.600e+10 2.460e+10
11: 59596394880        125       2.37        - 5.100e+10 4.790e+10 1.720e+10
12: 53903837000          0       0.00        - 2.670e+10 2.050e+10 1.050e+10
13: 42347674160          0       0.00        - 1.730e+10 1.000e+10 5.300e+09
14: 28819282968          0       0.00        - 2.520e+10 1.820e+10 1.260e+10
15: 58799840550          0       0.00        - 9.244e+11 4.113e+11 6.321e+11
     유동부채      자본   자본금    매출액 매출총이익  영업이익 지배주주순이익
 1: 1.390e+10 2.620e+10 1.70e+09 5.160e+10  2.830e+10  3.30e+09             NA
 2: 4.310e+10 6.300e+10 1.04e+10 2.031e+11  1.171e+11  4.90e+09       4.90e+09
 3: 3.230e+10 2.890e+10 6.30e+09 7.480e+10  4.600e+10  3.00e+09       1.10e+09
 4: 1.470e+10 7.460e+10 2.70e+09 1.103e+11  7.300e+10  1.02e+10       8.40e+09
 5: 7.300e+09 3.270e+10 4.80e+09 4.900e+10  2.900e+10  3.30e+09       2.90e+09
 6: 1.620e+10 1.290e+10 5.80e+09 5.790e+10  3.070e+10 -3.40e+09             NA
 7: 2.000e+09 6.700e+09 3.40e+09 1.080e+10  4.200e+09  2.40e+09             NA
 8: 3.800e+09 3.860e+10 4.10e+09 4.070e+10  2.210e+10  6.00e+08             NA
 9: 2.030e+10 7.510e+10 1.05e+10 1.717e+11  1.026e+11  9.80e+09       6.10e+09
10: 2.090e+10 3.860e+10 5.80e+09 5.230e+10  3.240e+10  1.80e+09             NA
11: 1.460e+10 3.380e+10 1.30e+09 6.900e+10  2.660e+10  1.57e+10             NA
12: 9.500e+09 1.620e+10 1.30e+09 1.840e+10  1.840e+10  9.00e+08             NA
13: 5.000e+09 1.200e+10 1.60e+09 9.700e+09  6.600e+09  2.10e+09             NA
14: 1.230e+10 1.260e+10 3.00e+08 2.720e+10  5.600e+09  1.60e+09       5.00e+08
15: 4.034e+11 2.922e+11 6.30e+09 6.537e+11  6.537e+11  6.30e+09      -1.75e+10
    당기순이익 영업활동으로인한현금흐름 재무활동으로인한현금흐름
 1:  -1.70e+10                 4.20e+09                -9.20e+09
 2:   4.90e+09                 5.30e+09                -1.25e+10
 3:   1.10e+09                 9.00e+09                -4.60e+09
 4:   8.50e+09                 6.40e+09                -2.90e+09
 5:   3.00e+09                 2.80e+09                -4.90e+09
 6:  -9.40e+09                 2.10e+09                -9.80e+09
 7:   2.80e+09                 4.00e+09                -2.30e+09
 8:   1.40e+09                 9.00e+08                -4.00e+08
 9:   6.10e+09                 1.03e+10                -4.60e+09
10:   3.70e+09                 4.40e+09                -4.40e+09
11:   1.32e+10                 2.44e+10                -2.80e+09
12:  -2.70e+09                 1.60e+09                 6.70e+09
13:   1.80e+09                 2.00e+09                -1.80e+09
14:   2.00e+08                 4.40e+09                -2.00e+08
15:  -6.16e+10                 3.55e+10                -3.29e+10
    투자활동으로인한현금흐름 잉여현금흐름 유상증자 SIZERANK QUALITYRANK
 1:                 3.90e+09     3.80e+09       NA        8          39
 2:                -1.10e+09     2.20e+09       NA       45          14
 3:                -3.80e+09     6.30e+09       NA        9          58
 4:                -3.20e+09     4.50e+09       NA       25          49
 5:                -5.10e+09     1.60e+09       NA       49          42
 6:                 5.60e+09     1.60e+09       NA       15         105
 7:                -1.50e+09     3.50e+09       NA       62          68
 8:                -1.40e+09     8.00e+08       NA       53         103
 9:                -6.40e+09     9.90e+09       NA      185          10
10:                -5.70e+09     2.70e+09       NA       98          98
11:                -3.67e+10     2.32e+10       NA      178          19
12:                 5.00e+08     1.60e+09       NA      155          43
13:                 1.80e+09     1.60e+09       NA       82         135
14:                -2.50e+09     4.30e+09       NA       11         207
15:                -2.11e+10     3.29e+10       NA      174          45
    VALUERANK MOMENTUMRANK TOTALRANK
 1:         0            0        47
 2:         0            0        59
 3:         0            0        67
 4:         0            0        74
 5:         0            0        91
 6:         0            0       120
 7:         0            0       130
 8:         0            0       156
 9:         0            0       195
10:         0            0       196
11:         0            0       197
12:         0            0       198
13:         0            0       217
14:         0            0       218
15:         0            0       219
[1] "Final stock list"
    종목코드           종목명 보유수량 목표금액 평가금액
 1:   018680         서울제약     1030  3400000  3955200
 2:   028080     휴맥스홀딩스      731  3400000  3417425
 3:   058530       파나케이아      185        0   299700
 4:   084870        TBH글로벌     1961  3400000  3380764
 5:   098660         에스티오     1999  3400000  4337830
 6:   204020           그리티     1082  3400000  3408300
 7:   215480     토박스코리아      844  3400000  3561680
 8:   217620     디딤이앤에프     6827  3400000  3406673
 9:   221800       유투바이오      639  3400000  3393090
10:   225590       패션플랫폼     2780  3400000  3369360
11:   246250 에스엘에스바이오      607  3400000  3119980
12:   252500       세화피앤씨     3744  3400000  3414528
13:   290560         신시웨이      291  3400000  3407610
14:   335870           윙스풋     2769  3400000  4435938
15:   417180       핑거스토리     1019  3400000  3403460
16:   424760           벨로크     2355  3400000  3527790
[1] "sendMessage: 200"
[1] "sendMessage: 200"
[1] "sendMessage: 200"
[1] "sendMessage: 200"
[1] "sendMessage: 200"
[1] "sendMessage: 200"
[1] "sendMessage: 200"
[1] "sendMessage: 200"
[1] "sendMessage: 200"
[1] "sendMessage: 200"
[1] "sendMessage: 200"
[1] "sendMessage: 200"
[1] "sendMessage: 200"
[1] "sendMessage: 200"
[1] "sendMessage: 200"
[1] "sendMessage: 200"
[1] "sendMessage: 200"
[1] "Sell orders"
[1] "code: 018680  name: 서울제약  qty: -145  price: 3840  ordersum: -556800"
[1] "rc_cd: 0  msg_cd: APBK0013  msg: 주문 전송 완료 되었습니다."
[1] "code: 028080  name: 휴맥스홀딩스  qty: -4  price: 4675  ordersum: -18700"
[1] "rc_cd: 0  msg_cd: APBK0013  msg: 주문 전송 완료 되었습니다."
[1] "code: 058530  name: 파나케이아  qty: -185  price: 1620  ordersum: -299700"
[1] "rc_cd: 7  msg_cd: APBK0066  msg: 거래정지종목(주식)은 취소주문만 가능(정정불가)합니다."
[1] "code: 098660  name: 에스티오  qty: -433  price: 2170  ordersum: -939610"
[1] "rc_cd: 0  msg_cd: APBK0013  msg: 주문 전송 완료 되었습니다."
[1] "code: 204020  name: 그리티  qty: -3  price: 3150  ordersum: -9450"
[1] "rc_cd: 0  msg_cd: APBK0013  msg: 주문 전송 완료 되었습니다."
[1] "code: 215480  name: 토박스코리아  qty: -36  price: 4205  ordersum: -151380"
[1] "rc_cd: 0  msg_cd: APBK0013  msg: 주문 전송 완료 되었습니다."
[1] "code: 217620  name: 디딤이앤에프  qty: -14  price: 499  ordersum: -6986"
[1] "rc_cd: 0  msg_cd: APBK0013  msg: 주문 전송 완료 되었습니다."
[1] "code: 252500  name: 세화피앤씨  qty: -16  price: 912  ordersum: -14592"
[1] "rc_cd: 0  msg_cd: APBK0013  msg: 주문 전송 완료 되었습니다."
[1] "code: 290560  name: 신시웨이  qty: -1  price: 11710  ordersum: -11710"
[1] "rc_cd: 0  msg_cd: APBK0013  msg: 주문 전송 완료 되었습니다."
[1] "code: 335870  name: 윙스풋  qty: -647  price: 1602  ordersum: -1036494"
[1] "rc_cd: 0  msg_cd: APBK0013  msg: 주문 전송 완료 되었습니다."
[1] "code: 417180  name: 핑거스토리  qty: -2  price: 3340  ordersum: -6680"
[1] "rc_cd: 0  msg_cd: APBK0013  msg: 주문 전송 완료 되었습니다."
[1] "code: 424760  name: 벨로크  qty: -86  price: 1498  ordersum: -128828"
[1] "rc_cd: 0  msg_cd: APBK0013  msg: 주문 전송 완료 되었습니다."
[1] "sendMessage: 200"
[1] "sendMessage: 200"
[1] "sendMessage: 200"
[1] "sendMessage: 200"
[1] "sendMessage: 200"
[1] "sendMessage: 200"
[1] "sendMessage: 200"
[1] "sendMessage: 200"
[1] "sendMessage: 200"
[1] "sendMessage: 200"
[1] "sendMessage: 200"
[1] "sendMessage: 200"
[1] "sendMessage: 200"
[1] "Buy orders"
[1] "code: 084870  name: TBH글로벌  qty: 11  price: 1724  ordersum: 18964"
[1] "rc_cd: 0  msg_cd: APBK0013  msg: 주문 전송 완료 되었습니다."
[1] "code: 221800  name: 유투바이오  qty: 1  price: 5310  ordersum: 5310"
[1] "rc_cd: 0  msg_cd: APBK0013  msg: 주문 전송 완료 되었습니다."
[1] "code: 225590  name: 패션플랫폼  qty: 25  price: 1212  ordersum: 30300"
[1] "rc_cd: 0  msg_cd: APBK0013  msg: 주문 전송 완료 되었습니다."
[1] "code: 246250  name: 에스엘에스바이오  qty: 54  price: 5140  ordersum: 277560"
[1] "rc_cd: 0  msg_cd: APBK0013  msg: 주문 전송 완료 되었습니다."
[1] "sendMessage: 200"
[1] "sendMessage: 200"
[1] "sendMessage: 200"
[1] "sendMessage: 200"
[1] "sendMessage: 200"
[1] "failed stocks"
   rt_cd   msg_cd                                                  msg1   code
1:     7 APBK0066 거래정지종목(주식)은 취소주문만 가능(정정불가)합니다. 058530
    qty price idx
1: -185  1620   3
Empty data.table (0 rows and 7 cols): rt_cd,msg_cd,msg1,code,qty,price...
[1] TRUE
