=========================================================================
Log Path: ./log/script.log
Working Directory: C:/Users/vicen/Documents/Github/StockTradebot/Rscript
User Name: vicen
R Version: 4.0.3 (2020-10-10)
Machine: DESKTOP-DJHD24Q x86-64
Operating System: Windows 10 x64 build 19042
Log Start Time: 2021-10-22 07:10:08
=========================================================================

Final Table List

NOTE: Log Print Time:  2021-10-22 07:10:08
NOTE: Elapsed Time in seconds: 0.00100302696228027

     market side       volume    price ord_type
1:  KRW-BTC  bid 2.659168e-04 77502000    limit
2:  KRW-ETH  bid 1.951658e-03  5048000    limit
3:  KRW-HUM  bid 2.439905e+01      343    limit
4:  KRW-OMG  bid 1.034365e+02    18280    limit
5: KRW-STPT  bid 4.005225e+01      190    limit
6:  KRW-STX  bid 1.816321e+00     2805    limit

NOTE: Data frame has 6 rows and 5 columns.

NOTE: Log Print Time:  2021-10-22 07:10:08
NOTE: Elapsed Time in seconds: 0.00586199760437012

=========================================================================
Log End Time: 2021-10-22 07:10:08
Log Elapsed Time: 0 00:00:00
=========================================================================
