$RPostgres
 [1] "RPostgres"  "jsonlite"   "data.table" "httr"       "stats"     
 [6] "graphics"   "grDevices"  "utils"      "datasets"   "methods"   
[11] "base"      

$DBI
 [1] "DBI"        "RPostgres"  "jsonlite"   "data.table" "httr"      
 [6] "stats"      "graphics"   "grDevices"  "utils"      "datasets"  
[11] "methods"    "base"      

$stringr
 [1] "stringr"    "DBI"        "RPostgres"  "jsonlite"   "data.table"
 [6] "httr"       "stats"      "graphics"   "grDevices"  "utils"     
[11] "datasets"   "methods"    "base"      

[1] "Selected stocks"
          일자 종목코드         종목명 시장구분      산업분류 현재가(종가)
 1: 2023-02-28   333050     모코엠시스   KOSDAQ    소프트웨어         1810
 2: 2023-02-28   098660       에스티오   KOSDAQ     섬유·의류         2680
 3: 2023-02-28   225590     패션플랫폼   KOSDAQ     섬유·의류         1695
 4: 2023-02-28   215480   토박스코리아   KOSDAQ          유통         4535
 5: 2023-02-28   026040   제이에스티나   KOSDAQ      기타제조         3200
 6: 2023-02-28   344860         이노진   KOSDAQ          화학         5100
 7: 2023-02-28   335870         윙스풋   KOSDAQ          유통         3130
 8: 2023-02-28   204020         그리티   KOSDAQ     섬유·의류         2970
 9: 2023-02-28   106240   파인테크닉스   KOSDAQ        IT부품         2705
10: 2023-02-28   252500     세화피앤씨   KOSDAQ          화학         1247
11: 2023-02-28   309930 오하임아이엔티   KOSDAQ          유통         2535
12: 2023-02-28   153490     우리이앤엘   KOSDAQ        반도체         1014
13: 2023-02-28   115610       이미지스   KOSDAQ        반도체         2080
14: 2023-02-28   032580       피델릭스   KOSDAQ        반도체         1388
15: 2023-02-28   134060         이퓨쳐   KOSDAQ 출판·매체복제         5860
       시가총액 주당배당금 배당수익률 관리여부      자산  유동자산     부채
 1: 40836376540          0       0.00        - 1.520e+10 1.270e+10 7.00e+09
 2: 33502615680        110       4.10        - 6.780e+10 3.850e+10 3.90e+10
 3: 45149228535          0       0.00        - 9.640e+10 5.930e+10 3.01e+10
 4: 43603829995          0       0.00        - 4.220e+10 3.140e+10 1.08e+10
 5: 52812128000        100       3.13        - 6.070e+10 3.870e+10 1.24e+10
 6: 61353000000          0       0.00        - 6.700e+09 5.100e+09 1.30e+09
 7: 48143850860          0       0.00        - 4.100e+10 2.450e+10 2.46e+10
 8: 59837867100          0       0.00        - 9.320e+10 7.580e+10 2.35e+10
 9: 43071869185         25       0.92        - 1.179e+11 5.310e+10 4.89e+10
10: 51733528330         15       1.20        - 4.210e+10 3.130e+10 4.70e+09
11: 53803210110          0       0.00        - 4.210e+10 2.960e+10 1.47e+10
12: 52200720000          0       0.00        - 1.276e+11 1.053e+11 3.88e+10
13: 31882814080          0       0.00        - 1.550e+10 1.340e+10 4.90e+09
14: 45987304832          0       0.00        - 6.160e+10 5.550e+10 1.12e+10
15: 27947805000          0       0.00        - 2.430e+10 1.840e+10 3.40e+09
    유동부채     자본   자본금    매출액 매출총이익  영업이익 지배주주순이익
 1: 6.20e+09 8.20e+09 4.00e+08 2.630e+10   7.40e+09  3.70e+09             NA
 2: 3.27e+10 2.88e+10 6.30e+09 7.060e+10   3.99e+10  1.70e+09      1.600e+09
 3: 1.61e+10 6.63e+10 2.70e+09 1.133e+11   7.16e+10  1.22e+10      9.900e+09
 4: 1.05e+10 3.14e+10 4.80e+09 5.070e+10   2.99e+10  5.00e+09      4.500e+09
 5: 9.00e+09 4.83e+10 8.70e+09 7.700e+10   5.11e+10  3.80e+09     -7.600e+09
 6: 1.20e+09 5.40e+09 9.00e+08 9.400e+09   7.30e+09  2.40e+09             NA
 7: 2.30e+10 1.64e+10 6.00e+08 4.970e+10   2.59e+10  3.10e+09             NA
 8: 2.02e+10 6.97e+10 1.05e+10 1.378e+11   7.87e+10 -8.00e+08     -9.000e+08
 9: 2.84e+10 6.90e+10 8.00e+09 2.793e+11   5.02e+10  2.36e+10      2.471e+11
10: 4.20e+09 3.74e+10 4.10e+09 3.930e+10   2.17e+10  3.40e+09             NA
11: 6.70e+09 2.74e+10 2.10e+09 3.350e+10   2.05e+10  2.00e+09             NA
12: 3.66e+10 8.88e+10 2.57e+10 1.550e+11   4.70e+10  1.05e+10      2.170e+10
13: 3.70e+09 1.07e+10 7.70e+09 2.300e+10   6.50e+09  1.00e+09             NA
14: 9.20e+09 5.04e+10 1.66e+10 7.640e+10   2.06e+10  7.60e+09             NA
15: 1.20e+09 2.09e+10 2.40e+09 1.070e+10   7.40e+09  1.50e+09             NA
    당기순이익 영업활동으로인한현금흐름 재무활동으로인한현금흐름
 1:  3.000e+09                 4.90e+09                -1.60e+09
 2:  1.600e+09                 6.10e+09                -2.90e+09
 3:  1.010e+10                 1.14e+10                 1.28e+10
 4:  4.800e+09                 4.70e+09                -4.10e+09
 5: -7.600e+09                 5.80e+09                -8.80e+09
 6:  2.300e+09                 2.20e+09                -1.00e+08
 7:  2.000e+09                 1.70e+09                -1.00e+09
 8: -1.200e+09                 7.00e+08                -3.90e+09
 9:  2.521e+11                 1.26e+10                -7.60e+09
10:  3.500e+09                 5.50e+09                -6.00e+08
11:  2.500e+09                 4.50e+09                -1.20e+09
12:  2.170e+10                 2.59e+10                -5.40e+09
13:  1.600e+09                 4.00e+08                 9.00e+08
14:  1.090e+10                 9.80e+09                -3.10e+09
15:  2.200e+09                 2.70e+09                -1.90e+09
    투자활동으로인한현금흐름 유상증자 SIZERANK QUALITYRANK VALUERANK
 1:                 0.00e+00       NA       41          43         0
 2:                -2.00e+09       NA       15          69         0
 3:                -2.50e+10       NA       68          28         0
 4:                 1.60e+09       NA       57          42         0
 5:                 4.20e+09       NA      102          24         0
 6:                -1.50e+09       NA      145           5         0
 7:                 5.00e+08       NA       85          72         0
 8:                 2.50e+09       NA      136          31         0
 9:                -9.31e+10       NA       49         129         0
10:                -4.30e+09       NA       97          83         0
11:                -4.50e+09       NA      106          99         0
12:                -6.80e+09       NA       99         110         0
13:                 3.00e+08       NA       13         196         0
14:                -9.70e+09       NA       71         154         0
15:                -5.00e+08       NA        5         226         0
    MOMENTUMRANK TOTALRANK
 1:            0        84
 2:            0        84
 3:            0        96
 4:            0        99
 5:            0       126
 6:            0       150
 7:            0       157
 8:            0       167
 9:            0       178
10:            0       180
11:            0       205
12:            0       209
13:            0       209
14:            0       225
15:            0       231
[1] "Final stock list"
    종목코드         종목명 보유수량 목표금액 평가금액
 1:   026040   제이에스티나     1531  4266667  4822650
 2:   032580       피델릭스        0  4266667        0
 3:   054220     비츠로시스     3025        0  2174975
 4:   058530     파나케이아      185        0   299700
 5:   067920         이글루      640        0  5228800
 6:   093240     형지엘리트     2857        0  4028370
 7:   098660       에스티오     1603  4266667  4288025
 8:   106240   파인테크닉스     1818  4266667  4872240
 9:   115610       이미지스     2149  4266667  4545135
10:   134060         이퓨쳐        0  4266667        0
11:   153490     우리이앤엘        0  4266667        0
12:   204020         그리티     1244  4266667  3769320
13:   215480   토박스코리아      889  4266667  4133850
14:   225590     패션플랫폼     2264  4266667  3932568
15:   252500     세화피앤씨        0  4266667        0
16:   289010 아이스크림에듀      921        0  4991820
17:   296640       이노룰스      398        0  5894380
18:   309930 오하임아이엔티        0  4266667        0
19:   333050     모코엠시스     2466  4266667  4456062
20:   335870         윙스풋     1090  4266667  3498900
21:   344860         이노진        0  4266667        0
22:   405100         큐알티      288        0  3591360
    종목코드         종목명 보유수량 목표금액 평가금액
[1] "Sell orders"
[1] "code: 026040  name: 제이에스티나  qty: -177  price: 3150  ordersum: -557550"
[1] "rc_cd: 0  msg_cd: APBK0013  msg: 주문 전송 완료 되었습니다."
[1] "code: 054220  name: 비츠로시스  qty: -3025  price: 725  ordersum: -2193125"
[1] "rc_cd: 0  msg_cd: APBK0013  msg: 주문 전송 완료 되었습니다."
[1] "code: 058530  name: 파나케이아  qty: -185  price: 1620  ordersum: -299700"
[1] "rc_cd: 7  msg_cd: APBK0066  msg: 거래정지종목(주식)은 취소주문만 가능(정정불가)합니다."
[1] "code: 067920  name: 이글루  qty: -640  price: 8130  ordersum: -5203200"
[1] "rc_cd: 0  msg_cd: APBK0013  msg: 주문 전송 완료 되었습니다."
[1] "code: 093240  name: 형지엘리트  qty: -2857  price: 1410  ordersum: -4028370"
[1] "rc_cd: 0  msg_cd: APBK0013  msg: 주문 전송 완료 되었습니다."
[1] "code: 098660  name: 에스티오  qty: -8  price: 2675  ordersum: -21400"
[1] "rc_cd: 0  msg_cd: APBK0013  msg: 주문 전송 완료 되었습니다."
[1] "code: 106240  name: 파인테크닉스  qty: -226  price: 2680  ordersum: -605680"
[1] "rc_cd: 0  msg_cd: APBK0013  msg: 주문 전송 완료 되었습니다."
[1] "code: 115610  name: 이미지스  qty: -132  price: 2115  ordersum: -279180"
[1] "rc_cd: 0  msg_cd: APBK0013  msg: 주문 전송 완료 되었습니다."
[1] "code: 289010  name: 아이스크림에듀  qty: -921  price: 5420  ordersum: -4991820"
[1] "rc_cd: 0  msg_cd: APBK0013  msg: 주문 전송 완료 되었습니다."
[1] "code: 296640  name: 이노룰스  qty: -398  price: 14800  ordersum: -5890400"
[1] "rc_cd: 0  msg_cd: APBK0013  msg: 주문 전송 완료 되었습니다."
[1] "code: 333050  name: 모코엠시스  qty: -105  price: 1807  ordersum: -189735"
[1] "rc_cd: 0  msg_cd: APBK0013  msg: 주문 전송 완료 되었습니다."
[1] "code: 405100  name: 큐알티  qty: -288  price: 12470  ordersum: -3591360"
[1] "rc_cd: 0  msg_cd: APBK0013  msg: 주문 전송 완료 되었습니다."
Warning message:
In rbind(res, r) :
  number of columns of result is not a multiple of vector length (arg 2)
[1] "Buy orders"
[1] "code: 032580  name: 피델릭스  qty: 3069  price: 1390  ordersum: 4265910"
[1] "rc_cd: 0  msg_cd: APBK0013  msg: 주문 전송 완료 되었습니다."
[1] "code: 134060  name: 이퓨쳐  qty: 721  price: 5910  ordersum: 4261110"
[1] "rc_cd: 0  msg_cd: APBK0013  msg: 주문 전송 완료 되었습니다."
[1] "code: 153490  name: 우리이앤엘  qty: 4220  price: 1011  ordersum: 4266420"
[1] "rc_cd: 7  msg_cd: APBK0952  msg: 주문가능금액을 초과 했습니다"
[1] "code: 204020  name: 그리티  qty: 164  price: 3030  ordersum: 496920"
[1] "rc_cd: 0  msg_cd: APBK0013  msg: 주문 전송 완료 되었습니다."
[1] "code: 215480  name: 토박스코리아  qty: 28  price: 4650  ordersum: 130200"
[1] "rc_cd: 0  msg_cd: APBK0013  msg: 주문 전송 완료 되었습니다."
[1] "code: 225590  name: 패션플랫폼  qty: 192  price: 1737  ordersum: 333504"
[1] "rc_cd: 0  msg_cd: APBK0013  msg: 주문 전송 완료 되었습니다."
[1] "code: 252500  name: 세화피앤씨  qty: 3338  price: 1278  ordersum: 4265964"
[1] "rc_cd: 7  msg_cd: APBK0952  msg: 주문가능금액을 초과 했습니다"
[1] "code: 309930  name: 오하임아이엔티  qty: 1641  price: 2600  ordersum: 4266600"
[1] "rc_cd: 7  msg_cd: APBK0952  msg: 주문가능금액을 초과 했습니다"
[1] "code: 335870  name: 윙스풋  qty: 239  price: 3210  ordersum: 767190"
[1] "rc_cd: 0  msg_cd: APBK0013  msg: 주문 전송 완료 되었습니다."
[1] "code: 344860  name: 이노진  qty: 846  price: 5040  ordersum: 4263840"
[1] "rc_cd: 7  msg_cd: APBK0952  msg: 주문가능금액을 초과 했습니다"
Warning messages:
1: In rbind(res, r) :
  number of columns of result is not a multiple of vector length (arg 2)
2: In rbind(res, r) :
  number of columns of result is not a multiple of vector length (arg 2)
3: In rbind(res, r) :
  number of columns of result is not a multiple of vector length (arg 2)
4: In rbind(res, r) :
  number of columns of result is not a multiple of vector length (arg 2)
